[2024-11-21 10:52:42] local.ERROR: Undefined variable $fname (View: D:\Projects\Php\oryx\resources\views\admin\parcels\form.blade.php) {"view":{"view":"D:\\Projects\\Php\\oryx\\resources\\views/admin/parcels/form.blade.php","data":{"errors":"<pre class=sf-dump id=sf-dump-1740789054 data-indent-pad=\"  \"><span class=sf-dump-note>Illuminate\\Support\\ViewErrorBag</span> {<a class=sf-dump-ref>#1784</a><samp data-depth=1 class=sf-dump-expanded>
  #<span class=sf-dump-protected title=\"Protected property\">bags</span>: []
</samp>}
</pre><script>Sfdump(\"sf-dump-1740789054\", {\"maxDepth\":3,\"maxStringLength\":160})</script>
","item":"<pre class=sf-dump id=sf-dump-1915664668 data-indent-pad=\"  \"><span class=sf-dump-note>App\\Models\\Parcel</span> {<a class=sf-dump-ref>#1797</a><samp data-depth=1 class=sf-dump-expanded>
  #<span class=sf-dump-protected title=\"Protected property\">connection</span>: <span class=sf-dump-const>null</span>
  #<span class=sf-dump-protected title=\"Protected property\">table</span>: <span class=sf-dump-const>null</span>
  #<span class=sf-dump-protected title=\"Protected property\">primaryKey</span>: \"<span class=sf-dump-str title=\"2 characters\">id</span>\"
  #<span class=sf-dump-protected title=\"Protected property\">keyType</span>: \"<span class=sf-dump-str title=\"3 characters\">int</span>\"
  +<span class=sf-dump-public title=\"Public property\">incrementing</span>: <span class=sf-dump-const>true</span>
  #<span class=sf-dump-protected title=\"Protected property\">with</span>: []
  #<span class=sf-dump-protected title=\"Protected property\">withCount</span>: []
  +<span class=sf-dump-public title=\"Public property\">preventsLazyLoading</span>: <span class=sf-dump-const>false</span>
  #<span class=sf-dump-protected title=\"Protected property\">perPage</span>: <span class=sf-dump-num>15</span>
  +<span class=sf-dump-public title=\"Public property\">exists</span>: <span class=sf-dump-const>false</span>
  +<span class=sf-dump-public title=\"Public property\">wasRecentlyCreated</span>: <span class=sf-dump-const>false</span>
  #<span class=sf-dump-protected title=\"Protected property\">escapeWhenCastingToString</span>: <span class=sf-dump-const>false</span>
  #<span class=sf-dump-protected title=\"Protected property\">attributes</span>: []
  #<span class=sf-dump-protected title=\"Protected property\">original</span>: []
  #<span class=sf-dump-protected title=\"Protected property\">changes</span>: []
  #<span class=sf-dump-protected title=\"Protected property\">casts</span>: []
  #<span class=sf-dump-protected title=\"Protected property\">classCastCache</span>: []
  #<span class=sf-dump-protected title=\"Protected property\">attributeCastCache</span>: []
  #<span class=sf-dump-protected title=\"Protected property\">dates</span>: <span class=sf-dump-note>array:2</span> [<samp data-depth=2 class=sf-dump-compact>
    <span class=sf-dump-index>0</span> => \"<span class=sf-dump-str title=\"8 characters\">date_out</span>\"
    <span class=sf-dump-index>1</span> => \"<span class=sf-dump-str title=\"7 characters\">in_date</span>\"
  </samp>]
  #<span class=sf-dump-protected title=\"Protected property\">dateFormat</span>: <span class=sf-dump-const>null</span>
  #<span class=sf-dump-protected title=\"Protected property\">appends</span>: []
  #<span class=sf-dump-protected title=\"Protected property\">dispatchesEvents</span>: []
  #<span class=sf-dump-protected title=\"Protected property\">observables</span>: []
  #<span class=sf-dump-protected title=\"Protected property\">relations</span>: []
  #<span class=sf-dump-protected title=\"Protected property\">touches</span>: []
  +<span class=sf-dump-public title=\"Public property\">timestamps</span>: <span class=sf-dump-const>true</span>
  #<span class=sf-dump-protected title=\"Protected property\">hidden</span>: []
  #<span class=sf-dump-protected title=\"Protected property\">visible</span>: []
  #<span class=sf-dump-protected title=\"Protected property\">fillable</span>: <span class=sf-dump-note>array:23</span> [<samp data-depth=2 class=sf-dump-compact>
    <span class=sf-dump-index>0</span> => \"<span class=sf-dump-str title=\"7 characters\">user_id</span>\"
    <span class=sf-dump-index>1</span> => \"<span class=sf-dump-str title=\"12 characters\">recipient_id</span>\"
    <span class=sf-dump-index>2</span> => \"<span class=sf-dump-str title=\"4 characters\">name</span>\"
    <span class=sf-dump-index>3</span> => \"<span class=sf-dump-str title=\"5 characters\">track</span>\"
    <span class=sf-dump-index>4</span> => \"<span class=sf-dump-str title=\"6 characters\">status</span>\"
    <span class=sf-dump-index>5</span> => \"<span class=sf-dump-str title=\"7 characters\">country</span>\"
    <span class=sf-dump-index>6</span> => \"<span class=sf-dump-str title=\"11 characters\">country_out</span>\"
    <span class=sf-dump-index>7</span> => \"<span class=sf-dump-str title=\"4 characters\">city</span>\"
    <span class=sf-dump-index>8</span> => \"<span class=sf-dump-str title=\"8 characters\">city_out</span>\"
    <span class=sf-dump-index>9</span> => \"<span class=sf-dump-str title=\"10 characters\">prod_price</span>\"
    <span class=sf-dump-index>10</span> => \"<span class=sf-dump-str title=\"3 characters\">pid</span>\"
    <span class=sf-dump-index>11</span> => \"<span class=sf-dump-str title=\"6 characters\">weight</span>\"
    <span class=sf-dump-index>12</span> => \"<span class=sf-dump-str title=\"8 characters\">date_out</span>\"
    <span class=sf-dump-index>13</span> => \"<span class=sf-dump-str title=\"5 characters\">payed</span>\"
    <span class=sf-dump-index>14</span> => \"<span class=sf-dump-str title=\"6 characters\">in_fio</span>\"
    <span class=sf-dump-index>15</span> => \"<span class=sf-dump-str title=\"7 characters\">in_city</span>\"
    <span class=sf-dump-index>16</span> => \"<span class=sf-dump-str title=\"10 characters\">in_address</span>\"
    <span class=sf-dump-index>17</span> => \"<span class=sf-dump-str title=\"10 characters\">in_comment</span>\"
    <span class=sf-dump-index>18</span> => \"<span class=sf-dump-str title=\"8 characters\">in_track</span>\"
    <span class=sf-dump-index>19</span> => \"<span class=sf-dump-str title=\"7 characters\">in_date</span>\"
    <span class=sf-dump-index>20</span> => \"<span class=sf-dump-str title=\"8 characters\">in_phone</span>\"
    <span class=sf-dump-index>21</span> => \"<span class=sf-dump-str title=\"9 characters\">in_status</span>\"
    <span class=sf-dump-index>22</span> => \"<span class=sf-dump-str title=\"14 characters\">integration_id</span>\"
  </samp>]
  #<span class=sf-dump-protected title=\"Protected property\">guarded</span>: <span class=sf-dump-note>array:1</span> [<samp data-depth=2 class=sf-dump-compact>
    <span class=sf-dump-index>0</span> => \"<span class=sf-dump-str>*</span>\"
  </samp>]
  -<span class=sf-dump-private title=\"Private property defined in class:&#10;`App\\Models\\Parcel`\">originalData</span>: []
  -<span class=sf-dump-private title=\"Private property defined in class:&#10;`App\\Models\\Parcel`\">updatedData</span>: []
  -<span class=sf-dump-private title=\"Private property defined in class:&#10;`App\\Models\\Parcel`\">updating</span>: <span class=sf-dump-const>false</span>
  -<span class=sf-dump-private title=\"Private property defined in class:&#10;`App\\Models\\Parcel`\">dontKeep</span>: []
  -<span class=sf-dump-private title=\"Private property defined in class:&#10;`App\\Models\\Parcel`\">doKeep</span>: []
  #<span class=sf-dump-protected title=\"Protected property\">dirtyData</span>: []
</samp>}
</pre><script>Sfdump(\"sf-dump-1915664668\", {\"maxDepth\":3,\"maxStringLength\":160})</script>
","users":"<pre class=sf-dump id=sf-dump-1475236134 data-indent-pad=\"  \"><span class=sf-dump-note>Illuminate\\Support\\Collection</span> {<a class=sf-dump-ref>#1928</a><samp data-depth=1 class=sf-dump-expanded>
  #<span class=sf-dump-protected title=\"Protected property\">items</span>: <span class=sf-dump-note>array:226</span> [<samp data-depth=2 class=sf-dump-compact>
    \"<span class=sf-dump-key>Mauletkanovich</span>\" => \"<span class=sf-dump-str title=\"7 characters\">Yelzhan</span>\"
    \"<span class=sf-dump-key>Adylbekovna</span>\" => \"<span class=sf-dump-str title=\"5 characters\">Bakyt</span>\"
    \"<span class=sf-dump-key>Kuatovna</span>\" => \"<span class=sf-dump-str title=\"9 characters\">Yerkezhan</span>\"
    \"<span class=sf-dump-key>&#1057;&#1072;&#1084;&#1072;&#1090;&#1086;&#1074;&#1080;&#1095;</span>\" => \"<span class=sf-dump-str title=\"5 characters\">&#1052;&#1080;&#1088;&#1072;&#1089;</span>\"
    \"<span class=sf-dump-key>Kenesbekovna</span>\" => \"<span class=sf-dump-str title=\"6 characters\">Gulnar</span>\"
    \"<span class=sf-dump-key>ccccccccccc</span>\" => \"<span class=sf-dump-str title=\"8 characters\">aaaaaaaa</span>\"
    \"<span class=sf-dump-key>&#1055;&#1072;&#1074;&#1083;&#1086;&#1074;&#1080;&#1095;</span>\" => \"<span class=sf-dump-str title=\"6 characters\">&#1052;&#1080;&#1093;&#1072;&#1080;&#1083;</span>\"
    \"<span class=sf-dump-key>&#1050;&#1072;&#1081;&#1088;&#1072;&#1090;&#1082;&#1099;&#1079;&#1099;</span>\" => \"<span class=sf-dump-str title=\"7 characters\">&#1046;&#1072;&#1085;&#1072;&#1075;&#1091;&#1083;</span>\"
    \"<span class=sf-dump-key>&#1042;&#1072;&#1083;&#1077;&#1088;&#1100;&#1077;&#1074;&#1080;&#1095;</span>\" => \"<span class=sf-dump-str title=\"6 characters\">&#1052;&#1072;&#1082;&#1089;&#1080;&#1084;</span>\"
    \"<span class=sf-dump-key>&#1057;&#1072;&#1093;&#1090;&#1072;&#1088;&#1086;&#1074;&#1080;&#1095;</span>\" => \"<span class=sf-dump-str title=\"6 characters\">&#1057;&#1091;&#1083;&#1090;&#1072;&#1085;</span>\"
    \"\" => \"<span class=sf-dump-str title=\"6 characters\">&#1053;&#1201;&#1088;&#1072;&#1083;&#1080;</span>\"
    \"<span class=sf-dump-key>&#1053;&#1091;&#1088;&#1072;&#1093;&#1084;&#1077;&#1090;&#1086;&#1074;&#1085;&#1072;</span>\" => \"<span class=sf-dump-str title=\"6 characters\">&#1044;&#1080;&#1085;&#1072;&#1088;&#1072;</span>\"
    \"<span class=sf-dump-key>&#1052;&#1080;&#1093;&#1072;&#1081;&#1083;&#1086;&#1074;&#1080;&#1095;</span>\" => \"<span class=sf-dump-str title=\"7 characters\">&#1040;&#1088;&#1082;&#1072;&#1076;&#1080;&#1081;</span>\"
    \"<span class=sf-dump-key>&#1040;&#1089;&#1099;&#1083;&#1078;&#1072;&#1085;&#1086;&#1074;&#1085;&#1072;</span>\" => \"<span class=sf-dump-str title=\"5 characters\">&#1057;&#1072;&#1080;&#1076;&#1072;</span>\"
    \"<span class=sf-dump-key>&#1056;&#1072;&#1096;&#1080;&#1090;&#1086;&#1074;&#1085;&#1072;</span>\" => \"<span class=sf-dump-str title=\"5 characters\">&#1040;&#1089;&#1077;&#1083;&#1100;</span>\"
    \"<span class=sf-dump-key>&#1041;&#1072;&#1093;&#1099;&#1090;&#1082;&#1099;&#1079;&#1099;</span>\" => \"<span class=sf-dump-str title=\"5 characters\">&#1040;&#1089;&#1077;&#1083;&#1100;</span>\"
    \"<span class=sf-dump-key>&#1044;&#1078;&#1072;&#1084;&#1080;&#1083;&#1103;</span>\" => \"<span class=sf-dump-str title=\"7 characters\">&#1044;&#1078;&#1072;&#1084;&#1080;&#1083;&#1103;</span>\"
    \"<span class=sf-dump-key>&#1050;&#1091;&#1088;&#1084;&#1072;&#1085;&#1090;&#1072;&#1077;&#1074;&#1080;&#1095;</span>\" => \"<span class=sf-dump-str title=\"5 characters\">&#1040;&#1088;&#1076;&#1072;&#1082;</span>\"
    \"<span class=sf-dump-key>&#1052;&#1072;&#1082;&#1089;&#1091;&#1090;&#1093;&#1072;&#1085;&#1086;&#1074;&#1085;&#1072;</span>\" => \"<span class=sf-dump-str title=\"6 characters\">&#1050;&#1072;&#1084;&#1080;&#1083;&#1072;</span>\"
    \"<span class=sf-dump-key>&#1045;&#1088;&#1083;&#1072;&#1085;&#1086;&#1074;&#1085;&#1072;</span>\" => \"<span class=sf-dump-str title=\"5 characters\">&#1040;&#1083;&#1080;&#1085;&#1072;</span>\"
    \"<span class=sf-dump-key>&#1040;&#1083;&#1080;&#1077;&#1074;&#1085;&#1072;</span>\" => \"<span class=sf-dump-str title=\"5 characters\">&#1057;&#1072;&#1084;&#1072;&#1083;</span>\"
    \"<span class=sf-dump-key>&#1052;&#1072;&#1082;&#1089;&#1080;&#1084;&#1086;&#1074;&#1085;&#1072;</span>\" => \"<span class=sf-dump-str title=\"5 characters\">&#1045;&#1083;&#1077;&#1085;&#1072;</span>\"
    \"<span class=sf-dump-key>&#1057;&#1077;&#1088;&#1075;&#1077;&#1077;&#1074;&#1080;&#1095;</span>\" => \"<span class=sf-dump-str title=\"5 characters\">&#1047;&#1086;&#1090;&#1086;&#1074;</span>\"
    \"<span class=sf-dump-key>&#1070;&#1088;&#1100;&#1077;&#1074;&#1080;&#1095;</span>\" => \"<span class=sf-dump-str title=\"7 characters\">&#1044;&#1084;&#1080;&#1090;&#1088;&#1080;&#1081;</span>\"
    \"<span class=sf-dump-key>&#1054;&#1088;&#1072;&#1083;&#1086;&#1074;&#1085;&#1072;</span>\" => \"<span class=sf-dump-str title=\"7 characters\">&#1040;&#1081;&#1075;&#1077;&#1088;&#1080;&#1084;</span>\"
    \"<span class=sf-dump-key>wedweweeew</span>\" => \"<span class=sf-dump-str title=\"7 characters\">eweweew</span>\"
    \"<span class=sf-dump-key>&#1041;&#1077;&#1082;&#1072;&#1076;&#1080;&#1083;&#1086;&#1074;&#1085;&#1072;</span>\" => \"<span class=sf-dump-str title=\"7 characters\">&#1041;&#1072;&#1093;&#1090;&#1099;&#1083;&#1099;</span>\"
    \"<span class=sf-dump-key>&#1056;&#1091;&#1089;&#1083;&#1072;&#1085;&#1086;&#1074;&#1085;&#1072;</span>\" => \"<span class=sf-dump-str title=\"5 characters\">&#1040;&#1088;&#1091;&#1085;&#1072;</span>\"
    \"<span class=sf-dump-key>&#1053;&#1091;&#1088;&#1083;&#1072;&#1085;&#1082;&#1099;&#1079;&#1099;</span>\" => \"<span class=sf-dump-str title=\"6 characters\">&#1040;&#1082;&#1073;&#1072;&#1103;&#1085;</span>\"
    \"<span class=sf-dump-key>&#1040;&#1083;&#1077;&#1082;&#1089;&#1072;&#1085;&#1076;&#1088;&#1086;&#1074;&#1085;&#1072;</span>\" => \"<span class=sf-dump-str title=\"5 characters\">&#1052;&#1072;&#1088;&#1080;&#1103;</span>\"
    \"<span class=sf-dump-key>&#1053;&#1091;&#1088;&#1083;&#1072;&#1085;&#1086;&#1074;&#1085;&#1072;</span>\" => \"<span class=sf-dump-str title=\"5 characters\">&#1040;&#1089;&#1077;&#1083;&#1100;</span>\"
    \"<span class=sf-dump-key>Bakbergenkyzy</span>\" => \"<span class=sf-dump-str title=\"6 characters\">Aizada</span>\"
    \"<span class=sf-dump-key>&#1044;&#1078;&#1091;&#1084;&#1072;&#1078;&#1072;&#1085;&#1086;&#1074;&#1085;&#1072;</span>\" => \"<span class=sf-dump-str title=\"7 characters\">&#1040;&#1083;&#1100;&#1073;&#1080;&#1085;&#1072;</span>\"
    \"<span class=sf-dump-key>&#1052;&#1091;&#1088;&#1072;&#1090;&#1082;&#1099;&#1079;&#1099;</span>\" => \"<span class=sf-dump-str title=\"6 characters\">&#1040;&#1081;&#1076;&#1072;&#1085;&#1072;</span>\"
    \"<span class=sf-dump-key>&#1046;&#1072;&#1085;&#1072;&#1090;&#1086;&#1074;&#1085;&#1072;</span>\" => \"<span class=sf-dump-str title=\"7 characters\">&#1044;&#1080;&#1083;&#1100;&#1073;&#1072;&#1088;</span>\"
    \"<span class=sf-dump-key>Kairgazyevna</span>\" => \"<span class=sf-dump-str title=\"6 characters\">Madina</span>\"
    \"<span class=sf-dump-key>&#1046;&#1201;&#1084;&#1072;&#1089;&#1201;&#1083;&#1090;&#1072;&#1085;&#1179;&#1099;&#1079;&#1099;</span>\" => \"<span class=sf-dump-str title=\"8 characters\">&#1178;&#1086;&#1081;&#1096;&#1080;&#1077;&#1074;&#1072;</span>\"
    \"<span class=sf-dump-key>&#1040;&#1091;&#1101;&#1079;&#1179;&#1099;&#1079;&#1099;</span>\" => \"<span class=sf-dump-str title=\"5 characters\">&#1057;&#1072;&#1092;&#1080;&#1103;</span>\"
    \"<span class=sf-dump-key>&#1052;&#1072;&#1088;&#1072;&#1090;&#1086;&#1074;&#1085;&#1072;</span>\" => \"<span class=sf-dump-str title=\"6 characters\">&#1046;&#1072;&#1081;&#1085;&#1072;&#1090;</span>\"
    \"<span class=sf-dump-key>&#1050;&#1072;&#1081;&#1088;&#1091;&#1083;&#1072;&#1077;&#1074;&#1085;&#1072;</span>\" => \"<span class=sf-dump-str title=\"4 characters\">&#1040;&#1083;&#1080;&#1103;</span>\"
    \"<span class=sf-dump-key>&#1050;&#1072;&#1085;&#1072;&#1090;&#1086;&#1074;&#1085;&#1072;</span>\" => \"<span class=sf-dump-str title=\"5 characters\">&#1040;&#1081;&#1085;&#1091;&#1088;</span>\"
    \"<span class=sf-dump-key>&#1057;&#1077;&#1088;&#1080;&#1082;&#1073;&#1072;&#1077;&#1074;&#1085;&#1072;</span>\" => \"<span class=sf-dump-str title=\"9 characters\">&#1053;&#1091;&#1088;&#1073;&#1077;&#1082;&#1086;&#1074;&#1072;</span>\"
    \"<span class=sf-dump-key>&#1046;&#1072;&#1085;&#1076;&#1086;&#1089;&#1082;&#1099;&#1079;&#1099;</span>\" => \"<span class=sf-dump-str title=\"7 characters\">&#1040;&#1083;&#1100;&#1084;&#1080;&#1088;&#1072;</span>\"
    \"<span class=sf-dump-key>&#1069;&#1088;&#1080;&#1082;&#1086;&#1074;&#1080;&#1095;</span>\" => \"<span class=sf-dump-str title=\"5 characters\">&#1043;&#1072;&#1088;&#1080;&#1082;</span>\"
    \"<span class=sf-dump-key>&#1052;&#1201;&#1088;&#1072;&#1090;&#1179;&#1099;&#1079;&#1099;</span>\" => \"<span class=sf-dump-str title=\"5 characters\">&#1052;&#1201;&#1088;&#1072;&#1090;</span>\"
    \"<span class=sf-dump-key>&#1041;&#1072;&#1091;&#1088;&#1078;&#1072;&#1085;&#1086;&#1074;&#1085;&#1072;</span>\" => \"<span class=sf-dump-str title=\"7 characters\">&#1040;&#1082;&#1084;&#1072;&#1088;&#1072;&#1083;</span>\"
    \"<span class=sf-dump-key>&#1057;&#1077;&#1084;&#1105;&#1085;&#1086;&#1074;&#1085;&#1072;</span>\" => \"<span class=sf-dump-str title=\"4 characters\">&#1051;&#1086;&#1083;&#1072;</span>\"
    \"<span class=sf-dump-key>&#1058;&#1086;&#1083;&#1077;&#1075;&#1077;&#1085;&#1086;&#1074;&#1085;&#1072;</span>\" => \"<span class=sf-dump-str title=\"5 characters\">&#1057;&#1072;&#1084;&#1072;&#1083;</span>\"
    \"<span class=sf-dump-key>&#1058;&#1072;&#1083;&#1075;&#1072;&#1090;&#1086;&#1074;&#1085;&#1072;</span>\" => \"<span class=sf-dump-str title=\"6 characters\">&#1056;&#1072;&#1084;&#1080;&#1083;&#1103;</span>\"
    \"<span class=sf-dump-key>&#1050;&#1077;&#1085;&#1077;&#1089;&#1093;&#1072;&#1085;&#1086;&#1074;&#1085;&#1072;</span>\" => \"<span class=sf-dump-str title=\"7 characters\">&#1045;&#1088;&#1082;&#1077;&#1078;&#1072;&#1085;</span>\"
    \"<span class=sf-dump-key>&#1041;&#1072;&#1081;&#1076;&#1072;&#1091;&#1083;&#1077;&#1090;&#1086;&#1074;&#1085;&#1072;</span>\" => \"<span class=sf-dump-str title=\"4 characters\">&#1040;&#1089;&#1077;&#1084;</span>\"
    \"<span class=sf-dump-key>&#1053;&#1080;&#1082;&#1086;&#1083;&#1072;&#1077;&#1074;&#1085;&#1072;</span>\" => \"<span class=sf-dump-str title=\"4 characters\">&#1044;&#1072;&#1085;&#1072;</span>\"
    \"<span class=sf-dump-key>&#1041;&#1072;&#1179;&#1090;&#1099;&#1073;&#1077;&#1082;&#1179;&#1099;&#1079;&#1099;</span>\" => \"<span class=sf-dump-str title=\"5 characters\">&#1040;&#1179;&#1085;&#1201;&#1088;</span>\"
    \"<span class=sf-dump-key>&#1050;&#1077;&#1085;&#1078;&#1077;&#1073;&#1077;&#1082;&#1086;&#1074;&#1085;&#1072;</span>\" => \"<span class=sf-dump-str title=\"6 characters\">&#1050;&#1091;&#1085;&#1076;&#1099;&#1079;</span>\"
    \"<span class=sf-dump-key>&#1050;&#1091;&#1083;&#1100;&#1084;&#1091;&#1093;&#1072;&#1084;&#1073;&#1077;&#1090;&#1086;&#1074;&#1085;&#1072;</span>\" => \"<span class=sf-dump-str title=\"5 characters\">&#1040;&#1089;&#1077;&#1083;&#1100;</span>\"
    \"<span class=sf-dump-key>&#1178;&#1072;&#1081;&#1088;&#1072;&#1090;&#1179;&#1099;&#1079;&#1099;</span>\" => \"<span class=sf-dump-str title=\"8 characters\">&#1064;&#1099;&#1088;&#1072;&#1081;&#1083;&#1099;&#1084;</span>\"
    \"<span class=sf-dump-key>&#1055;&#1072;&#1088;&#1072;&#1093;&#1072;&#1090;&#1086;&#1074;&#1085;&#1072;</span>\" => \"<span class=sf-dump-str title=\"6 characters\">&#1056;&#1072;&#1091;&#1096;&#1072;&#1085;</span>\"
    \"<span class=sf-dump-key>&#1040;&#1082;&#1078;&#1072;&#1088;&#1082;&#1099;&#1085;&#1082;&#1099;&#1079;&#1099;</span>\" => \"<span class=sf-dump-str title=\"21 characters\">&#1040;&#1179;&#1096;&#1072;&#1088;&#1093;&#1072;&#1090; &#1040;&#1179;&#1078;&#1072;&#1088;&#1179;&#1099;&#1085;&#1179;&#1099;&#1079;&#1099;</span>\"
    \"<span class=sf-dump-key>&#1040;&#1085;&#1091;&#1072;&#1088;&#1082;&#1099;&#1079;&#1099;</span>\" => \"<span class=sf-dump-str title=\"5 characters\">&#1057;&#1072;&#1084;&#1072;&#1083;</span>\"
    \"<span class=sf-dump-key>&#1044;&#1084;&#1080;&#1090;&#1088;&#1080;&#1077;&#1074;&#1085;&#1072;</span>\" => \"<span class=sf-dump-str title=\"7 characters\">&#1058;&#1072;&#1090;&#1100;&#1103;&#1085;&#1072;</span>\"
    \"<span class=sf-dump-key>&#1041;&#1086;&#1083;&#1072;&#1090;&#1082;&#1099;&#1079;&#1099;</span>\" => \"<span class=sf-dump-str title=\"8 characters\">&#1040;&#1082;&#1084;&#1072;&#1088;&#1078;&#1072;&#1085;</span>\"
    \"<span class=sf-dump-key>&#1058;&#1072;&#1091;&#1073;&#1072;&#1077;&#1074;&#1085;&#1072;</span>\" => \"<span class=sf-dump-str title=\"6 characters\">&#1043;&#1091;&#1079;&#1072;&#1083;&#1100;</span>\"
    \"<span class=sf-dump-key>&#1040;&#1081;&#1082;&#1077;&#1085;&#1086;&#1074;&#1085;&#1072;</span>\" => \"<span class=sf-dump-str title=\"7 characters\">&#1040;&#1082;&#1084;&#1072;&#1088;&#1072;&#1083;</span>\"
    \"<span class=sf-dump-key>Dastankyzy</span>\" => \"<span class=sf-dump-str title=\"7 characters\">Nazerke</span>\"
    \"<span class=sf-dump-key>&#1044;&#1072;&#1089;&#1090;&#1072;&#1085;&#1082;&#1099;&#1079;&#1099;</span>\" => \"<span class=sf-dump-str title=\"7 characters\">&#1053;&#1072;&#1079;&#1077;&#1088;&#1082;&#1077;</span>\"
    \"<span class=sf-dump-key>&#1051;&#1077;&#1089;&#1086;&#1074;&#1080;&#1095;</span>\" => \"<span class=sf-dump-str title=\"10 characters\">&#1041;&#1072;&#1081;&#1084;&#1091;&#1088;&#1072;&#1090;&#1086;&#1074;</span>\"
    \"<span class=sf-dump-key>&#1053;&#1201;&#1088;&#1078;&#1072;&#1085;&#1179;&#1099;&#1079;&#1099;</span>\" => \"<span class=sf-dump-str title=\"5 characters\">&#1044;&#1080;&#1072;&#1085;&#1072;</span>\"
    \"<span class=sf-dump-key>&#1053;&#1091;&#1088;&#1078;&#1072;&#1085;&#1082;&#1099;&#1079;&#1099;</span>\" => \"<span class=sf-dump-str title=\"5 characters\">&#1044;&#1080;&#1072;&#1085;&#1072;</span>\"
    \"<span class=sf-dump-key>&#1052;&#1072;&#1088;&#1072;&#1090;&#1082;&#1099;&#1079;&#1099;</span>\" => \"<span class=sf-dump-str title=\"6 characters\">&#1056;&#1072;&#1091;&#1096;&#1072;&#1085;</span>\"
    \"<span class=sf-dump-key>&#1057;&#1077;&#1088;&#1075;&#1077;&#1077;&#1074;&#1085;&#1072;</span>\" => \"<span class=sf-dump-str title=\"3 characters\">&#1050;&#1080;&#1084;</span>\"
    \"<span class=sf-dump-key>&#1046;&#1091;&#1084;&#1072;&#1090;&#1072;&#1077;&#1074;&#1085;&#1072;</span>\" => \"<span class=sf-dump-str title=\"4 characters\">&#1040;&#1083;&#1080;&#1103;</span>\"
    \"<span class=sf-dump-key>&#1056;&#1072;&#1096;&#1080;&#1076;&#1086;&#1074;&#1085;&#1072;</span>\" => \"<span class=sf-dump-str title=\"5 characters\">&#1045;&#1085;&#1083;&#1080;&#1082;</span>\"
    \"<span class=sf-dump-key>&#1042;&#1042;</span>\" => \"<span class=sf-dump-str title=\"6 characters\">11113&#1042;</span>\"
    <span class=sf-dump-key>111</span> => \"<span class=sf-dump-str title=\"6 characters\">&#1050;&#1048;&#1056;&#1048;&#1051;&#1051;</span>\"
    \"<span class=sf-dump-key>aa</span>\" => \"<span class=sf-dump-str>d</span>\"
    \"<span class=sf-dump-key>&#1094;&#1094;</span>\" => \"<span class=sf-dump-str title=\"3 characters\">&#1074;&#1074;&#1074;</span>\"
    \"<span class=sf-dump-key>&#1040;&#1084;&#1072;&#1085;&#1082;&#1077;&#1083;&#1076;&#1110;&#1201;&#1083;&#1099;</span>\" => \"<span class=sf-dump-str title=\"5 characters\">&#1057;&#1241;&#1073;&#1080;&#1090;</span>\"
    \"<span class=sf-dump-key>S</span>\" => \"<span class=sf-dump-str title=\"6 characters\">Kirill</span>\"
    <span class=sf-dump-key>222</span> => \"<span class=sf-dump-str title=\"2 characters\">Fa</span>\"
    \"<span class=sf-dump-key>AA</span>\" => \"<span class=sf-dump-str title=\"2 characters\">&#1060;&#1060;</span>\"
    \"<span class=sf-dump-key>&#1053;&#1091;&#1088;&#1072;&#1093;&#1084;&#1077;&#1090;&#1086;&#1074;&#1085;&#1072;2</span>\" => \"<span class=sf-dump-str title=\"7 characters\">&#1044;&#1080;&#1085;&#1072;&#1088;&#1072;2</span>\"
    \"<span class=sf-dump-key>&#1041;&#1077;&#1081;&#1073;&#1080;&#1090;&#1086;&#1074;&#1085;&#1072;</span>\" => \"<span class=sf-dump-str title=\"5 characters\">&#1056;&#1080;&#1084;&#1084;&#1072;</span>\"
    \"<span class=sf-dump-key>&#1057;&#1072;&#1085;&#1072;&#1090;&#1086;&#1074;&#1085;&#1072;</span>\" => \"<span class=sf-dump-str title=\"5 characters\">&#1040;&#1081;&#1078;&#1072;&#1085;</span>\"
    \"<span class=sf-dump-key>&#1040;&#1088;&#1084;&#1072;&#1085;&#1086;&#1074;&#1085;&#1072;</span>\" => \"<span class=sf-dump-str title=\"5 characters\">&#1057;&#1072;&#1085;&#1080;&#1103;</span>\"
    \"<span class=sf-dump-key>&#1064;&#1072;&#1084;&#1080;&#1083;&#1100;&#1077;&#1074;&#1085;&#1072;</span>\" => \"<span class=sf-dump-str title=\"7 characters\">&#1057;&#1072;&#1090;&#1072;&#1077;&#1074;&#1072;</span>\"
    \"<span class=sf-dump-key>&#1040;&#1084;&#1072;&#1085;&#1075;&#1077;&#1083;&#1100;&#1076;&#1080;&#1077;&#1074;&#1085;&#1072;</span>\" => \"<span class=sf-dump-str title=\"5 characters\">&#1040;&#1089;&#1077;&#1083;&#1100;</span>\"
    \"<span class=sf-dump-key>&#1040;&#1085;&#1072;&#1090;&#1086;&#1083;&#1100;&#1077;&#1074;&#1085;&#1072;</span>\" => \"<span class=sf-dump-str title=\"8 characters\">&#1050;&#1072;&#1088;&#1083;&#1099;&#1075;&#1072;&#1096;</span>\"
    \"<span class=sf-dump-key>&#1053;&#1201;&#1088;&#1090;&#1072;&#1081;&#1201;&#1083;&#1099;</span>\" => \"<span class=sf-dump-str title=\"8 characters\">&#1044;&#1072;&#1085;&#1076;&#1077;&#1089;&#1086;&#1074;</span>\"
    \"<span class=sf-dump-key>&#1040;&#1085;&#1076;&#1088;&#1077;&#1077;&#1074;&#1085;&#1072;</span>\" => \"<span class=sf-dump-str title=\"9 characters\">&#1045;&#1082;&#1072;&#1090;&#1077;&#1088;&#1080;&#1085;&#1072;</span>\"
    \"<span class=sf-dump-key>&#1041;&#1080;&#1082;&#1077;&#1085;&#1086;&#1074;&#1080;&#1095;</span>\" => \"<span class=sf-dump-str title=\"5 characters\">&#1057;&#1077;&#1088;&#1080;&#1082;</span>\"
    \"<span class=sf-dump-key>&#1052;&#1080;&#1085;&#1080;&#1103;&#1088;&#1086;&#1074;&#1085;&#1072;</span>\" => \"<span class=sf-dump-str title=\"8 characters\">&#1043;&#1086;&#1083;&#1086;&#1074;&#1080;&#1085;&#1072;</span>\"
    \"<span class=sf-dump-key>&#1042;&#1080;&#1082;&#1090;&#1086;&#1088;&#1086;&#1074;&#1085;&#1072;</span>\" => \"<span class=sf-dump-str title=\"5 characters\">&#1044;&#1072;&#1088;&#1100;&#1103;</span>\"
    \"<span class=sf-dump-key>&#1040;&#1089;&#1082;&#1072;&#1088;&#1086;&#1074;&#1085;&#1072;</span>\" => \"<span class=sf-dump-str title=\"6 characters\">&#1040;&#1103;&#1075;&#1091;&#1083;&#1100;</span>\"
    \"<span class=sf-dump-key>&#1040;&#1083;&#1077;&#1082;&#1089;&#1077;&#1077;&#1074;&#1085;&#1072;</span>\" => \"<span class=sf-dump-str title=\"6 characters\">&#1051;&#1072;&#1088;&#1080;&#1089;&#1072;</span>\"
    \"<span class=sf-dump-key>&#1041;&#1091;&#1083;&#1072;&#1090;&#1086;&#1074;&#1080;&#1095;</span>\" => \"<span class=sf-dump-str title=\"6 characters\">&#1040;&#1083;&#1080;&#1096;&#1077;&#1088;</span>\"
    \"<span class=sf-dump-key>&#1052;&#1091;&#1082;&#1089;&#1091;&#1090;&#1093;&#1072;&#1085;&#1086;&#1074;&#1085;&#1072;</span>\" => \"<span class=sf-dump-str title=\"8 characters\">&#1052;&#1080;&#1085;&#1073;&#1072;&#1077;&#1074;&#1072;</span>\"
    \"<span class=sf-dump-key>&#1050;&#1072;&#1085;&#1072;&#1092;&#1080;&#1077;&#1074;&#1085;&#1072;</span>\" => \"<span class=sf-dump-str title=\"6 characters\">&#1052;&#1072;&#1083;&#1080;&#1082;&#1072;</span>\"
    \"<span class=sf-dump-key>&#1050;&#1072;&#1080;&#1088;&#1083;&#1080;&#1085;&#1086;&#1074;&#1085;&#1072;</span>\" => \"<span class=sf-dump-str title=\"5 characters\">&#1050;&#1072;&#1084;&#1072;&#1088;</span>\"
    \"<span class=sf-dump-key>&#1042;&#1083;&#1072;&#1076;&#1080;&#1084;&#1080;&#1088;&#1086;&#1074;&#1085;&#1072;</span>\" => \"<span class=sf-dump-str title=\"7 characters\">&#1058;&#1072;&#1090;&#1100;&#1103;&#1085;&#1072;</span>\"
    \"<span class=sf-dump-key>&#1040;&#1089;&#1083;&#1072;&#1085;&#1082;&#1099;&#1079;&#1099;</span>\" => \"<span class=sf-dump-str title=\"6 characters\">&#1043;&#1091;&#1083;&#1085;&#1072;&#1079;</span>\"
    \"<span class=sf-dump-key>&#1053;&#1091;&#1088;&#1078;&#1072;&#1085;&#1086;&#1074;&#1080;&#1095;</span>\" => \"<span class=sf-dump-str title=\"6 characters\">&#1053;&#1091;&#1088;&#1073;&#1086;&#1083;</span>\"
    \"<span class=sf-dump-key>&#1064;&#1072;&#1082;&#1080;&#1088;&#1086;&#1074;&#1085;&#1072;</span>\" => \"<span class=sf-dump-str title=\"7 characters\">&#1064;&#1072;&#1093;&#1088;&#1091;&#1079;&#1072;</span>\"
    \"<span class=sf-dump-key>gdhd</span>\" => \"<span class=sf-dump-str title=\"7 characters\">htrhxth</span>\"
    \"<span class=sf-dump-key>&#1087;&#1072;</span>\" => \"<span class=sf-dump-str title=\"2 characters\">&#1072;&#1087;</span>\"
    \"<span class=sf-dump-key>sdgsdg</span>\" => \"<span class=sf-dump-str title=\"5 characters\">dsgds</span>\"
    \"<span class=sf-dump-key>&#1061;&#1072;&#1083;&#1080;&#1073;&#1077;&#1082;&#1086;&#1074;&#1085;&#1072;</span>\" => \"<span class=sf-dump-str title=\"7 characters\">&#1040;&#1088;&#1072;&#1081;&#1083;&#1099;&#1084;</span>\"
    \"<span class=sf-dump-key>Kairatkyzy</span>\" => \"<span class=sf-dump-str title=\"7 characters\">Nazerke</span>\"
    \"<span class=sf-dump-key>&#1091;&#1082;&#1077;&#1091;&#1082;&#1077;</span>\" => \"<span class=sf-dump-str title=\"5 characters\">&#1082;&#1094;&#1082;&#1091;&#1094;</span>\"
    \"<span class=sf-dump-key>&#1050;&#1072;&#1080;&#1088;&#1090;&#1072;&#1077;&#1074;&#1085;&#1072;</span>\" => \"<span class=sf-dump-str title=\"8 characters\">&#1040;&#1082;&#1082;&#1086;&#1078;&#1080;&#1085;&#1072;</span>\"
    \"<span class=sf-dump-key>&#1040;&#1076;&#1080;&#1083;&#1093;&#1072;&#1084;&#1080;&#1090;&#1086;&#1074;&#1085;&#1072;</span>\" => \"<span class=sf-dump-str title=\"5 characters\">&#1040;&#1089;&#1080;&#1084;&#1072;</span>\"
    \"<span class=sf-dump-key>&#1048;&#1083;&#1100;&#1103;&#1089;&#1086;&#1074;&#1085;&#1072;</span>\" => \"<span class=sf-dump-str title=\"6 characters\">&#1052;&#1072;&#1088;&#1080;&#1103;&#1084;</span>\"
    \"<span class=sf-dump-key>&#1050;&#1077;&#1085;&#1078;&#1077;&#1077;&#1074;&#1080;&#1095;</span>\" => \"<span class=sf-dump-str title=\"7 characters\">&#1040;&#1084;&#1072;&#1085;&#1090;&#1072;&#1081;</span>\"
    \"<span class=sf-dump-key>&#1057;&#1077;&#1088;&#1080;&#1082;&#1086;&#1074;&#1080;&#1095;</span>\" => \"<span class=sf-dump-str title=\"6 characters\">&#1044;&#1072;&#1091;&#1088;&#1077;&#1085;</span>\"
    \"<span class=sf-dump-key>&#1042;&#1083;&#1072;&#1076;&#1080;&#1084;&#1080;&#1088;&#1086;&#1074;&#1080;&#1095;</span>\" => \"<span class=sf-dump-str title=\"5 characters\">&#1044;&#1077;&#1085;&#1080;&#1089;</span>\"
    \"<span class=sf-dump-key>&#1041;&#1086;&#1083;&#1072;&#1090;&#1201;&#1083;&#1099;</span>\" => \"<span class=sf-dump-str title=\"3 characters\">&#1240;&#1083;&#1080;</span>\"
    \"<span class=sf-dump-key>&#1050;&#1072;&#1081;&#1088;&#1075;&#1072;&#1083;&#1080;&#1081;&#1082;&#1099;&#1079;&#1099;</span>\" => \"<span class=sf-dump-str title=\"4 characters\">&#1040;&#1085;&#1072;&#1088;</span>\"
    \"<span class=sf-dump-key>&#1054;&#1056;&#1040;&#1047;&#1054;&#1042;&#1048;&#1063;</span>\" => \"<span class=sf-dump-str title=\"6 characters\">&#1069;&#1051;&#1068;&#1053;&#1040;&#1056;</span>\"
    \"<span class=sf-dump-key>&#1040;&#1083;&#1080;&#1073;&#1080;&#1082;&#1099;&#1079;&#1099;</span>\" => \"<span class=sf-dump-str title=\"7 characters\">&#1040;&#1081;&#1075;&#1077;&#1088;&#1080;&#1084;</span>\"
    \"<span class=sf-dump-key>&#1040;&#1076;&#1077;&#1082;&#1089;&#1072;&#1085;&#1076;&#1088;&#1086;&#1074;&#1085;&#1072;</span>\" => \"<span class=sf-dump-str title=\"5 characters\">&#1044;&#1080;&#1072;&#1085;&#1072;</span>\"
    \"<span class=sf-dump-key>Nursal</span>\" => \"<span class=sf-dump-str title=\"6 characters\">Aidana</span>\"
    \"<span class=sf-dump-key>&#1045;&#1088;&#1078;&#1072;&#1085;&#1086;&#1074;&#1085;&#1072;</span>\" => \"<span class=sf-dump-str title=\"8 characters\">&#1040;&#1081;&#1075;&#1072;&#1085;&#1099;&#1084;&#1072;</span>\"
    \"<span class=sf-dump-key>Munirovich</span>\" => \"<span class=sf-dump-str title=\"6 characters\">RUSTAM</span>\"
    \"<span class=sf-dump-key>&#1041;&#1072;&#1093;&#1099;&#1090;&#1078;&#1072;&#1085;&#1086;&#1074;&#1080;&#1095;</span>\" => \"<span class=sf-dump-str title=\"10 characters\">&#1050;&#1099;&#1089;&#1090;&#1072;&#1091;&#1073;&#1072;&#1077;&#1074;</span>\"
    \"<span class=sf-dump-key>&#1041;&#1072;&#1093;&#1099;&#1090;&#1078;&#1072;&#1085;&#1091;&#1083;&#1099;</span>\" => \"<span class=sf-dump-str title=\"5 characters\">&#1061;&#1072;&#1089;&#1072;&#1085;</span>\"
    \"<span class=sf-dump-key>Ulugbek Kyzy</span>\" => \"<span class=sf-dump-str title=\"7 characters\">Gulnoza</span>\"
    \"<span class=sf-dump-key>&#1044;&#1072;&#1091;&#1083;&#1077;&#1090;&#1082;&#1072;&#1085;&#1086;&#1074;&#1085;&#1072;</span>\" => \"<span class=sf-dump-str title=\"4 characters\">&#1056;&#1086;&#1079;&#1072;</span>\"
    \"<span class=sf-dump-key>&#1042;&#1072;&#1083;&#1077;&#1088;&#1100;&#1077;&#1074;&#1085;&#1072;</span>\" => \"<span class=sf-dump-str title=\"4 characters\">&#1040;&#1085;&#1085;&#1072;</span>\"
    \"<span class=sf-dump-key>&#1050;&#1072;&#1081;&#1088;&#1072;&#1090;&#1086;&#1074;&#1080;&#1095;</span>\" => \"<span class=sf-dump-str title=\"8 characters\">&#1041;&#1072;&#1090;&#1099;&#1088;&#1093;&#1072;&#1085;</span>\"
    \"<span class=sf-dump-key>&#1058;&#1086;&#1083;&#1077;&#1087;&#1073;&#1077;&#1088;&#1075;&#1077;&#1085;&#1082;&#1099;&#1079;&#1099;</span>\" => \"<span class=sf-dump-str title=\"6 characters\">&#1040;&#1081;&#1075;&#1091;&#1083;&#1100;</span>\"
    \"<span class=sf-dump-key>&#1040;&#1083;&#1100;&#1082;&#1086;&#1088;&#1086;&#1074;&#1080;&#1095;</span>\" => \"<span class=sf-dump-str title=\"6 characters\">&#1044;&#1072;&#1088;&#1084;&#1077;&#1085;</span>\"
    \"<span class=sf-dump-key>Meiramhankyzy</span>\" => \"<span class=sf-dump-str title=\"9 characters\">Zhuldyzay</span>\"
    \"<span class=sf-dump-key>Askarkyzy</span>\" => \"<span class=sf-dump-str title=\"6 characters\">Fatima</span>\"
    \"<span class=sf-dump-key>&#1040;&#1073;&#1076;&#1099;&#1084;&#1072;&#1085;&#1072;&#1087;&#1086;&#1074;&#1080;&#1095;</span>\" => \"<span class=sf-dump-str title=\"4 characters\">&#1059;&#1084;&#1080;&#1076;</span>\"
    \"<span class=sf-dump-key>&#1041;&#1072;&#1090;&#1099;&#1088;&#1093;&#1072;&#1085;&#1201;&#1083;&#1099;</span>\" => \"<span class=sf-dump-str title=\"6 characters\">&#1041;&#1072;&#1171;&#1083;&#1072;&#1085;</span>\"
    \"<span class=sf-dump-key>&#1056;&#1091;&#1089;&#1090;&#1072;&#1084;&#1086;&#1074;&#1085;&#1072;</span>\" => \"<span class=sf-dump-str title=\"5 characters\">&#1044;&#1072;&#1103;&#1085;&#1072;</span>\"
    \"<span class=sf-dump-key>&#1057;&#1072;&#1081;&#1076;&#1091;&#1083;&#1083;&#1072;&#1077;&#1074;&#1085;&#1072;</span>\" => \"<span class=sf-dump-str title=\"5 characters\">&#1053;&#1091;&#1088;&#1080;&#1103;</span>\"
    \"<span class=sf-dump-key>&#1058;&#1072;&#1075;&#1072;&#1081;&#1082;&#1099;&#1079;&#1099;</span>\" => \"<span class=sf-dump-str title=\"4 characters\">&#1040;&#1083;&#1080;&#1103;</span>\"
    \"<span class=sf-dump-key>&#1046;&#1072;&#1085;&#1080;&#1073;&#1077;&#1082;&#1086;&#1074;&#1085;&#1072;</span>\" => \"<span class=sf-dump-str title=\"5 characters\">&#1040;&#1081;&#1078;&#1072;&#1085;</span>\"
    \"<span class=sf-dump-key>&#1046;&#1072;&#1085;&#1080;&#1073;&#1077;&#1082;&#1086;&#1074;&#1080;&#1095;</span>\" => \"<span class=sf-dump-str title=\"6 characters\">&#1041;&#1077;&#1082;&#1078;&#1072;&#1085;</span>\"
    \"<span class=sf-dump-key>&#1179;&#1201;&#1088;&#1072;&#1083;&#1073;&#1072;&#1081;&#1179;&#1099;&#1079;&#1099;</span>\" => \"<span class=sf-dump-str title=\"7 characters\">&#1073;&#1086;&#1090;&#1072;&#1075;&#1086;&#1079;</span>\"
    \"<span class=sf-dump-key>&#1059;&#1072;&#1083;&#1093;&#1072;&#1085;&#1086;&#1074;&#1085;&#1072;</span>\" => \"<span class=sf-dump-str title=\"5 characters\">&#1051;&#1072;&#1091;&#1088;&#1072;</span>\"
    \"<span class=sf-dump-key>&#1053;&#1091;&#1088;&#1083;&#1072;&#1085;&#1179;&#1099;&#1079;&#1099;</span>\" => \"<span class=sf-dump-str title=\"6 characters\">&#1040;&#1082;&#1073;&#1072;&#1103;&#1085;</span>\"
    \"<span class=sf-dump-key>&#1041;&#1077;&#1088;&#1083;&#1080;&#1073;&#1072;&#1081;&#1091;&#1083;&#1099;</span>\" => \"<span class=sf-dump-str title=\"9 characters\">&#1053;&#1091;&#1088;&#1089;&#1091;&#1083;&#1090;&#1072;&#1085;</span>\"
    \"<span class=sf-dump-key>&#1045;&#1088;&#1077;&#1085;&#1086;&#1074;&#1085;&#1072;</span>\" => \"<span class=sf-dump-str title=\"8 characters\">&#1050;&#1072;&#1088;&#1083;&#1099;&#1075;&#1072;&#1096;</span>\"
    \"<span class=sf-dump-key>&#1050;&#1086;&#1085;&#1089;&#1090;&#1072;&#1085;&#1090;&#1080;&#1085;&#1086;&#1074;&#1085;&#1072;</span>\" => \"<span class=sf-dump-str title=\"9 characters\">&#1045;&#1082;&#1072;&#1090;&#1077;&#1088;&#1080;&#1085;&#1072;</span>\"
    \"<span class=sf-dump-key>Sultanbekovna</span>\" => \"<span class=sf-dump-str title=\"7 characters\">Zhuldyz</span>\"
    \"<span class=sf-dump-key>Nurlykhankyzy</span>\" => \"<span class=sf-dump-str title=\"4 characters\">Asem</span>\"
    \"<span class=sf-dump-key>Amantaykyzy</span>\" => \"<span class=sf-dump-str title=\"5 characters\">Saule</span>\"
    \"<span class=sf-dump-key>&#1046;&#1072;&#1083;&#1075;&#1072;&#1089;&#1086;&#1074;&#1080;&#1095;</span>\" => \"<span class=sf-dump-str title=\"6 characters\">&#1053;&#1091;&#1088;&#1078;&#1072;&#1085;</span>\"
    \"<span class=sf-dump-key>Zhankeldinuly</span>\" => \"<span class=sf-dump-str title=\"5 characters\">Alibi</span>\"
    \"<span class=sf-dump-key>dtjyhjhtj</span>\" => \"<span class=sf-dump-str title=\"8 characters\">abouts 3</span>\"
    \"<span class=sf-dump-key>&#1058;&#1083;&#1077;&#1075;&#1077;&#1085;&#1086;&#1074;&#1085;&#1072;</span>\" => \"<span class=sf-dump-str title=\"4 characters\">&#1040;&#1080;&#1076;&#1072;</span>\"
    \"<span class=sf-dump-key>&#1047;&#1080;&#1085;&#1091;&#1088;&#1086;&#1074;&#1080;&#1095;</span>\" => \"<span class=sf-dump-str title=\"4 characters\">&#1040;&#1084;&#1080;&#1088;</span>\"
    \"<span class=sf-dump-key>&#1061;&#1072;&#1081;&#1076;&#1072;&#1088;&#1086;&#1074;&#1085;&#1072;</span>\" => \"<span class=sf-dump-str title=\"10 characters\">&#1058;&#1091;&#1082;&#1090;&#1091;&#1073;&#1072;&#1077;&#1074;&#1072;</span>\"
    \"<span class=sf-dump-key>&#1053;&#1091;&#1088;&#1083;&#1099;&#1073;&#1077;&#1082;&#1086;&#1074;&#1085;&#1072;</span>\" => \"<span class=sf-dump-str title=\"8 characters\">&#1040;&#1089;&#1099;&#1083;&#1079;&#1072;&#1076;&#1072;</span>\"
    \"<span class=sf-dump-key>Vadimovich</span>\" => \"<span class=sf-dump-str title=\"4 characters\">Gali</span>\"
    \"<span class=sf-dump-key>&#1052;&#1072;&#1082;&#1077;&#1085;&#1086;&#1074;&#1085;&#1072;</span>\" => \"<span class=sf-dump-str title=\"6 characters\">&#1044;&#1080;&#1085;&#1072;&#1088;&#1072;</span>\"
    \"<span class=sf-dump-key>&#1057;&#1077;&#1081;&#1076;&#1072;&#1083;&#1080;&#1179;&#1099;&#1079;&#1099;</span>\" => \"<span class=sf-dump-str title=\"6 characters\">&#1043;&#1072;&#1091;&#1211;&#1072;&#1088;</span>\"
    \"<span class=sf-dump-key>Ismutdinovich</span>\" => \"<span class=sf-dump-str title=\"5 characters\">Zakir</span>\"
    \"<span class=sf-dump-key>&#1040;&#1085;&#1072;&#1090;&#1086;&#1083;&#1100;&#1077;&#1074;&#1080;&#1095;</span>\" => \"<span class=sf-dump-str title=\"6 characters\">&#1057;&#1077;&#1088;&#1075;&#1077;&#1081;</span>\"
    \"<span class=sf-dump-key>&#1040;&#1083;&#1077;&#1082;&#1089;&#1072;&#1085;&#1076;&#1088;&#1086;&#1074;&#1080;&#1095;</span>\" => \"<span class=sf-dump-str title=\"7 characters\">&#1063;&#1091;&#1084;&#1072;&#1082;&#1086;&#1074;</span>\"
    \"<span class=sf-dump-key>&#1052;&#1091;&#1089;&#1083;&#1084;&#1072;&#1085;&#1073;&#1077;&#1082;&#1086;&#1074;&#1085;&#1072;</span>\" => \"<span class=sf-dump-str title=\"6 characters\">&#1040;&#1081;&#1089;&#1091;&#1083;&#1091;</span>\"
    \"<span class=sf-dump-key>&#1058;&#1077;&#1083;&#1100;&#1084;&#1072;&#1085;&#1086;&#1074;&#1085;&#1072;</span>\" => \"<span class=sf-dump-str title=\"7 characters\">&#1054;&#1088;&#1099;&#1085;&#1078;&#1072;&#1085;</span>\"
    \"<span class=sf-dump-key>&#1058;&#1072;&#1083;&#1075;&#1072;&#1090;&#1086;&#1074;&#1080;&#1095;</span>\" => \"<span class=sf-dump-str title=\"5 characters\">&#1048;&#1084;&#1088;&#1072;&#1085;</span>\"
    \"<span class=sf-dump-key>&#1046;&#1086;&#1083;&#1076;&#1099;&#1075;&#1072;&#1083;&#1080;&#1077;&#1074;&#1080;&#1095;</span>\" => \"<span class=sf-dump-str title=\"8 characters\">&#1046;&#1072;&#1085;&#1073;&#1086;&#1083;&#1072;&#1090;</span>\"
    \"<span class=sf-dump-key>&#1043;&#1072;&#1083;&#1099;&#1084;&#1082;&#1099;&#1079;&#1099;</span>\" => \"<span class=sf-dump-str title=\"7 characters\">&#1040;&#1081;&#1075;&#1077;&#1088;&#1080;&#1084;</span>\"
    \"<span class=sf-dump-key>&#1045;&#1074;&#1075;&#1077;&#1085;&#1100;&#1077;&#1074;&#1085;&#1072;</span>\" => \"<span class=sf-dump-str title=\"8 characters\">&#1042;&#1080;&#1082;&#1090;&#1086;&#1088;&#1080;&#1103;</span>\"
    \"<span class=sf-dump-key>&#1040;&#1085;&#1091;&#1072;&#1088;&#1073;&#1077;&#1082;&#1086;&#1074;&#1080;&#1095;</span>\" => \"<span class=sf-dump-str title=\"8 characters\">&#1043;&#1072;&#1083;&#1099;&#1084;&#1078;&#1072;&#1085;</span>\"
    \"<span class=sf-dump-key>&#1045;&#1088;&#1073;&#1086;&#1083;&#1086;&#1074;&#1085;&#1072;</span>\" => \"<span class=sf-dump-str title=\"4 characters\">&#1044;&#1072;&#1085;&#1072;</span>\"
    \"<span class=sf-dump-key>&#1073;&#1091;&#1088;&#1093;&#1086;&#1085;&#1086;&#1074;&#1085;&#1072;</span>\" => \"<span class=sf-dump-str title=\"6 characters\">&#1076;&#1080;&#1083;&#1086;&#1088;&#1072;</span>\"
    \"<span class=sf-dump-key>Askarovna</span>\" => \"<span class=sf-dump-str title=\"5 characters\">Laura</span>\"
    \"<span class=sf-dump-key>&#1045;&#1088;&#1075;&#1072;&#1083;&#1080;&#1082;&#1099;&#1079;&#1099;</span>\" => \"<span class=sf-dump-str title=\"7 characters\">&#1040;&#1082;&#1078;&#1080;&#1073;&#1077;&#1082;</span>\"
    \"<span class=sf-dump-key>&#1057;&#1072;&#1087;&#1072;&#1088;&#1179;&#1099;&#1079;&#1099;</span>\" => \"<span class=sf-dump-str title=\"6 characters\">&#1198;&#1088;&#1079;&#1072;&#1076;&#1072;</span>\"
    \"<span class=sf-dump-key>&#1052;&#1080;&#1088;&#1075;&#1072;&#1090;&#1086;&#1074;&#1080;&#1095;</span>\" => \"<span class=sf-dump-str title=\"7 characters\">&#1040;&#1093;&#1084;&#1077;&#1090;&#1086;&#1074;</span>\"
    \"<span class=sf-dump-key>&#1070;&#1088;&#1100;&#1077;&#1074;&#1085;&#1072;</span>\" => \"<span class=sf-dump-str title=\"8 characters\">&#1050;&#1088;&#1080;&#1089;&#1090;&#1080;&#1085;&#1072;</span>\"
    \"<span class=sf-dump-key>&#1064;&#1072;&#1084;&#1096;&#1080;&#1084;&#1091;&#1093;&#1072;&#1084;&#1077;&#1090;&#1086;&#1074;&#1080;&#1095;</span>\" => \"<span class=sf-dump-str title=\"8 characters\">&#1064;&#1072;&#1093;&#1084;&#1091;&#1088;&#1072;&#1090;</span>\"
    \"<span class=sf-dump-key>Sabitovna</span>\" => \"<span class=sf-dump-str title=\"7 characters\">Shinara</span>\"
    \"<span class=sf-dump-key>&#1040;&#1076;&#1080;&#1083;&#1073;&#1077;&#1082;&#1086;&#1074;&#1085;&#1072;</span>\" => \"<span class=sf-dump-str title=\"7 characters\">&#1053;&#1072;&#1079;&#1077;&#1088;&#1082;&#1077;</span>\"
    \"<span class=sf-dump-key>&#1053;&#1080;&#1082;&#1086;&#1083;&#1072;&#1077;&#1074;&#1080;&#1095;</span>\" => \"<span class=sf-dump-str title=\"6 characters\">&#1052;&#1072;&#1082;&#1089;&#1080;&#1084;</span>\"
    \"<span class=sf-dump-key>&#1052;&#1077;&#1081;&#1088;&#1073;&#1077;&#1082;&#1086;&#1074;&#1080;&#1095;</span>\" => \"<span class=sf-dump-str title=\"6 characters\">&#1041;&#1077;&#1082;&#1079;&#1072;&#1090;</span>\"
    \"<span class=sf-dump-key>&#1052;&#1072;&#1083;&#1080;&#1082;&#1091;&#1083;&#1099;</span>\" => \"<span class=sf-dump-str title=\"4 characters\">&#1040;&#1073;&#1072;&#1081;</span>\"
    \"<span class=sf-dump-key>&#1042;&#1103;&#1095;&#1077;&#1089;&#1083;&#1072;&#1074;&#1086;&#1074;&#1080;&#1095;</span>\" => \"<span class=sf-dump-str title=\"5 characters\">&#1048;&#1075;&#1086;&#1088;&#1100;</span>\"
    \"<span class=sf-dump-key>&#1057;&#1099;&#1088;&#1099;&#1084;&#1091;&#1083;&#1099;</span>\" => \"<span class=sf-dump-str title=\"5 characters\">&#1040;&#1081;&#1073;&#1077;&#1082;</span>\"
    \"<span class=sf-dump-key>&#1043;&#1077;&#1086;&#1088;&#1075;&#1080;&#1077;&#1074;&#1080;&#1095;</span>\" => \"<span class=sf-dump-str title=\"6 characters\">&#1052;&#1072;&#1082;&#1089;&#1080;&#1084;</span>\"
    \"<span class=sf-dump-key>&#1041;&#1072;&#1083;&#1090;&#1072;&#1073;&#1072;&#1081;&#1201;&#1083;&#1099;</span>\" => \"<span class=sf-dump-str title=\"5 characters\">&#1040;&#1081;&#1076;&#1086;&#1089;</span>\"
    \"<span class=sf-dump-key>&#1240;&#1096;&#1077;&#1085;&#1179;&#1099;&#1079;&#1099;</span>\" => \"<span class=sf-dump-str title=\"6 characters\">&#1041;&#1072;&#1083;&#1085;&#1201;&#1088;</span>\"
    \"<span class=sf-dump-key>Zhenisuly</span>\" => \"<span class=sf-dump-str title=\"7 characters\">Yelaman</span>\"
    \"<span class=sf-dump-key>Abdislamkyzy</span>\" => \"<span class=sf-dump-str title=\"7 characters\">Ulganym</span>\"
    \"<span class=sf-dump-key>&#1041;&#1072;&#1082;&#1099;&#1090;&#1086;&#1074;&#1085;&#1072;</span>\" => \"<span class=sf-dump-str title=\"5 characters\">&#1040;&#1085;&#1077;&#1083;&#1100;</span>\"
    \"<span class=sf-dump-key>&#1042;&#1072;&#1089;&#1080;&#1083;&#1100;&#1077;&#1074;&#1072;</span>\" => \"<span class=sf-dump-str title=\"9 characters\">&#1052;&#1072;&#1088;&#1075;&#1072;&#1088;&#1080;&#1090;&#1072;</span>\"
    \"<span class=sf-dump-key>&#1042;&#1072;&#1089;&#1080;&#1083;&#1100;&#1077;&#1074;&#1085;&#1072;</span>\" => \"<span class=sf-dump-str title=\"9 characters\">&#1052;&#1072;&#1088;&#1075;&#1072;&#1088;&#1080;&#1090;&#1072;</span>\"
    \"<span class=sf-dump-key>&#1040;&#1082;&#1078;&#1072;&#1085;&#1086;&#1074;&#1085;&#1072;</span>\" => \"<span class=sf-dump-str title=\"5 characters\">&#1040;&#1081;&#1078;&#1072;&#1085;</span>\"
    \"<span class=sf-dump-key>&#1046;&#1054;&#1052;&#1040;&#1056;&#1058;&#1054;&#1042;&#1053;&#1040;</span>\" => \"<span class=sf-dump-str title=\"6 characters\">&#1040;&#1081;&#1076;&#1072;&#1085;&#1072;</span>\"
    \"<span class=sf-dump-key>&#1040;&#1084;&#1072;&#1085;&#1075;&#1077;&#1083;&#1100;&#1076;&#1110;&#1179;&#1099;&#1079;&#1099;</span>\" => \"<span class=sf-dump-str title=\"4 characters\">&#1040;&#1083;&#1091;&#1072;</span>\"
    \"<span class=sf-dump-key>&#1043;&#1072;&#1083;&#1080;&#1084;&#1072;&#1090;&#1086;&#1074;&#1085;&#1072;</span>\" => \"<span class=sf-dump-str title=\"11 characters\">&#1040;&#1076;&#1080;&#1083;&#1082;&#1072;&#1080;&#1088;&#1086;&#1074;&#1072;</span>\"
    \"<span class=sf-dump-key>&#1057;&#1091;&#1093;&#1088;&#1072;&#1090;&#1078;&#1072;&#1085;&#1086;&#1074;&#1080;&#1095;</span>\" => \"<span class=sf-dump-str title=\"6 characters\">&#1056;&#1072;&#1084;&#1080;&#1083;&#1100;</span>\"
    \"<span class=sf-dump-key>&#1052;&#1077;&#1081;&#1088;&#1093;&#1072;&#1085;&#1082;&#1099;&#1079;&#1099;</span>\" => \"<span class=sf-dump-str title=\"6 characters\">&#1051;&#1103;&#1079;&#1079;&#1072;&#1090;</span>\"
    \"<span class=sf-dump-key>&#1058;&#1241;&#1091;&#1110;&#1088;&#1078;&#1072;&#1085;&#1179;&#1099;&#1079;&#1099;</span>\" => \"<span class=sf-dump-str title=\"5 characters\">&#1052;&#1072;&#1081;&#1088;&#1072;</span>\"
    \"<span class=sf-dump-key>&#1052;&#1091;&#1093;&#1072;&#1084;&#1077;&#1076;&#1100;&#1103;&#1088;&#1086;&#1074;&#1080;&#1095;</span>\" => \"<span class=sf-dump-str title=\"6 characters\">&#1053;&#1091;&#1088;&#1073;&#1077;&#1082;</span>\"
    \"<span class=sf-dump-key>dsf</span>\" => \"<span class=sf-dump-str title=\"3 characters\">fdf</span>\"
    \"<span class=sf-dump-key>&#1053;&#1091;&#1088;&#1083;&#1072;&#1085;&#1086;&#1074;&#1080;&#1095;</span>\" => \"<span class=sf-dump-str title=\"6 characters\">&#1057;&#1086;&#1083;&#1090;&#1072;&#1085;</span>\"
    \"<span class=sf-dump-key>&#1041;&#1077;&#1088;&#1080;&#1082;&#1086;&#1074;&#1085;&#1072;</span>\" => \"<span class=sf-dump-str title=\"7 characters\">&#1040;&#1081;&#1075;&#1077;&#1088;&#1080;&#1084;</span>\"
    \"<span class=sf-dump-key>&#1057;&#1072;&#1073;&#1080;&#1090;&#1086;&#1074;&#1080;&#1095;</span>\" => \"<span class=sf-dump-str title=\"8 characters\">&#1053;&#1091;&#1088;&#1073;&#1086;&#1083;&#1072;&#1090;</span>\"
    \"<span class=sf-dump-key>&#1041;&#1072;&#1082;&#1099;&#1090;&#1073;&#1077;&#1082;&#1082;&#1099;&#1079;&#1099;</span>\" => \"<span class=sf-dump-str title=\"6 characters\">&#1047;&#1072;&#1088;&#1080;&#1085;&#1072;</span>\"
    \"<span class=sf-dump-key>&#1052;&#1091;&#1088;&#1072;&#1090;&#1179;&#1099;&#1079;&#1099;</span>\" => \"<span class=sf-dump-str title=\"6 characters\">&#1040;&#1103;&#1091;&#1083;&#1099;&#1084;</span>\"
    \"<span class=sf-dump-key>&#1047;&#1080;&#1085;&#1077;&#1083;&#1075;&#1072;&#1073;&#1080;&#1076;&#1077;&#1085;&#1086;&#1074;&#1085;&#1072;</span>\" => \"<span class=sf-dump-str title=\"8 characters\">&#1057;&#1072;&#1083;&#1090;&#1072;&#1085;&#1072;&#1090;</span>\"
    \"<span class=sf-dump-key>Naimullakh</span>\" => \"<span class=sf-dump-str title=\"4 characters\">Naim</span>\"
    \"<span class=sf-dump-key>&#1054;&#1090;&#1095;&#1077;&#1089;&#1090;&#1074;&#1086;</span>\" => \"<span class=sf-dump-str title=\"3 characters\">&#1048;&#1084;&#1103;</span>\"
    \"<span class=sf-dump-key>&#1048;&#1083;&#1100;&#1093;&#1086;&#1084;&#1086;&#1074;&#1080;&#1095;</span>\" => \"<span class=sf-dump-str title=\"6 characters\">&#1040;&#1082;&#1084;&#1072;&#1083;&#1100;</span>\"
    \"<span class=sf-dump-key>&#1048;&#1089;&#1084;&#1091;&#1090;&#1076;&#1080;&#1085;&#1086;&#1074;&#1080;&#1095;</span>\" => \"<span class=sf-dump-str title=\"5 characters\">&#1047;&#1072;&#1082;&#1080;&#1088;</span>\"
    \"<span class=sf-dump-key>&#1041;&#1086;&#1083;&#1072;&#1090;&#1086;&#1074;&#1080;&#1095;</span>\" => \"<span class=sf-dump-str title=\"6 characters\">&#1044;&#1072;&#1091;&#1083;&#1077;&#1090;</span>\"
    \"<span class=sf-dump-key>&#1052;&#1091;&#1089;&#1090;&#1072;&#1092;&#1072; &#1082;&#1079;&#1099;</span>\" => \"<span class=sf-dump-str title=\"4 characters\">&#1057;&#1072;&#1084;&#1072;</span>\"
    \"<span class=sf-dump-key>&#1053;&#1080;&#1079;&#1072;&#1084;&#1086;&#1074;&#1080;&#1095;</span>\" => \"<span class=sf-dump-str title=\"5 characters\">&#1048;&#1089;&#1083;&#1072;&#1084;</span>\"
    \"<span class=sf-dump-key>&#1056;&#1072;&#1093;&#1084;&#1077;&#1090;&#1086;&#1074;&#1080;&#1095;</span>\" => \"<span class=sf-dump-str title=\"6 characters\">&#1053;&#1091;&#1088;&#1078;&#1072;&#1085;</span>\"
    \"<span class=sf-dump-key>&#1043;&#1072;&#1083;&#1080;&#1084;&#1078;&#1072;&#1085;&#1086;&#1074;&#1085;&#1072;</span>\" => \"<span class=sf-dump-str title=\"4 characters\">&#1044;&#1080;&#1085;&#1072;</span>\"
    \"<span class=sf-dump-key>&#1052;&#1099;&#1088;&#1079;&#1072;&#1075;&#1077;&#1088;&#1077;&#1077;&#1074;&#1085;&#1072;</span>\" => \"<span class=sf-dump-str title=\"5 characters\">&#1040;&#1081;&#1085;&#1091;&#1088;</span>\"
    \"<span class=sf-dump-key>&#1052;&#1072;&#1088;&#1090;&#1073;&#1077;&#1082;&#1179;&#1099;&#1079;&#1099;</span>\" => \"<span class=sf-dump-str title=\"6 characters\">&#1053;&#1072;&#1079;&#1075;&#1199;&#1083;</span>\"
    \"<span class=sf-dump-key>&#1046;&#1072;&#1088;&#1082;&#1099;&#1085;&#1073;&#1077;&#1082;&#1086;&#1074;&#1080;&#1095;</span>\" => \"<span class=sf-dump-str title=\"6 characters\">&#1053;&#1091;&#1088;&#1083;&#1072;&#1085;</span>\"
    \"<span class=sf-dump-key>&#1050;&#1091;&#1083;&#1073;&#1077;&#1082;&#1086;&#1074;&#1085;&#1072;</span>\" => \"<span class=sf-dump-str title=\"6 characters\">&#1041;&#1077;&#1088;&#1077;&#1082;&#1077;</span>\"
    \"<span class=sf-dump-key>Nurbolatovna</span>\" => \"<span class=sf-dump-str title=\"7 characters\">Lyazzat</span>\"
    \"<span class=sf-dump-key>&#1059;&#1072;&#1083;&#1080;&#1090;&#1093;&#1072;&#1085;&#1201;&#1083;&#1099;</span>\" => \"<span class=sf-dump-str title=\"11 characters\">&#1058;&#1241;&#1187;&#1110;&#1088;&#1073;&#1077;&#1088;&#1075;&#1077;&#1085;</span>\"
    \"<span class=sf-dump-key>&#1067;&#1082;&#1099;&#1083;&#1072;&#1089;&#1086;&#1074;&#1085;&#1072;</span>\" => \"<span class=sf-dump-str title=\"6 characters\">&#1057;&#1072;&#1083;&#1080;&#1084;&#1072;</span>\"
    \"<span class=sf-dump-key>&#1045;&#1088;&#1073;&#1086;&#1083;&#1179;&#1099;&#1079;&#1099;</span>\" => \"<span class=sf-dump-str title=\"6 characters\">&#1044;&#1110;&#1083;&#1085;&#1072;&#1079;</span>\"
    \"<span class=sf-dump-key>&#1040;&#1089;&#1099;&#1083;&#1073;&#1077;&#1082;&#1179;&#1099;&#1079;&#1099;</span>\" => \"<span class=sf-dump-str title=\"6 characters\">&#1052;&#1257;&#1083;&#1076;&#1110;&#1088;</span>\"
    \"<span class=sf-dump-key>&#1044;&#1078;&#1072;&#1084;&#1073;&#1091;&#1083;&#1086;&#1074;&#1085;&#1072;</span>\" => \"<span class=sf-dump-str title=\"7 characters\">&#1040;&#1083;&#1090;&#1099;&#1085;&#1072;&#1081;</span>\"
    \"<span class=sf-dump-key>&#1178;&#1091;&#1072;&#1085;&#1090;&#1072;&#1081;&#1201;&#1083;&#1099;</span>\" => \"<span class=sf-dump-str title=\"6 characters\">&#1240;&#1083;&#1110;&#1096;&#1077;&#1088;</span>\"
  </samp>]
  #<span class=sf-dump-protected title=\"Protected property\">escapeWhenCastingToString</span>: <span class=sf-dump-const>false</span>
</samp>}
</pre><script>Sfdump(\"sf-dump-1475236134\", {\"maxDepth\":3,\"maxStringLength\":160})</script>
","functions":"<pre class=sf-dump id=sf-dump-1966585157 data-indent-pad=\"  \"><span class=sf-dump-note>Illuminate\\Support\\Collection</span> {<a class=sf-dump-ref>#2534</a><samp data-depth=1 class=sf-dump-expanded>
  #<span class=sf-dump-protected title=\"Protected property\">items</span>: <span class=sf-dump-note>array:2</span> [<samp data-depth=2 class=sf-dump-compact>
    <span class=sf-dump-index>0</span> => \"<span class=sf-dump-str title=\"12 characters\">&#1055;&#1077;&#1088;&#1077;&#1091;&#1087;&#1072;&#1082;&#1086;&#1074;&#1082;&#1072;</span>\"
    <span class=sf-dump-index>1</span> => \"<span class=sf-dump-str title=\"14 characters\">&#1055;&#1077;&#1088;&#1077;&#1091;&#1087;&#1072;&#1082;&#1086;&#1074;&#1082;&#1072; 2</span>\"
  </samp>]
  #<span class=sf-dump-protected title=\"Protected property\">escapeWhenCastingToString</span>: <span class=sf-dump-const>false</span>
</samp>}
</pre><script>Sfdump(\"sf-dump-1966585157\", {\"maxDepth\":3,\"maxStringLength\":160})</script>
","deliveryMethod":"<pre class=sf-dump id=sf-dump-1659824586 data-indent-pad=\"  \">\"<span class=sf-dump-str title=\"7 characters\">address</span>\"
</pre><script>Sfdump(\"sf-dump-1659824586\", {\"maxDepth\":3,\"maxStringLength\":160})</script>
","deliveryAddress":"<pre class=sf-dump id=sf-dump-1197698500 data-indent-pad=\"  \">\"<span class=sf-dump-str title=\"12 characters\">&#1064;&#1077;&#1074;&#1095;&#1077;&#1085;&#1082;&#1086; 118</span>\"
</pre><script>Sfdump(\"sf-dump-1197698500\", {\"maxDepth\":3,\"maxStringLength\":160})</script>
"}},"userId":15730,"exception":"[object] (Facade\\Ignition\\Exceptions\\ViewException(code: 0): Undefined variable $fname (View: D:\\Projects\\Php\\oryx\\resources\\views\\admin\\parcels\\form.blade.php) at D:\\Projects\\Php\\oryx\\resources\\views/admin/parcels/form.blade.php:63)
[stacktrace]
#0 D:\\Projects\\Php\\oryx\\resources\\views/admin/parcels/form.blade.php(63): Illuminate\\Foundation\\Bootstrap\\HandleExceptions->handleError(2, 'Undefined varia...', 'D:\\\\Projects\\\\Php...', 64)
#1 D:\\Projects\\Php\\oryx\\vendor\\laravel\\framework\\src\\Illuminate\\Filesystem\\Filesystem.php(107): require('D:\\\\Projects\\\\Php...')
#2 D:\\Projects\\Php\\oryx\\vendor\\laravel\\framework\\src\\Illuminate\\Filesystem\\Filesystem.php(108): Illuminate\\Filesystem\\Filesystem::Illuminate\\Filesystem\\{closure}()
#3 D:\\Projects\\Php\\oryx\\vendor\\laravel\\framework\\src\\Illuminate\\View\\Engines\\PhpEngine.php(58): Illuminate\\Filesystem\\Filesystem->getRequire('D:\\\\Projects\\\\Php...', Array)
#4 D:\\Projects\\Php\\oryx\\vendor\\laravel\\framework\\src\\Illuminate\\View\\Engines\\CompilerEngine.php(61): Illuminate\\View\\Engines\\PhpEngine->evaluatePath('D:\\\\Projects\\\\Php...', Array)
#5 D:\\Projects\\Php\\oryx\\vendor\\facade\\ignition\\src\\Views\\Engines\\CompilerEngine.php(37): Illuminate\\View\\Engines\\CompilerEngine->get('D:\\\\Projects\\\\Php...', Array)
#6 D:\\Projects\\Php\\oryx\\vendor\\laravel\\framework\\src\\Illuminate\\View\\View.php(139): Facade\\Ignition\\Views\\Engines\\CompilerEngine->get('D:\\\\Projects\\\\Php...', Array)
#7 D:\\Projects\\Php\\oryx\\vendor\\laravel\\framework\\src\\Illuminate\\View\\View.php(122): Illuminate\\View\\View->getContents()
#8 D:\\Projects\\Php\\oryx\\vendor\\laravel\\framework\\src\\Illuminate\\View\\View.php(91): Illuminate\\View\\View->renderContents()
#9 D:\\Projects\\Php\\oryx\\vendor\\laravel\\framework\\src\\Illuminate\\Http\\Response.php(69): Illuminate\\View\\View->render()
#10 D:\\Projects\\Php\\oryx\\vendor\\laravel\\framework\\src\\Illuminate\\Http\\Response.php(35): Illuminate\\Http\\Response->setContent(Object(Illuminate\\View\\View))
#11 D:\\Projects\\Php\\oryx\\vendor\\laravel\\framework\\src\\Illuminate\\Routing\\Router.php(820): Illuminate\\Http\\Response->__construct(Object(Illuminate\\View\\View), 200, Array)
#12 D:\\Projects\\Php\\oryx\\vendor\\laravel\\framework\\src\\Illuminate\\Routing\\Router.php(789): Illuminate\\Routing\\Router::toResponse(Object(Illuminate\\Http\\Request), Object(Illuminate\\View\\View))
#13 D:\\Projects\\Php\\oryx\\vendor\\laravel\\framework\\src\\Illuminate\\Routing\\Router.php(720): Illuminate\\Routing\\Router->prepareResponse(Object(Illuminate\\Http\\Request), Object(Illuminate\\View\\View))
#14 D:\\Projects\\Php\\oryx\\vendor\\laravel\\framework\\src\\Illuminate\\Pipeline\\Pipeline.php(128): Illuminate\\Routing\\Router->Illuminate\\Routing\\{closure}(Object(Illuminate\\Http\\Request))
#15 D:\\Projects\\Php\\oryx\\vendor\\laravel\\framework\\src\\Illuminate\\Routing\\Middleware\\SubstituteBindings.php(50): Illuminate\\Pipeline\\Pipeline->Illuminate\\Pipeline\\{closure}(Object(Illuminate\\Http\\Request))
#16 D:\\Projects\\Php\\oryx\\vendor\\laravel\\framework\\src\\Illuminate\\Pipeline\\Pipeline.php(167): Illuminate\\Routing\\Middleware\\SubstituteBindings->handle(Object(Illuminate\\Http\\Request), Object(Closure))
#17 D:\\Projects\\Php\\oryx\\vendor\\laravel\\framework\\src\\Illuminate\\Auth\\Middleware\\Authenticate.php(44): Illuminate\\Pipeline\\Pipeline->Illuminate\\Pipeline\\{closure}(Object(Illuminate\\Http\\Request))
#18 D:\\Projects\\Php\\oryx\\vendor\\laravel\\framework\\src\\Illuminate\\Pipeline\\Pipeline.php(167): Illuminate\\Auth\\Middleware\\Authenticate->handle(Object(Illuminate\\Http\\Request), Object(Closure))
#19 D:\\Projects\\Php\\oryx\\vendor\\laravel\\framework\\src\\Illuminate\\Foundation\\Http\\Middleware\\VerifyCsrfToken.php(78): Illuminate\\Pipeline\\Pipeline->Illuminate\\Pipeline\\{closure}(Object(Illuminate\\Http\\Request))
#20 D:\\Projects\\Php\\oryx\\vendor\\laravel\\framework\\src\\Illuminate\\Pipeline\\Pipeline.php(167): Illuminate\\Foundation\\Http\\Middleware\\VerifyCsrfToken->handle(Object(Illuminate\\Http\\Request), Object(Closure))
#21 D:\\Projects\\Php\\oryx\\vendor\\laravel\\framework\\src\\Illuminate\\View\\Middleware\\ShareErrorsFromSession.php(49): Illuminate\\Pipeline\\Pipeline->Illuminate\\Pipeline\\{closure}(Object(Illuminate\\Http\\Request))
#22 D:\\Projects\\Php\\oryx\\vendor\\laravel\\framework\\src\\Illuminate\\Pipeline\\Pipeline.php(167): Illuminate\\View\\Middleware\\ShareErrorsFromSession->handle(Object(Illuminate\\Http\\Request), Object(Closure))
#23 D:\\Projects\\Php\\oryx\\vendor\\laravel\\framework\\src\\Illuminate\\Session\\Middleware\\StartSession.php(121): Illuminate\\Pipeline\\Pipeline->Illuminate\\Pipeline\\{closure}(Object(Illuminate\\Http\\Request))
#24 D:\\Projects\\Php\\oryx\\vendor\\laravel\\framework\\src\\Illuminate\\Session\\Middleware\\StartSession.php(64): Illuminate\\Session\\Middleware\\StartSession->handleStatefulRequest(Object(Illuminate\\Http\\Request), Object(Illuminate\\Session\\Store), Object(Closure))
#25 D:\\Projects\\Php\\oryx\\vendor\\laravel\\framework\\src\\Illuminate\\Pipeline\\Pipeline.php(167): Illuminate\\Session\\Middleware\\StartSession->handle(Object(Illuminate\\Http\\Request), Object(Closure))
#26 D:\\Projects\\Php\\oryx\\vendor\\laravel\\framework\\src\\Illuminate\\Cookie\\Middleware\\AddQueuedCookiesToResponse.php(37): Illuminate\\Pipeline\\Pipeline->Illuminate\\Pipeline\\{closure}(Object(Illuminate\\Http\\Request))
#27 D:\\Projects\\Php\\oryx\\vendor\\laravel\\framework\\src\\Illuminate\\Pipeline\\Pipeline.php(167): Illuminate\\Cookie\\Middleware\\AddQueuedCookiesToResponse->handle(Object(Illuminate\\Http\\Request), Object(Closure))
#28 D:\\Projects\\Php\\oryx\\vendor\\laravel\\framework\\src\\Illuminate\\Cookie\\Middleware\\EncryptCookies.php(67): Illuminate\\Pipeline\\Pipeline->Illuminate\\Pipeline\\{closure}(Object(Illuminate\\Http\\Request))
#29 D:\\Projects\\Php\\oryx\\vendor\\laravel\\framework\\src\\Illuminate\\Pipeline\\Pipeline.php(167): Illuminate\\Cookie\\Middleware\\EncryptCookies->handle(Object(Illuminate\\Http\\Request), Object(Closure))
#30 D:\\Projects\\Php\\oryx\\vendor\\laravel\\framework\\src\\Illuminate\\Pipeline\\Pipeline.php(103): Illuminate\\Pipeline\\Pipeline->Illuminate\\Pipeline\\{closure}(Object(Illuminate\\Http\\Request))
#31 D:\\Projects\\Php\\oryx\\vendor\\laravel\\framework\\src\\Illuminate\\Routing\\Router.php(719): Illuminate\\Pipeline\\Pipeline->then(Object(Closure))
#32 D:\\Projects\\Php\\oryx\\vendor\\laravel\\framework\\src\\Illuminate\\Routing\\Router.php(698): Illuminate\\Routing\\Router->runRouteWithinStack(Object(Illuminate\\Routing\\Route), Object(Illuminate\\Http\\Request))
#33 D:\\Projects\\Php\\oryx\\vendor\\laravel\\framework\\src\\Illuminate\\Routing\\Router.php(662): Illuminate\\Routing\\Router->runRoute(Object(Illuminate\\Http\\Request), Object(Illuminate\\Routing\\Route))
#34 D:\\Projects\\Php\\oryx\\vendor\\laravel\\framework\\src\\Illuminate\\Routing\\Router.php(651): Illuminate\\Routing\\Router->dispatchToRoute(Object(Illuminate\\Http\\Request))
#35 D:\\Projects\\Php\\oryx\\vendor\\laravel\\framework\\src\\Illuminate\\Foundation\\Http\\Kernel.php(167): Illuminate\\Routing\\Router->dispatch(Object(Illuminate\\Http\\Request))
#36 D:\\Projects\\Php\\oryx\\vendor\\laravel\\framework\\src\\Illuminate\\Pipeline\\Pipeline.php(128): Illuminate\\Foundation\\Http\\Kernel->Illuminate\\Foundation\\Http\\{closure}(Object(Illuminate\\Http\\Request))
#37 D:\\Projects\\Php\\oryx\\vendor\\laravel\\framework\\src\\Illuminate\\Foundation\\Http\\Middleware\\TransformsRequest.php(21): Illuminate\\Pipeline\\Pipeline->Illuminate\\Pipeline\\{closure}(Object(Illuminate\\Http\\Request))
#38 D:\\Projects\\Php\\oryx\\vendor\\laravel\\framework\\src\\Illuminate\\Foundation\\Http\\Middleware\\ConvertEmptyStringsToNull.php(31): Illuminate\\Foundation\\Http\\Middleware\\TransformsRequest->handle(Object(Illuminate\\Http\\Request), Object(Closure))
#39 D:\\Projects\\Php\\oryx\\vendor\\laravel\\framework\\src\\Illuminate\\Pipeline\\Pipeline.php(167): Illuminate\\Foundation\\Http\\Middleware\\ConvertEmptyStringsToNull->handle(Object(Illuminate\\Http\\Request), Object(Closure))
#40 D:\\Projects\\Php\\oryx\\vendor\\laravel\\framework\\src\\Illuminate\\Foundation\\Http\\Middleware\\TransformsRequest.php(21): Illuminate\\Pipeline\\Pipeline->Illuminate\\Pipeline\\{closure}(Object(Illuminate\\Http\\Request))
#41 D:\\Projects\\Php\\oryx\\vendor\\laravel\\framework\\src\\Illuminate\\Foundation\\Http\\Middleware\\TrimStrings.php(40): Illuminate\\Foundation\\Http\\Middleware\\TransformsRequest->handle(Object(Illuminate\\Http\\Request), Object(Closure))
#42 D:\\Projects\\Php\\oryx\\vendor\\laravel\\framework\\src\\Illuminate\\Pipeline\\Pipeline.php(167): Illuminate\\Foundation\\Http\\Middleware\\TrimStrings->handle(Object(Illuminate\\Http\\Request), Object(Closure))
#43 D:\\Projects\\Php\\oryx\\vendor\\laravel\\framework\\src\\Illuminate\\Foundation\\Http\\Middleware\\ValidatePostSize.php(27): Illuminate\\Pipeline\\Pipeline->Illuminate\\Pipeline\\{closure}(Object(Illuminate\\Http\\Request))
#44 D:\\Projects\\Php\\oryx\\vendor\\laravel\\framework\\src\\Illuminate\\Pipeline\\Pipeline.php(167): Illuminate\\Foundation\\Http\\Middleware\\ValidatePostSize->handle(Object(Illuminate\\Http\\Request), Object(Closure))
#45 D:\\Projects\\Php\\oryx\\vendor\\laravel\\framework\\src\\Illuminate\\Foundation\\Http\\Middleware\\PreventRequestsDuringMaintenance.php(86): Illuminate\\Pipeline\\Pipeline->Illuminate\\Pipeline\\{closure}(Object(Illuminate\\Http\\Request))
#46 D:\\Projects\\Php\\oryx\\vendor\\laravel\\framework\\src\\Illuminate\\Pipeline\\Pipeline.php(167): Illuminate\\Foundation\\Http\\Middleware\\PreventRequestsDuringMaintenance->handle(Object(Illuminate\\Http\\Request), Object(Closure))
#47 D:\\Projects\\Php\\oryx\\app\\Http\\Middleware\\Cors.php(19): Illuminate\\Pipeline\\Pipeline->Illuminate\\Pipeline\\{closure}(Object(Illuminate\\Http\\Request))
#48 D:\\Projects\\Php\\oryx\\vendor\\laravel\\framework\\src\\Illuminate\\Pipeline\\Pipeline.php(167): App\\Http\\Middleware\\Cors->handle(Object(Illuminate\\Http\\Request), Object(Closure))
#49 D:\\Projects\\Php\\oryx\\vendor\\fideloper\\proxy\\src\\TrustProxies.php(57): Illuminate\\Pipeline\\Pipeline->Illuminate\\Pipeline\\{closure}(Object(Illuminate\\Http\\Request))
#50 D:\\Projects\\Php\\oryx\\vendor\\laravel\\framework\\src\\Illuminate\\Pipeline\\Pipeline.php(167): Fideloper\\Proxy\\TrustProxies->handle(Object(Illuminate\\Http\\Request), Object(Closure))
#51 D:\\Projects\\Php\\oryx\\vendor\\laravel\\framework\\src\\Illuminate\\Pipeline\\Pipeline.php(103): Illuminate\\Pipeline\\Pipeline->Illuminate\\Pipeline\\{closure}(Object(Illuminate\\Http\\Request))
#52 D:\\Projects\\Php\\oryx\\vendor\\laravel\\framework\\src\\Illuminate\\Foundation\\Http\\Kernel.php(142): Illuminate\\Pipeline\\Pipeline->then(Object(Closure))
#53 D:\\Projects\\Php\\oryx\\vendor\\laravel\\framework\\src\\Illuminate\\Foundation\\Http\\Kernel.php(111): Illuminate\\Foundation\\Http\\Kernel->sendRequestThroughRouter(Object(Illuminate\\Http\\Request))
#54 D:\\Projects\\Php\\oryx\\public\\index.php(51): Illuminate\\Foundation\\Http\\Kernel->handle(Object(Illuminate\\Http\\Request))
#55 D:\\Projects\\Php\\oryx\\server.php(21): require_once('D:\\\\Projects\\\\Php...')
#56 {main}

[previous exception] [object] (ErrorException(code: 0): Undefined variable $fname at D:\\Projects\\Php\\oryx\\storage\\framework\\views\\1f008600c7cbcefcd79f28918c0d3478b0421492.php:64)
[stacktrace]
#0 D:\\Projects\\Php\\oryx\\storage\\framework\\views\\1f008600c7cbcefcd79f28918c0d3478b0421492.php(64): Illuminate\\Foundation\\Bootstrap\\HandleExceptions->handleError(2, 'Undefined varia...', 'D:\\\\Projects\\\\Php...', 64)
#1 D:\\Projects\\Php\\oryx\\vendor\\laravel\\framework\\src\\Illuminate\\Filesystem\\Filesystem.php(107): require('D:\\\\Projects\\\\Php...')
#2 D:\\Projects\\Php\\oryx\\vendor\\laravel\\framework\\src\\Illuminate\\Filesystem\\Filesystem.php(108): Illuminate\\Filesystem\\Filesystem::Illuminate\\Filesystem\\{closure}()
#3 D:\\Projects\\Php\\oryx\\vendor\\laravel\\framework\\src\\Illuminate\\View\\Engines\\PhpEngine.php(58): Illuminate\\Filesystem\\Filesystem->getRequire('D:\\\\Projects\\\\Php...', Array)
#4 D:\\Projects\\Php\\oryx\\vendor\\laravel\\framework\\src\\Illuminate\\View\\Engines\\CompilerEngine.php(61): Illuminate\\View\\Engines\\PhpEngine->evaluatePath('D:\\\\Projects\\\\Php...', Array)
#5 D:\\Projects\\Php\\oryx\\vendor\\facade\\ignition\\src\\Views\\Engines\\CompilerEngine.php(37): Illuminate\\View\\Engines\\CompilerEngine->get('D:\\\\Projects\\\\Php...', Array)
#6 D:\\Projects\\Php\\oryx\\vendor\\laravel\\framework\\src\\Illuminate\\View\\View.php(139): Facade\\Ignition\\Views\\Engines\\CompilerEngine->get('D:\\\\Projects\\\\Php...', Array)
#7 D:\\Projects\\Php\\oryx\\vendor\\laravel\\framework\\src\\Illuminate\\View\\View.php(122): Illuminate\\View\\View->getContents()
#8 D:\\Projects\\Php\\oryx\\vendor\\laravel\\framework\\src\\Illuminate\\View\\View.php(91): Illuminate\\View\\View->renderContents()
#9 D:\\Projects\\Php\\oryx\\vendor\\laravel\\framework\\src\\Illuminate\\Http\\Response.php(69): Illuminate\\View\\View->render()
#10 D:\\Projects\\Php\\oryx\\vendor\\laravel\\framework\\src\\Illuminate\\Http\\Response.php(35): Illuminate\\Http\\Response->setContent(Object(Illuminate\\View\\View))
#11 D:\\Projects\\Php\\oryx\\vendor\\laravel\\framework\\src\\Illuminate\\Routing\\Router.php(820): Illuminate\\Http\\Response->__construct(Object(Illuminate\\View\\View), 200, Array)
#12 D:\\Projects\\Php\\oryx\\vendor\\laravel\\framework\\src\\Illuminate\\Routing\\Router.php(789): Illuminate\\Routing\\Router::toResponse(Object(Illuminate\\Http\\Request), Object(Illuminate\\View\\View))
#13 D:\\Projects\\Php\\oryx\\vendor\\laravel\\framework\\src\\Illuminate\\Routing\\Router.php(720): Illuminate\\Routing\\Router->prepareResponse(Object(Illuminate\\Http\\Request), Object(Illuminate\\View\\View))
#14 D:\\Projects\\Php\\oryx\\vendor\\laravel\\framework\\src\\Illuminate\\Pipeline\\Pipeline.php(128): Illuminate\\Routing\\Router->Illuminate\\Routing\\{closure}(Object(Illuminate\\Http\\Request))
#15 D:\\Projects\\Php\\oryx\\vendor\\laravel\\framework\\src\\Illuminate\\Routing\\Middleware\\SubstituteBindings.php(50): Illuminate\\Pipeline\\Pipeline->Illuminate\\Pipeline\\{closure}(Object(Illuminate\\Http\\Request))
#16 D:\\Projects\\Php\\oryx\\vendor\\laravel\\framework\\src\\Illuminate\\Pipeline\\Pipeline.php(167): Illuminate\\Routing\\Middleware\\SubstituteBindings->handle(Object(Illuminate\\Http\\Request), Object(Closure))
#17 D:\\Projects\\Php\\oryx\\vendor\\laravel\\framework\\src\\Illuminate\\Auth\\Middleware\\Authenticate.php(44): Illuminate\\Pipeline\\Pipeline->Illuminate\\Pipeline\\{closure}(Object(Illuminate\\Http\\Request))
#18 D:\\Projects\\Php\\oryx\\vendor\\laravel\\framework\\src\\Illuminate\\Pipeline\\Pipeline.php(167): Illuminate\\Auth\\Middleware\\Authenticate->handle(Object(Illuminate\\Http\\Request), Object(Closure))
#19 D:\\Projects\\Php\\oryx\\vendor\\laravel\\framework\\src\\Illuminate\\Foundation\\Http\\Middleware\\VerifyCsrfToken.php(78): Illuminate\\Pipeline\\Pipeline->Illuminate\\Pipeline\\{closure}(Object(Illuminate\\Http\\Request))
#20 D:\\Projects\\Php\\oryx\\vendor\\laravel\\framework\\src\\Illuminate\\Pipeline\\Pipeline.php(167): Illuminate\\Foundation\\Http\\Middleware\\VerifyCsrfToken->handle(Object(Illuminate\\Http\\Request), Object(Closure))
#21 D:\\Projects\\Php\\oryx\\vendor\\laravel\\framework\\src\\Illuminate\\View\\Middleware\\ShareErrorsFromSession.php(49): Illuminate\\Pipeline\\Pipeline->Illuminate\\Pipeline\\{closure}(Object(Illuminate\\Http\\Request))
#22 D:\\Projects\\Php\\oryx\\vendor\\laravel\\framework\\src\\Illuminate\\Pipeline\\Pipeline.php(167): Illuminate\\View\\Middleware\\ShareErrorsFromSession->handle(Object(Illuminate\\Http\\Request), Object(Closure))
#23 D:\\Projects\\Php\\oryx\\vendor\\laravel\\framework\\src\\Illuminate\\Session\\Middleware\\StartSession.php(121): Illuminate\\Pipeline\\Pipeline->Illuminate\\Pipeline\\{closure}(Object(Illuminate\\Http\\Request))
#24 D:\\Projects\\Php\\oryx\\vendor\\laravel\\framework\\src\\Illuminate\\Session\\Middleware\\StartSession.php(64): Illuminate\\Session\\Middleware\\StartSession->handleStatefulRequest(Object(Illuminate\\Http\\Request), Object(Illuminate\\Session\\Store), Object(Closure))
#25 D:\\Projects\\Php\\oryx\\vendor\\laravel\\framework\\src\\Illuminate\\Pipeline\\Pipeline.php(167): Illuminate\\Session\\Middleware\\StartSession->handle(Object(Illuminate\\Http\\Request), Object(Closure))
#26 D:\\Projects\\Php\\oryx\\vendor\\laravel\\framework\\src\\Illuminate\\Cookie\\Middleware\\AddQueuedCookiesToResponse.php(37): Illuminate\\Pipeline\\Pipeline->Illuminate\\Pipeline\\{closure}(Object(Illuminate\\Http\\Request))
#27 D:\\Projects\\Php\\oryx\\vendor\\laravel\\framework\\src\\Illuminate\\Pipeline\\Pipeline.php(167): Illuminate\\Cookie\\Middleware\\AddQueuedCookiesToResponse->handle(Object(Illuminate\\Http\\Request), Object(Closure))
#28 D:\\Projects\\Php\\oryx\\vendor\\laravel\\framework\\src\\Illuminate\\Cookie\\Middleware\\EncryptCookies.php(67): Illuminate\\Pipeline\\Pipeline->Illuminate\\Pipeline\\{closure}(Object(Illuminate\\Http\\Request))
#29 D:\\Projects\\Php\\oryx\\vendor\\laravel\\framework\\src\\Illuminate\\Pipeline\\Pipeline.php(167): Illuminate\\Cookie\\Middleware\\EncryptCookies->handle(Object(Illuminate\\Http\\Request), Object(Closure))
#30 D:\\Projects\\Php\\oryx\\vendor\\laravel\\framework\\src\\Illuminate\\Pipeline\\Pipeline.php(103): Illuminate\\Pipeline\\Pipeline->Illuminate\\Pipeline\\{closure}(Object(Illuminate\\Http\\Request))
#31 D:\\Projects\\Php\\oryx\\vendor\\laravel\\framework\\src\\Illuminate\\Routing\\Router.php(719): Illuminate\\Pipeline\\Pipeline->then(Object(Closure))
#32 D:\\Projects\\Php\\oryx\\vendor\\laravel\\framework\\src\\Illuminate\\Routing\\Router.php(698): Illuminate\\Routing\\Router->runRouteWithinStack(Object(Illuminate\\Routing\\Route), Object(Illuminate\\Http\\Request))
#33 D:\\Projects\\Php\\oryx\\vendor\\laravel\\framework\\src\\Illuminate\\Routing\\Router.php(662): Illuminate\\Routing\\Router->runRoute(Object(Illuminate\\Http\\Request), Object(Illuminate\\Routing\\Route))
#34 D:\\Projects\\Php\\oryx\\vendor\\laravel\\framework\\src\\Illuminate\\Routing\\Router.php(651): Illuminate\\Routing\\Router->dispatchToRoute(Object(Illuminate\\Http\\Request))
#35 D:\\Projects\\Php\\oryx\\vendor\\laravel\\framework\\src\\Illuminate\\Foundation\\Http\\Kernel.php(167): Illuminate\\Routing\\Router->dispatch(Object(Illuminate\\Http\\Request))
#36 D:\\Projects\\Php\\oryx\\vendor\\laravel\\framework\\src\\Illuminate\\Pipeline\\Pipeline.php(128): Illuminate\\Foundation\\Http\\Kernel->Illuminate\\Foundation\\Http\\{closure}(Object(Illuminate\\Http\\Request))
#37 D:\\Projects\\Php\\oryx\\vendor\\laravel\\framework\\src\\Illuminate\\Foundation\\Http\\Middleware\\TransformsRequest.php(21): Illuminate\\Pipeline\\Pipeline->Illuminate\\Pipeline\\{closure}(Object(Illuminate\\Http\\Request))
#38 D:\\Projects\\Php\\oryx\\vendor\\laravel\\framework\\src\\Illuminate\\Foundation\\Http\\Middleware\\ConvertEmptyStringsToNull.php(31): Illuminate\\Foundation\\Http\\Middleware\\TransformsRequest->handle(Object(Illuminate\\Http\\Request), Object(Closure))
#39 D:\\Projects\\Php\\oryx\\vendor\\laravel\\framework\\src\\Illuminate\\Pipeline\\Pipeline.php(167): Illuminate\\Foundation\\Http\\Middleware\\ConvertEmptyStringsToNull->handle(Object(Illuminate\\Http\\Request), Object(Closure))
#40 D:\\Projects\\Php\\oryx\\vendor\\laravel\\framework\\src\\Illuminate\\Foundation\\Http\\Middleware\\TransformsRequest.php(21): Illuminate\\Pipeline\\Pipeline->Illuminate\\Pipeline\\{closure}(Object(Illuminate\\Http\\Request))
#41 D:\\Projects\\Php\\oryx\\vendor\\laravel\\framework\\src\\Illuminate\\Foundation\\Http\\Middleware\\TrimStrings.php(40): Illuminate\\Foundation\\Http\\Middleware\\TransformsRequest->handle(Object(Illuminate\\Http\\Request), Object(Closure))
#42 D:\\Projects\\Php\\oryx\\vendor\\laravel\\framework\\src\\Illuminate\\Pipeline\\Pipeline.php(167): Illuminate\\Foundation\\Http\\Middleware\\TrimStrings->handle(Object(Illuminate\\Http\\Request), Object(Closure))
#43 D:\\Projects\\Php\\oryx\\vendor\\laravel\\framework\\src\\Illuminate\\Foundation\\Http\\Middleware\\ValidatePostSize.php(27): Illuminate\\Pipeline\\Pipeline->Illuminate\\Pipeline\\{closure}(Object(Illuminate\\Http\\Request))
#44 D:\\Projects\\Php\\oryx\\vendor\\laravel\\framework\\src\\Illuminate\\Pipeline\\Pipeline.php(167): Illuminate\\Foundation\\Http\\Middleware\\ValidatePostSize->handle(Object(Illuminate\\Http\\Request), Object(Closure))
#45 D:\\Projects\\Php\\oryx\\vendor\\laravel\\framework\\src\\Illuminate\\Foundation\\Http\\Middleware\\PreventRequestsDuringMaintenance.php(86): Illuminate\\Pipeline\\Pipeline->Illuminate\\Pipeline\\{closure}(Object(Illuminate\\Http\\Request))
#46 D:\\Projects\\Php\\oryx\\vendor\\laravel\\framework\\src\\Illuminate\\Pipeline\\Pipeline.php(167): Illuminate\\Foundation\\Http\\Middleware\\PreventRequestsDuringMaintenance->handle(Object(Illuminate\\Http\\Request), Object(Closure))
#47 D:\\Projects\\Php\\oryx\\app\\Http\\Middleware\\Cors.php(19): Illuminate\\Pipeline\\Pipeline->Illuminate\\Pipeline\\{closure}(Object(Illuminate\\Http\\Request))
#48 D:\\Projects\\Php\\oryx\\vendor\\laravel\\framework\\src\\Illuminate\\Pipeline\\Pipeline.php(167): App\\Http\\Middleware\\Cors->handle(Object(Illuminate\\Http\\Request), Object(Closure))
#49 D:\\Projects\\Php\\oryx\\vendor\\fideloper\\proxy\\src\\TrustProxies.php(57): Illuminate\\Pipeline\\Pipeline->Illuminate\\Pipeline\\{closure}(Object(Illuminate\\Http\\Request))
#50 D:\\Projects\\Php\\oryx\\vendor\\laravel\\framework\\src\\Illuminate\\Pipeline\\Pipeline.php(167): Fideloper\\Proxy\\TrustProxies->handle(Object(Illuminate\\Http\\Request), Object(Closure))
#51 D:\\Projects\\Php\\oryx\\vendor\\laravel\\framework\\src\\Illuminate\\Pipeline\\Pipeline.php(103): Illuminate\\Pipeline\\Pipeline->Illuminate\\Pipeline\\{closure}(Object(Illuminate\\Http\\Request))
#52 D:\\Projects\\Php\\oryx\\vendor\\laravel\\framework\\src\\Illuminate\\Foundation\\Http\\Kernel.php(142): Illuminate\\Pipeline\\Pipeline->then(Object(Closure))
#53 D:\\Projects\\Php\\oryx\\vendor\\laravel\\framework\\src\\Illuminate\\Foundation\\Http\\Kernel.php(111): Illuminate\\Foundation\\Http\\Kernel->sendRequestThroughRouter(Object(Illuminate\\Http\\Request))
#54 D:\\Projects\\Php\\oryx\\public\\index.php(51): Illuminate\\Foundation\\Http\\Kernel->handle(Object(Illuminate\\Http\\Request))
#55 D:\\Projects\\Php\\oryx\\server.php(21): require_once('D:\\\\Projects\\\\Php...')
#56 {main}
"} 
