[2024-08-27 10:56:26] production.ERROR: SQLSTATE[HY000] [1045] Access denied for user 'p-338461_admin'@'localhost' (using password: YES) (SQL: select * from `settings` where (`active` = 1 and `type` = 0 and `code` = registration) limit 1) {"exception":"[object] (Illuminate\\Database\\QueryException(code: 1045): SQLSTATE[HY000] [1045] Access denied for user 'p-338461_admin'@'localhost' (using password: YES) (SQL: select * from `settings` where (`active` = 1 and `type` = 0 and `code` = registration) limit 1) at /home/ibrohim/Backend/php/Laravel/oryx/vendor/laravel/framework/src/Illuminate/Database/Connection.php:712)
[stacktrace]
#0 /home/ibrohim/Backend/php/Laravel/oryx/vendor/laravel/framework/src/Illuminate/Database/Connection.php(672): Illuminate\\Database\\Connection->runQueryCallback()
#1 /home/ibrohim/Backend/php/Laravel/oryx/vendor/laravel/framework/src/Illuminate/Database/Connection.php(359): Illuminate\\Database\\Connection->run()
#2 /home/ibrohim/Backend/php/Laravel/oryx/vendor/laravel/framework/src/Illuminate/Database/Query/Builder.php(2413): Illuminate\\Database\\Connection->select()
#3 /home/ibrohim/Backend/php/Laravel/oryx/vendor/laravel/framework/src/Illuminate/Database/Query/Builder.php(2402): Illuminate\\Database\\Query\\Builder->runSelect()
#4 /home/ibrohim/Backend/php/Laravel/oryx/vendor/laravel/framework/src/Illuminate/Database/Query/Builder.php(2936): Illuminate\\Database\\Query\\Builder->Illuminate\\Database\\Query\\{closure}()
#5 /home/ibrohim/Backend/php/Laravel/oryx/vendor/laravel/framework/src/Illuminate/Database/Query/Builder.php(2401): Illuminate\\Database\\Query\\Builder->onceWithColumns()
#6 /home/ibrohim/Backend/php/Laravel/oryx/vendor/laravel/framework/src/Illuminate/Database/Eloquent/Builder.php(625): Illuminate\\Database\\Query\\Builder->get()
#7 /home/ibrohim/Backend/php/Laravel/oryx/vendor/laravel/framework/src/Illuminate/Database/Eloquent/Builder.php(609): Illuminate\\Database\\Eloquent\\Builder->getModels()
#8 /home/ibrohim/Backend/php/Laravel/oryx/vendor/laravel/framework/src/Illuminate/Database/Concerns/BuildsQueries.php(294): Illuminate\\Database\\Eloquent\\Builder->get()
#9 /home/ibrohim/Backend/php/Laravel/oryx/app/Providers/AuthServiceProvider.php(33): Illuminate\\Database\\Eloquent\\Builder->first()
#10 /home/ibrohim/Backend/php/Laravel/oryx/vendor/laravel/framework/src/Illuminate/Container/BoundMethod.php(36): App\\Providers\\AuthServiceProvider->boot()
#11 /home/ibrohim/Backend/php/Laravel/oryx/vendor/laravel/framework/src/Illuminate/Container/Util.php(40): Illuminate\\Container\\BoundMethod::Illuminate\\Container\\{closure}()
#12 /home/ibrohim/Backend/php/Laravel/oryx/vendor/laravel/framework/src/Illuminate/Container/BoundMethod.php(93): Illuminate\\Container\\Util::unwrapIfClosure()
#13 /home/ibrohim/Backend/php/Laravel/oryx/vendor/laravel/framework/src/Illuminate/Container/BoundMethod.php(35): Illuminate\\Container\\BoundMethod::callBoundMethod()
#14 /home/ibrohim/Backend/php/Laravel/oryx/vendor/laravel/framework/src/Illuminate/Container/Container.php(653): Illuminate\\Container\\BoundMethod::call()
#15 /home/ibrohim/Backend/php/Laravel/oryx/vendor/laravel/framework/src/Illuminate/Foundation/Application.php(924): Illuminate\\Container\\Container->call()
#16 /home/ibrohim/Backend/php/Laravel/oryx/vendor/laravel/framework/src/Illuminate/Foundation/Application.php(905): Illuminate\\Foundation\\Application->bootProvider()
#17 [internal function]: Illuminate\\Foundation\\Application->Illuminate\\Foundation\\{closure}()
#18 /home/ibrohim/Backend/php/Laravel/oryx/vendor/laravel/framework/src/Illuminate/Foundation/Application.php(904): array_walk()
#19 /home/ibrohim/Backend/php/Laravel/oryx/vendor/laravel/framework/src/Illuminate/Foundation/Bootstrap/BootProviders.php(17): Illuminate\\Foundation\\Application->boot()
#20 /home/ibrohim/Backend/php/Laravel/oryx/vendor/laravel/framework/src/Illuminate/Foundation/Application.php(237): Illuminate\\Foundation\\Bootstrap\\BootProviders->bootstrap()
#21 /home/ibrohim/Backend/php/Laravel/oryx/vendor/laravel/framework/src/Illuminate/Foundation/Console/Kernel.php(310): Illuminate\\Foundation\\Application->bootstrapWith()
#22 /home/ibrohim/Backend/php/Laravel/oryx/vendor/laravel/framework/src/Illuminate/Foundation/Console/Kernel.php(127): Illuminate\\Foundation\\Console\\Kernel->bootstrap()
#23 /home/ibrohim/Backend/php/Laravel/oryx/artisan(35): Illuminate\\Foundation\\Console\\Kernel->handle()
#24 {main}

[previous exception] [object] (PDOException(code: 1045): SQLSTATE[HY000] [1045] Access denied for user 'p-338461_admin'@'localhost' (using password: YES) at /home/ibrohim/Backend/php/Laravel/oryx/vendor/laravel/framework/src/Illuminate/Database/Connectors/Connector.php:70)
[stacktrace]
#0 /home/ibrohim/Backend/php/Laravel/oryx/vendor/laravel/framework/src/Illuminate/Database/Connectors/Connector.php(70): PDO->__construct()
#1 /home/ibrohim/Backend/php/Laravel/oryx/vendor/laravel/framework/src/Illuminate/Database/Connectors/Connector.php(45): Illuminate\\Database\\Connectors\\Connector->createPdoConnection()
#2 /home/ibrohim/Backend/php/Laravel/oryx/vendor/laravel/framework/src/Illuminate/Database/Connectors/MySqlConnector.php(24): Illuminate\\Database\\Connectors\\Connector->createConnection()
#3 /home/ibrohim/Backend/php/Laravel/oryx/vendor/laravel/framework/src/Illuminate/Database/Connectors/ConnectionFactory.php(184): Illuminate\\Database\\Connectors\\MySqlConnector->connect()
#4 [internal function]: Illuminate\\Database\\Connectors\\ConnectionFactory->Illuminate\\Database\\Connectors\\{closure}()
#5 /home/ibrohim/Backend/php/Laravel/oryx/vendor/laravel/framework/src/Illuminate/Database/Connection.php(1064): call_user_func()
#6 /home/ibrohim/Backend/php/Laravel/oryx/vendor/laravel/framework/src/Illuminate/Database/Connection.php(1100): Illuminate\\Database\\Connection->getPdo()
#7 /home/ibrohim/Backend/php/Laravel/oryx/vendor/laravel/framework/src/Illuminate/Database/Connection.php(442): Illuminate\\Database\\Connection->getReadPdo()
#8 /home/ibrohim/Backend/php/Laravel/oryx/vendor/laravel/framework/src/Illuminate/Database/Connection.php(368): Illuminate\\Database\\Connection->getPdoForSelect()
#9 /home/ibrohim/Backend/php/Laravel/oryx/vendor/laravel/framework/src/Illuminate/Database/Connection.php(705): Illuminate\\Database\\Connection->Illuminate\\Database\\{closure}()
#10 /home/ibrohim/Backend/php/Laravel/oryx/vendor/laravel/framework/src/Illuminate/Database/Connection.php(672): Illuminate\\Database\\Connection->runQueryCallback()
#11 /home/ibrohim/Backend/php/Laravel/oryx/vendor/laravel/framework/src/Illuminate/Database/Connection.php(359): Illuminate\\Database\\Connection->run()
#12 /home/ibrohim/Backend/php/Laravel/oryx/vendor/laravel/framework/src/Illuminate/Database/Query/Builder.php(2413): Illuminate\\Database\\Connection->select()
#13 /home/ibrohim/Backend/php/Laravel/oryx/vendor/laravel/framework/src/Illuminate/Database/Query/Builder.php(2402): Illuminate\\Database\\Query\\Builder->runSelect()
#14 /home/ibrohim/Backend/php/Laravel/oryx/vendor/laravel/framework/src/Illuminate/Database/Query/Builder.php(2936): Illuminate\\Database\\Query\\Builder->Illuminate\\Database\\Query\\{closure}()
#15 /home/ibrohim/Backend/php/Laravel/oryx/vendor/laravel/framework/src/Illuminate/Database/Query/Builder.php(2401): Illuminate\\Database\\Query\\Builder->onceWithColumns()
#16 /home/ibrohim/Backend/php/Laravel/oryx/vendor/laravel/framework/src/Illuminate/Database/Eloquent/Builder.php(625): Illuminate\\Database\\Query\\Builder->get()
#17 /home/ibrohim/Backend/php/Laravel/oryx/vendor/laravel/framework/src/Illuminate/Database/Eloquent/Builder.php(609): Illuminate\\Database\\Eloquent\\Builder->getModels()
#18 /home/ibrohim/Backend/php/Laravel/oryx/vendor/laravel/framework/src/Illuminate/Database/Concerns/BuildsQueries.php(294): Illuminate\\Database\\Eloquent\\Builder->get()
#19 /home/ibrohim/Backend/php/Laravel/oryx/app/Providers/AuthServiceProvider.php(33): Illuminate\\Database\\Eloquent\\Builder->first()
#20 /home/ibrohim/Backend/php/Laravel/oryx/vendor/laravel/framework/src/Illuminate/Container/BoundMethod.php(36): App\\Providers\\AuthServiceProvider->boot()
#21 /home/ibrohim/Backend/php/Laravel/oryx/vendor/laravel/framework/src/Illuminate/Container/Util.php(40): Illuminate\\Container\\BoundMethod::Illuminate\\Container\\{closure}()
#22 /home/ibrohim/Backend/php/Laravel/oryx/vendor/laravel/framework/src/Illuminate/Container/BoundMethod.php(93): Illuminate\\Container\\Util::unwrapIfClosure()
#23 /home/ibrohim/Backend/php/Laravel/oryx/vendor/laravel/framework/src/Illuminate/Container/BoundMethod.php(35): Illuminate\\Container\\BoundMethod::callBoundMethod()
#24 /home/ibrohim/Backend/php/Laravel/oryx/vendor/laravel/framework/src/Illuminate/Container/Container.php(653): Illuminate\\Container\\BoundMethod::call()
#25 /home/ibrohim/Backend/php/Laravel/oryx/vendor/laravel/framework/src/Illuminate/Foundation/Application.php(924): Illuminate\\Container\\Container->call()
#26 /home/ibrohim/Backend/php/Laravel/oryx/vendor/laravel/framework/src/Illuminate/Foundation/Application.php(905): Illuminate\\Foundation\\Application->bootProvider()
#27 [internal function]: Illuminate\\Foundation\\Application->Illuminate\\Foundation\\{closure}()
#28 /home/ibrohim/Backend/php/Laravel/oryx/vendor/laravel/framework/src/Illuminate/Foundation/Application.php(904): array_walk()
#29 /home/ibrohim/Backend/php/Laravel/oryx/vendor/laravel/framework/src/Illuminate/Foundation/Bootstrap/BootProviders.php(17): Illuminate\\Foundation\\Application->boot()
#30 /home/ibrohim/Backend/php/Laravel/oryx/vendor/laravel/framework/src/Illuminate/Foundation/Application.php(237): Illuminate\\Foundation\\Bootstrap\\BootProviders->bootstrap()
#31 /home/ibrohim/Backend/php/Laravel/oryx/vendor/laravel/framework/src/Illuminate/Foundation/Console/Kernel.php(310): Illuminate\\Foundation\\Application->bootstrapWith()
#32 /home/ibrohim/Backend/php/Laravel/oryx/vendor/laravel/framework/src/Illuminate/Foundation/Console/Kernel.php(127): Illuminate\\Foundation\\Console\\Kernel->bootstrap()
#33 /home/ibrohim/Backend/php/Laravel/oryx/artisan(35): Illuminate\\Foundation\\Console\\Kernel->handle()
#34 {main}
"} 
[2024-08-27 10:56:49] production.ERROR: SQLSTATE[HY000] [1045] Access denied for user 'forge'@'localhost' (using password: YES) (SQL: select * from `settings` where (`active` = 1 and `type` = 0 and `code` = registration) limit 1) {"exception":"[object] (Illuminate\\Database\\QueryException(code: 1045): SQLSTATE[HY000] [1045] Access denied for user 'forge'@'localhost' (using password: YES) (SQL: select * from `settings` where (`active` = 1 and `type` = 0 and `code` = registration) limit 1) at /home/ibrohim/Backend/php/Laravel/oryx/vendor/laravel/framework/src/Illuminate/Database/Connection.php:712)
[stacktrace]
#0 /home/ibrohim/Backend/php/Laravel/oryx/vendor/laravel/framework/src/Illuminate/Database/Connection.php(672): Illuminate\\Database\\Connection->runQueryCallback()
#1 /home/ibrohim/Backend/php/Laravel/oryx/vendor/laravel/framework/src/Illuminate/Database/Connection.php(359): Illuminate\\Database\\Connection->run()
#2 /home/ibrohim/Backend/php/Laravel/oryx/vendor/laravel/framework/src/Illuminate/Database/Query/Builder.php(2413): Illuminate\\Database\\Connection->select()
#3 /home/ibrohim/Backend/php/Laravel/oryx/vendor/laravel/framework/src/Illuminate/Database/Query/Builder.php(2402): Illuminate\\Database\\Query\\Builder->runSelect()
#4 /home/ibrohim/Backend/php/Laravel/oryx/vendor/laravel/framework/src/Illuminate/Database/Query/Builder.php(2936): Illuminate\\Database\\Query\\Builder->Illuminate\\Database\\Query\\{closure}()
#5 /home/ibrohim/Backend/php/Laravel/oryx/vendor/laravel/framework/src/Illuminate/Database/Query/Builder.php(2401): Illuminate\\Database\\Query\\Builder->onceWithColumns()
#6 /home/ibrohim/Backend/php/Laravel/oryx/vendor/laravel/framework/src/Illuminate/Database/Eloquent/Builder.php(625): Illuminate\\Database\\Query\\Builder->get()
#7 /home/ibrohim/Backend/php/Laravel/oryx/vendor/laravel/framework/src/Illuminate/Database/Eloquent/Builder.php(609): Illuminate\\Database\\Eloquent\\Builder->getModels()
#8 /home/ibrohim/Backend/php/Laravel/oryx/vendor/laravel/framework/src/Illuminate/Database/Concerns/BuildsQueries.php(294): Illuminate\\Database\\Eloquent\\Builder->get()
#9 /home/ibrohim/Backend/php/Laravel/oryx/app/Providers/AuthServiceProvider.php(33): Illuminate\\Database\\Eloquent\\Builder->first()
#10 /home/ibrohim/Backend/php/Laravel/oryx/vendor/laravel/framework/src/Illuminate/Container/BoundMethod.php(36): App\\Providers\\AuthServiceProvider->boot()
#11 /home/ibrohim/Backend/php/Laravel/oryx/vendor/laravel/framework/src/Illuminate/Container/Util.php(40): Illuminate\\Container\\BoundMethod::Illuminate\\Container\\{closure}()
#12 /home/ibrohim/Backend/php/Laravel/oryx/vendor/laravel/framework/src/Illuminate/Container/BoundMethod.php(93): Illuminate\\Container\\Util::unwrapIfClosure()
#13 /home/ibrohim/Backend/php/Laravel/oryx/vendor/laravel/framework/src/Illuminate/Container/BoundMethod.php(35): Illuminate\\Container\\BoundMethod::callBoundMethod()
#14 /home/ibrohim/Backend/php/Laravel/oryx/vendor/laravel/framework/src/Illuminate/Container/Container.php(653): Illuminate\\Container\\BoundMethod::call()
#15 /home/ibrohim/Backend/php/Laravel/oryx/vendor/laravel/framework/src/Illuminate/Foundation/Application.php(924): Illuminate\\Container\\Container->call()
#16 /home/ibrohim/Backend/php/Laravel/oryx/vendor/laravel/framework/src/Illuminate/Foundation/Application.php(905): Illuminate\\Foundation\\Application->bootProvider()
#17 [internal function]: Illuminate\\Foundation\\Application->Illuminate\\Foundation\\{closure}()
#18 /home/ibrohim/Backend/php/Laravel/oryx/vendor/laravel/framework/src/Illuminate/Foundation/Application.php(904): array_walk()
#19 /home/ibrohim/Backend/php/Laravel/oryx/vendor/laravel/framework/src/Illuminate/Foundation/Bootstrap/BootProviders.php(17): Illuminate\\Foundation\\Application->boot()
#20 /home/ibrohim/Backend/php/Laravel/oryx/vendor/laravel/framework/src/Illuminate/Foundation/Application.php(237): Illuminate\\Foundation\\Bootstrap\\BootProviders->bootstrap()
#21 /home/ibrohim/Backend/php/Laravel/oryx/vendor/laravel/framework/src/Illuminate/Foundation/Console/Kernel.php(310): Illuminate\\Foundation\\Application->bootstrapWith()
#22 /home/ibrohim/Backend/php/Laravel/oryx/vendor/laravel/framework/src/Illuminate/Foundation/Console/Kernel.php(127): Illuminate\\Foundation\\Console\\Kernel->bootstrap()
#23 /home/ibrohim/Backend/php/Laravel/oryx/artisan(35): Illuminate\\Foundation\\Console\\Kernel->handle()
#24 {main}

[previous exception] [object] (PDOException(code: 1045): SQLSTATE[HY000] [1045] Access denied for user 'forge'@'localhost' (using password: YES) at /home/ibrohim/Backend/php/Laravel/oryx/vendor/laravel/framework/src/Illuminate/Database/Connectors/Connector.php:70)
[stacktrace]
#0 /home/ibrohim/Backend/php/Laravel/oryx/vendor/laravel/framework/src/Illuminate/Database/Connectors/Connector.php(70): PDO->__construct()
#1 /home/ibrohim/Backend/php/Laravel/oryx/vendor/laravel/framework/src/Illuminate/Database/Connectors/Connector.php(45): Illuminate\\Database\\Connectors\\Connector->createPdoConnection()
#2 /home/ibrohim/Backend/php/Laravel/oryx/vendor/laravel/framework/src/Illuminate/Database/Connectors/MySqlConnector.php(24): Illuminate\\Database\\Connectors\\Connector->createConnection()
#3 /home/ibrohim/Backend/php/Laravel/oryx/vendor/laravel/framework/src/Illuminate/Database/Connectors/ConnectionFactory.php(184): Illuminate\\Database\\Connectors\\MySqlConnector->connect()
#4 [internal function]: Illuminate\\Database\\Connectors\\ConnectionFactory->Illuminate\\Database\\Connectors\\{closure}()
#5 /home/ibrohim/Backend/php/Laravel/oryx/vendor/laravel/framework/src/Illuminate/Database/Connection.php(1064): call_user_func()
#6 /home/ibrohim/Backend/php/Laravel/oryx/vendor/laravel/framework/src/Illuminate/Database/Connection.php(1100): Illuminate\\Database\\Connection->getPdo()
#7 /home/ibrohim/Backend/php/Laravel/oryx/vendor/laravel/framework/src/Illuminate/Database/Connection.php(442): Illuminate\\Database\\Connection->getReadPdo()
#8 /home/ibrohim/Backend/php/Laravel/oryx/vendor/laravel/framework/src/Illuminate/Database/Connection.php(368): Illuminate\\Database\\Connection->getPdoForSelect()
#9 /home/ibrohim/Backend/php/Laravel/oryx/vendor/laravel/framework/src/Illuminate/Database/Connection.php(705): Illuminate\\Database\\Connection->Illuminate\\Database\\{closure}()
#10 /home/ibrohim/Backend/php/Laravel/oryx/vendor/laravel/framework/src/Illuminate/Database/Connection.php(672): Illuminate\\Database\\Connection->runQueryCallback()
#11 /home/ibrohim/Backend/php/Laravel/oryx/vendor/laravel/framework/src/Illuminate/Database/Connection.php(359): Illuminate\\Database\\Connection->run()
#12 /home/ibrohim/Backend/php/Laravel/oryx/vendor/laravel/framework/src/Illuminate/Database/Query/Builder.php(2413): Illuminate\\Database\\Connection->select()
#13 /home/ibrohim/Backend/php/Laravel/oryx/vendor/laravel/framework/src/Illuminate/Database/Query/Builder.php(2402): Illuminate\\Database\\Query\\Builder->runSelect()
#14 /home/ibrohim/Backend/php/Laravel/oryx/vendor/laravel/framework/src/Illuminate/Database/Query/Builder.php(2936): Illuminate\\Database\\Query\\Builder->Illuminate\\Database\\Query\\{closure}()
#15 /home/ibrohim/Backend/php/Laravel/oryx/vendor/laravel/framework/src/Illuminate/Database/Query/Builder.php(2401): Illuminate\\Database\\Query\\Builder->onceWithColumns()
#16 /home/ibrohim/Backend/php/Laravel/oryx/vendor/laravel/framework/src/Illuminate/Database/Eloquent/Builder.php(625): Illuminate\\Database\\Query\\Builder->get()
#17 /home/ibrohim/Backend/php/Laravel/oryx/vendor/laravel/framework/src/Illuminate/Database/Eloquent/Builder.php(609): Illuminate\\Database\\Eloquent\\Builder->getModels()
#18 /home/ibrohim/Backend/php/Laravel/oryx/vendor/laravel/framework/src/Illuminate/Database/Concerns/BuildsQueries.php(294): Illuminate\\Database\\Eloquent\\Builder->get()
#19 /home/ibrohim/Backend/php/Laravel/oryx/app/Providers/AuthServiceProvider.php(33): Illuminate\\Database\\Eloquent\\Builder->first()
#20 /home/ibrohim/Backend/php/Laravel/oryx/vendor/laravel/framework/src/Illuminate/Container/BoundMethod.php(36): App\\Providers\\AuthServiceProvider->boot()
#21 /home/ibrohim/Backend/php/Laravel/oryx/vendor/laravel/framework/src/Illuminate/Container/Util.php(40): Illuminate\\Container\\BoundMethod::Illuminate\\Container\\{closure}()
#22 /home/ibrohim/Backend/php/Laravel/oryx/vendor/laravel/framework/src/Illuminate/Container/BoundMethod.php(93): Illuminate\\Container\\Util::unwrapIfClosure()
#23 /home/ibrohim/Backend/php/Laravel/oryx/vendor/laravel/framework/src/Illuminate/Container/BoundMethod.php(35): Illuminate\\Container\\BoundMethod::callBoundMethod()
#24 /home/ibrohim/Backend/php/Laravel/oryx/vendor/laravel/framework/src/Illuminate/Container/Container.php(653): Illuminate\\Container\\BoundMethod::call()
#25 /home/ibrohim/Backend/php/Laravel/oryx/vendor/laravel/framework/src/Illuminate/Foundation/Application.php(924): Illuminate\\Container\\Container->call()
#26 /home/ibrohim/Backend/php/Laravel/oryx/vendor/laravel/framework/src/Illuminate/Foundation/Application.php(905): Illuminate\\Foundation\\Application->bootProvider()
#27 [internal function]: Illuminate\\Foundation\\Application->Illuminate\\Foundation\\{closure}()
#28 /home/ibrohim/Backend/php/Laravel/oryx/vendor/laravel/framework/src/Illuminate/Foundation/Application.php(904): array_walk()
#29 /home/ibrohim/Backend/php/Laravel/oryx/vendor/laravel/framework/src/Illuminate/Foundation/Bootstrap/BootProviders.php(17): Illuminate\\Foundation\\Application->boot()
#30 /home/ibrohim/Backend/php/Laravel/oryx/vendor/laravel/framework/src/Illuminate/Foundation/Application.php(237): Illuminate\\Foundation\\Bootstrap\\BootProviders->bootstrap()
#31 /home/ibrohim/Backend/php/Laravel/oryx/vendor/laravel/framework/src/Illuminate/Foundation/Console/Kernel.php(310): Illuminate\\Foundation\\Application->bootstrapWith()
#32 /home/ibrohim/Backend/php/Laravel/oryx/vendor/laravel/framework/src/Illuminate/Foundation/Console/Kernel.php(127): Illuminate\\Foundation\\Console\\Kernel->bootstrap()
#33 /home/ibrohim/Backend/php/Laravel/oryx/artisan(35): Illuminate\\Foundation\\Console\\Kernel->handle()
#34 {main}
"} 
[2024-08-27 10:57:43] production.ERROR: SQLSTATE[HY000] [1045] Access denied for user 'forge'@'localhost' (using password: YES) (SQL: select * from `settings` where (`active` = 1 and `type` = 0 and `code` = registration) limit 1) {"exception":"[object] (Illuminate\\Database\\QueryException(code: 1045): SQLSTATE[HY000] [1045] Access denied for user 'forge'@'localhost' (using password: YES) (SQL: select * from `settings` where (`active` = 1 and `type` = 0 and `code` = registration) limit 1) at /home/ibrohim/Backend/php/Laravel/oryx/vendor/laravel/framework/src/Illuminate/Database/Connection.php:712)
[stacktrace]
#0 /home/ibrohim/Backend/php/Laravel/oryx/vendor/laravel/framework/src/Illuminate/Database/Connection.php(672): Illuminate\\Database\\Connection->runQueryCallback()
#1 /home/ibrohim/Backend/php/Laravel/oryx/vendor/laravel/framework/src/Illuminate/Database/Connection.php(359): Illuminate\\Database\\Connection->run()
#2 /home/ibrohim/Backend/php/Laravel/oryx/vendor/laravel/framework/src/Illuminate/Database/Query/Builder.php(2413): Illuminate\\Database\\Connection->select()
#3 /home/ibrohim/Backend/php/Laravel/oryx/vendor/laravel/framework/src/Illuminate/Database/Query/Builder.php(2402): Illuminate\\Database\\Query\\Builder->runSelect()
#4 /home/ibrohim/Backend/php/Laravel/oryx/vendor/laravel/framework/src/Illuminate/Database/Query/Builder.php(2936): Illuminate\\Database\\Query\\Builder->Illuminate\\Database\\Query\\{closure}()
#5 /home/ibrohim/Backend/php/Laravel/oryx/vendor/laravel/framework/src/Illuminate/Database/Query/Builder.php(2401): Illuminate\\Database\\Query\\Builder->onceWithColumns()
#6 /home/ibrohim/Backend/php/Laravel/oryx/vendor/laravel/framework/src/Illuminate/Database/Eloquent/Builder.php(625): Illuminate\\Database\\Query\\Builder->get()
#7 /home/ibrohim/Backend/php/Laravel/oryx/vendor/laravel/framework/src/Illuminate/Database/Eloquent/Builder.php(609): Illuminate\\Database\\Eloquent\\Builder->getModels()
#8 /home/ibrohim/Backend/php/Laravel/oryx/vendor/laravel/framework/src/Illuminate/Database/Concerns/BuildsQueries.php(294): Illuminate\\Database\\Eloquent\\Builder->get()
#9 /home/ibrohim/Backend/php/Laravel/oryx/app/Providers/AuthServiceProvider.php(33): Illuminate\\Database\\Eloquent\\Builder->first()
#10 /home/ibrohim/Backend/php/Laravel/oryx/vendor/laravel/framework/src/Illuminate/Container/BoundMethod.php(36): App\\Providers\\AuthServiceProvider->boot()
#11 /home/ibrohim/Backend/php/Laravel/oryx/vendor/laravel/framework/src/Illuminate/Container/Util.php(40): Illuminate\\Container\\BoundMethod::Illuminate\\Container\\{closure}()
#12 /home/ibrohim/Backend/php/Laravel/oryx/vendor/laravel/framework/src/Illuminate/Container/BoundMethod.php(93): Illuminate\\Container\\Util::unwrapIfClosure()
#13 /home/ibrohim/Backend/php/Laravel/oryx/vendor/laravel/framework/src/Illuminate/Container/BoundMethod.php(35): Illuminate\\Container\\BoundMethod::callBoundMethod()
#14 /home/ibrohim/Backend/php/Laravel/oryx/vendor/laravel/framework/src/Illuminate/Container/Container.php(653): Illuminate\\Container\\BoundMethod::call()
#15 /home/ibrohim/Backend/php/Laravel/oryx/vendor/laravel/framework/src/Illuminate/Foundation/Application.php(924): Illuminate\\Container\\Container->call()
#16 /home/ibrohim/Backend/php/Laravel/oryx/vendor/laravel/framework/src/Illuminate/Foundation/Application.php(905): Illuminate\\Foundation\\Application->bootProvider()
#17 [internal function]: Illuminate\\Foundation\\Application->Illuminate\\Foundation\\{closure}()
#18 /home/ibrohim/Backend/php/Laravel/oryx/vendor/laravel/framework/src/Illuminate/Foundation/Application.php(904): array_walk()
#19 /home/ibrohim/Backend/php/Laravel/oryx/vendor/laravel/framework/src/Illuminate/Foundation/Bootstrap/BootProviders.php(17): Illuminate\\Foundation\\Application->boot()
#20 /home/ibrohim/Backend/php/Laravel/oryx/vendor/laravel/framework/src/Illuminate/Foundation/Application.php(237): Illuminate\\Foundation\\Bootstrap\\BootProviders->bootstrap()
#21 /home/ibrohim/Backend/php/Laravel/oryx/vendor/laravel/framework/src/Illuminate/Foundation/Console/Kernel.php(310): Illuminate\\Foundation\\Application->bootstrapWith()
#22 /home/ibrohim/Backend/php/Laravel/oryx/vendor/laravel/framework/src/Illuminate/Foundation/Console/Kernel.php(127): Illuminate\\Foundation\\Console\\Kernel->bootstrap()
#23 /home/ibrohim/Backend/php/Laravel/oryx/artisan(35): Illuminate\\Foundation\\Console\\Kernel->handle()
#24 {main}

[previous exception] [object] (PDOException(code: 1045): SQLSTATE[HY000] [1045] Access denied for user 'forge'@'localhost' (using password: YES) at /home/ibrohim/Backend/php/Laravel/oryx/vendor/laravel/framework/src/Illuminate/Database/Connectors/Connector.php:70)
[stacktrace]
#0 /home/ibrohim/Backend/php/Laravel/oryx/vendor/laravel/framework/src/Illuminate/Database/Connectors/Connector.php(70): PDO->__construct()
#1 /home/ibrohim/Backend/php/Laravel/oryx/vendor/laravel/framework/src/Illuminate/Database/Connectors/Connector.php(45): Illuminate\\Database\\Connectors\\Connector->createPdoConnection()
#2 /home/ibrohim/Backend/php/Laravel/oryx/vendor/laravel/framework/src/Illuminate/Database/Connectors/MySqlConnector.php(24): Illuminate\\Database\\Connectors\\Connector->createConnection()
#3 /home/ibrohim/Backend/php/Laravel/oryx/vendor/laravel/framework/src/Illuminate/Database/Connectors/ConnectionFactory.php(184): Illuminate\\Database\\Connectors\\MySqlConnector->connect()
#4 [internal function]: Illuminate\\Database\\Connectors\\ConnectionFactory->Illuminate\\Database\\Connectors\\{closure}()
#5 /home/ibrohim/Backend/php/Laravel/oryx/vendor/laravel/framework/src/Illuminate/Database/Connection.php(1064): call_user_func()
#6 /home/ibrohim/Backend/php/Laravel/oryx/vendor/laravel/framework/src/Illuminate/Database/Connection.php(1100): Illuminate\\Database\\Connection->getPdo()
#7 /home/ibrohim/Backend/php/Laravel/oryx/vendor/laravel/framework/src/Illuminate/Database/Connection.php(442): Illuminate\\Database\\Connection->getReadPdo()
#8 /home/ibrohim/Backend/php/Laravel/oryx/vendor/laravel/framework/src/Illuminate/Database/Connection.php(368): Illuminate\\Database\\Connection->getPdoForSelect()
#9 /home/ibrohim/Backend/php/Laravel/oryx/vendor/laravel/framework/src/Illuminate/Database/Connection.php(705): Illuminate\\Database\\Connection->Illuminate\\Database\\{closure}()
#10 /home/ibrohim/Backend/php/Laravel/oryx/vendor/laravel/framework/src/Illuminate/Database/Connection.php(672): Illuminate\\Database\\Connection->runQueryCallback()
#11 /home/ibrohim/Backend/php/Laravel/oryx/vendor/laravel/framework/src/Illuminate/Database/Connection.php(359): Illuminate\\Database\\Connection->run()
#12 /home/ibrohim/Backend/php/Laravel/oryx/vendor/laravel/framework/src/Illuminate/Database/Query/Builder.php(2413): Illuminate\\Database\\Connection->select()
#13 /home/ibrohim/Backend/php/Laravel/oryx/vendor/laravel/framework/src/Illuminate/Database/Query/Builder.php(2402): Illuminate\\Database\\Query\\Builder->runSelect()
#14 /home/ibrohim/Backend/php/Laravel/oryx/vendor/laravel/framework/src/Illuminate/Database/Query/Builder.php(2936): Illuminate\\Database\\Query\\Builder->Illuminate\\Database\\Query\\{closure}()
#15 /home/ibrohim/Backend/php/Laravel/oryx/vendor/laravel/framework/src/Illuminate/Database/Query/Builder.php(2401): Illuminate\\Database\\Query\\Builder->onceWithColumns()
#16 /home/ibrohim/Backend/php/Laravel/oryx/vendor/laravel/framework/src/Illuminate/Database/Eloquent/Builder.php(625): Illuminate\\Database\\Query\\Builder->get()
#17 /home/ibrohim/Backend/php/Laravel/oryx/vendor/laravel/framework/src/Illuminate/Database/Eloquent/Builder.php(609): Illuminate\\Database\\Eloquent\\Builder->getModels()
#18 /home/ibrohim/Backend/php/Laravel/oryx/vendor/laravel/framework/src/Illuminate/Database/Concerns/BuildsQueries.php(294): Illuminate\\Database\\Eloquent\\Builder->get()
#19 /home/ibrohim/Backend/php/Laravel/oryx/app/Providers/AuthServiceProvider.php(33): Illuminate\\Database\\Eloquent\\Builder->first()
#20 /home/ibrohim/Backend/php/Laravel/oryx/vendor/laravel/framework/src/Illuminate/Container/BoundMethod.php(36): App\\Providers\\AuthServiceProvider->boot()
#21 /home/ibrohim/Backend/php/Laravel/oryx/vendor/laravel/framework/src/Illuminate/Container/Util.php(40): Illuminate\\Container\\BoundMethod::Illuminate\\Container\\{closure}()
#22 /home/ibrohim/Backend/php/Laravel/oryx/vendor/laravel/framework/src/Illuminate/Container/BoundMethod.php(93): Illuminate\\Container\\Util::unwrapIfClosure()
#23 /home/ibrohim/Backend/php/Laravel/oryx/vendor/laravel/framework/src/Illuminate/Container/BoundMethod.php(35): Illuminate\\Container\\BoundMethod::callBoundMethod()
#24 /home/ibrohim/Backend/php/Laravel/oryx/vendor/laravel/framework/src/Illuminate/Container/Container.php(653): Illuminate\\Container\\BoundMethod::call()
#25 /home/ibrohim/Backend/php/Laravel/oryx/vendor/laravel/framework/src/Illuminate/Foundation/Application.php(924): Illuminate\\Container\\Container->call()
#26 /home/ibrohim/Backend/php/Laravel/oryx/vendor/laravel/framework/src/Illuminate/Foundation/Application.php(905): Illuminate\\Foundation\\Application->bootProvider()
#27 [internal function]: Illuminate\\Foundation\\Application->Illuminate\\Foundation\\{closure}()
#28 /home/ibrohim/Backend/php/Laravel/oryx/vendor/laravel/framework/src/Illuminate/Foundation/Application.php(904): array_walk()
#29 /home/ibrohim/Backend/php/Laravel/oryx/vendor/laravel/framework/src/Illuminate/Foundation/Bootstrap/BootProviders.php(17): Illuminate\\Foundation\\Application->boot()
#30 /home/ibrohim/Backend/php/Laravel/oryx/vendor/laravel/framework/src/Illuminate/Foundation/Application.php(237): Illuminate\\Foundation\\Bootstrap\\BootProviders->bootstrap()
#31 /home/ibrohim/Backend/php/Laravel/oryx/vendor/laravel/framework/src/Illuminate/Foundation/Console/Kernel.php(310): Illuminate\\Foundation\\Application->bootstrapWith()
#32 /home/ibrohim/Backend/php/Laravel/oryx/vendor/laravel/framework/src/Illuminate/Foundation/Console/Kernel.php(127): Illuminate\\Foundation\\Console\\Kernel->bootstrap()
#33 /home/ibrohim/Backend/php/Laravel/oryx/artisan(35): Illuminate\\Foundation\\Console\\Kernel->handle()
#34 {main}
"} 
[2024-08-27 10:59:18] production.ERROR: SQLSTATE[HY000] [1045] Access denied for user 'forge'@'localhost' (using password: YES) (SQL: select * from `settings` where (`active` = 1 and `type` = 0 and `code` = registration) limit 1) {"exception":"[object] (Illuminate\\Database\\QueryException(code: 1045): SQLSTATE[HY000] [1045] Access denied for user 'forge'@'localhost' (using password: YES) (SQL: select * from `settings` where (`active` = 1 and `type` = 0 and `code` = registration) limit 1) at /home/ibrohim/Backend/php/Laravel/oryx/vendor/laravel/framework/src/Illuminate/Database/Connection.php:712)
[stacktrace]
#0 /home/ibrohim/Backend/php/Laravel/oryx/vendor/laravel/framework/src/Illuminate/Database/Connection.php(672): Illuminate\\Database\\Connection->runQueryCallback()
#1 /home/ibrohim/Backend/php/Laravel/oryx/vendor/laravel/framework/src/Illuminate/Database/Connection.php(359): Illuminate\\Database\\Connection->run()
#2 /home/ibrohim/Backend/php/Laravel/oryx/vendor/laravel/framework/src/Illuminate/Database/Query/Builder.php(2413): Illuminate\\Database\\Connection->select()
#3 /home/ibrohim/Backend/php/Laravel/oryx/vendor/laravel/framework/src/Illuminate/Database/Query/Builder.php(2402): Illuminate\\Database\\Query\\Builder->runSelect()
#4 /home/ibrohim/Backend/php/Laravel/oryx/vendor/laravel/framework/src/Illuminate/Database/Query/Builder.php(2936): Illuminate\\Database\\Query\\Builder->Illuminate\\Database\\Query\\{closure}()
#5 /home/ibrohim/Backend/php/Laravel/oryx/vendor/laravel/framework/src/Illuminate/Database/Query/Builder.php(2401): Illuminate\\Database\\Query\\Builder->onceWithColumns()
#6 /home/ibrohim/Backend/php/Laravel/oryx/vendor/laravel/framework/src/Illuminate/Database/Eloquent/Builder.php(625): Illuminate\\Database\\Query\\Builder->get()
#7 /home/ibrohim/Backend/php/Laravel/oryx/vendor/laravel/framework/src/Illuminate/Database/Eloquent/Builder.php(609): Illuminate\\Database\\Eloquent\\Builder->getModels()
#8 /home/ibrohim/Backend/php/Laravel/oryx/vendor/laravel/framework/src/Illuminate/Database/Concerns/BuildsQueries.php(294): Illuminate\\Database\\Eloquent\\Builder->get()
#9 /home/ibrohim/Backend/php/Laravel/oryx/app/Providers/AuthServiceProvider.php(33): Illuminate\\Database\\Eloquent\\Builder->first()
#10 /home/ibrohim/Backend/php/Laravel/oryx/vendor/laravel/framework/src/Illuminate/Container/BoundMethod.php(36): App\\Providers\\AuthServiceProvider->boot()
#11 /home/ibrohim/Backend/php/Laravel/oryx/vendor/laravel/framework/src/Illuminate/Container/Util.php(40): Illuminate\\Container\\BoundMethod::Illuminate\\Container\\{closure}()
#12 /home/ibrohim/Backend/php/Laravel/oryx/vendor/laravel/framework/src/Illuminate/Container/BoundMethod.php(93): Illuminate\\Container\\Util::unwrapIfClosure()
#13 /home/ibrohim/Backend/php/Laravel/oryx/vendor/laravel/framework/src/Illuminate/Container/BoundMethod.php(35): Illuminate\\Container\\BoundMethod::callBoundMethod()
#14 /home/ibrohim/Backend/php/Laravel/oryx/vendor/laravel/framework/src/Illuminate/Container/Container.php(653): Illuminate\\Container\\BoundMethod::call()
#15 /home/ibrohim/Backend/php/Laravel/oryx/vendor/laravel/framework/src/Illuminate/Foundation/Application.php(924): Illuminate\\Container\\Container->call()
#16 /home/ibrohim/Backend/php/Laravel/oryx/vendor/laravel/framework/src/Illuminate/Foundation/Application.php(905): Illuminate\\Foundation\\Application->bootProvider()
#17 [internal function]: Illuminate\\Foundation\\Application->Illuminate\\Foundation\\{closure}()
#18 /home/ibrohim/Backend/php/Laravel/oryx/vendor/laravel/framework/src/Illuminate/Foundation/Application.php(904): array_walk()
#19 /home/ibrohim/Backend/php/Laravel/oryx/vendor/laravel/framework/src/Illuminate/Foundation/Bootstrap/BootProviders.php(17): Illuminate\\Foundation\\Application->boot()
#20 /home/ibrohim/Backend/php/Laravel/oryx/vendor/laravel/framework/src/Illuminate/Foundation/Application.php(237): Illuminate\\Foundation\\Bootstrap\\BootProviders->bootstrap()
#21 /home/ibrohim/Backend/php/Laravel/oryx/vendor/laravel/framework/src/Illuminate/Foundation/Console/Kernel.php(310): Illuminate\\Foundation\\Application->bootstrapWith()
#22 /home/ibrohim/Backend/php/Laravel/oryx/vendor/laravel/framework/src/Illuminate/Foundation/Console/Kernel.php(127): Illuminate\\Foundation\\Console\\Kernel->bootstrap()
#23 /home/ibrohim/Backend/php/Laravel/oryx/artisan(35): Illuminate\\Foundation\\Console\\Kernel->handle()
#24 {main}

[previous exception] [object] (PDOException(code: 1045): SQLSTATE[HY000] [1045] Access denied for user 'forge'@'localhost' (using password: YES) at /home/ibrohim/Backend/php/Laravel/oryx/vendor/laravel/framework/src/Illuminate/Database/Connectors/Connector.php:70)
[stacktrace]
#0 /home/ibrohim/Backend/php/Laravel/oryx/vendor/laravel/framework/src/Illuminate/Database/Connectors/Connector.php(70): PDO->__construct()
#1 /home/ibrohim/Backend/php/Laravel/oryx/vendor/laravel/framework/src/Illuminate/Database/Connectors/Connector.php(45): Illuminate\\Database\\Connectors\\Connector->createPdoConnection()
#2 /home/ibrohim/Backend/php/Laravel/oryx/vendor/laravel/framework/src/Illuminate/Database/Connectors/MySqlConnector.php(24): Illuminate\\Database\\Connectors\\Connector->createConnection()
#3 /home/ibrohim/Backend/php/Laravel/oryx/vendor/laravel/framework/src/Illuminate/Database/Connectors/ConnectionFactory.php(184): Illuminate\\Database\\Connectors\\MySqlConnector->connect()
#4 [internal function]: Illuminate\\Database\\Connectors\\ConnectionFactory->Illuminate\\Database\\Connectors\\{closure}()
#5 /home/ibrohim/Backend/php/Laravel/oryx/vendor/laravel/framework/src/Illuminate/Database/Connection.php(1064): call_user_func()
#6 /home/ibrohim/Backend/php/Laravel/oryx/vendor/laravel/framework/src/Illuminate/Database/Connection.php(1100): Illuminate\\Database\\Connection->getPdo()
#7 /home/ibrohim/Backend/php/Laravel/oryx/vendor/laravel/framework/src/Illuminate/Database/Connection.php(442): Illuminate\\Database\\Connection->getReadPdo()
#8 /home/ibrohim/Backend/php/Laravel/oryx/vendor/laravel/framework/src/Illuminate/Database/Connection.php(368): Illuminate\\Database\\Connection->getPdoForSelect()
#9 /home/ibrohim/Backend/php/Laravel/oryx/vendor/laravel/framework/src/Illuminate/Database/Connection.php(705): Illuminate\\Database\\Connection->Illuminate\\Database\\{closure}()
#10 /home/ibrohim/Backend/php/Laravel/oryx/vendor/laravel/framework/src/Illuminate/Database/Connection.php(672): Illuminate\\Database\\Connection->runQueryCallback()
#11 /home/ibrohim/Backend/php/Laravel/oryx/vendor/laravel/framework/src/Illuminate/Database/Connection.php(359): Illuminate\\Database\\Connection->run()
#12 /home/ibrohim/Backend/php/Laravel/oryx/vendor/laravel/framework/src/Illuminate/Database/Query/Builder.php(2413): Illuminate\\Database\\Connection->select()
#13 /home/ibrohim/Backend/php/Laravel/oryx/vendor/laravel/framework/src/Illuminate/Database/Query/Builder.php(2402): Illuminate\\Database\\Query\\Builder->runSelect()
#14 /home/ibrohim/Backend/php/Laravel/oryx/vendor/laravel/framework/src/Illuminate/Database/Query/Builder.php(2936): Illuminate\\Database\\Query\\Builder->Illuminate\\Database\\Query\\{closure}()
#15 /home/ibrohim/Backend/php/Laravel/oryx/vendor/laravel/framework/src/Illuminate/Database/Query/Builder.php(2401): Illuminate\\Database\\Query\\Builder->onceWithColumns()
#16 /home/ibrohim/Backend/php/Laravel/oryx/vendor/laravel/framework/src/Illuminate/Database/Eloquent/Builder.php(625): Illuminate\\Database\\Query\\Builder->get()
#17 /home/ibrohim/Backend/php/Laravel/oryx/vendor/laravel/framework/src/Illuminate/Database/Eloquent/Builder.php(609): Illuminate\\Database\\Eloquent\\Builder->getModels()
#18 /home/ibrohim/Backend/php/Laravel/oryx/vendor/laravel/framework/src/Illuminate/Database/Concerns/BuildsQueries.php(294): Illuminate\\Database\\Eloquent\\Builder->get()
#19 /home/ibrohim/Backend/php/Laravel/oryx/app/Providers/AuthServiceProvider.php(33): Illuminate\\Database\\Eloquent\\Builder->first()
#20 /home/ibrohim/Backend/php/Laravel/oryx/vendor/laravel/framework/src/Illuminate/Container/BoundMethod.php(36): App\\Providers\\AuthServiceProvider->boot()
#21 /home/ibrohim/Backend/php/Laravel/oryx/vendor/laravel/framework/src/Illuminate/Container/Util.php(40): Illuminate\\Container\\BoundMethod::Illuminate\\Container\\{closure}()
#22 /home/ibrohim/Backend/php/Laravel/oryx/vendor/laravel/framework/src/Illuminate/Container/BoundMethod.php(93): Illuminate\\Container\\Util::unwrapIfClosure()
#23 /home/ibrohim/Backend/php/Laravel/oryx/vendor/laravel/framework/src/Illuminate/Container/BoundMethod.php(35): Illuminate\\Container\\BoundMethod::callBoundMethod()
#24 /home/ibrohim/Backend/php/Laravel/oryx/vendor/laravel/framework/src/Illuminate/Container/Container.php(653): Illuminate\\Container\\BoundMethod::call()
#25 /home/ibrohim/Backend/php/Laravel/oryx/vendor/laravel/framework/src/Illuminate/Foundation/Application.php(924): Illuminate\\Container\\Container->call()
#26 /home/ibrohim/Backend/php/Laravel/oryx/vendor/laravel/framework/src/Illuminate/Foundation/Application.php(905): Illuminate\\Foundation\\Application->bootProvider()
#27 [internal function]: Illuminate\\Foundation\\Application->Illuminate\\Foundation\\{closure}()
#28 /home/ibrohim/Backend/php/Laravel/oryx/vendor/laravel/framework/src/Illuminate/Foundation/Application.php(904): array_walk()
#29 /home/ibrohim/Backend/php/Laravel/oryx/vendor/laravel/framework/src/Illuminate/Foundation/Bootstrap/BootProviders.php(17): Illuminate\\Foundation\\Application->boot()
#30 /home/ibrohim/Backend/php/Laravel/oryx/vendor/laravel/framework/src/Illuminate/Foundation/Application.php(237): Illuminate\\Foundation\\Bootstrap\\BootProviders->bootstrap()
#31 /home/ibrohim/Backend/php/Laravel/oryx/vendor/laravel/framework/src/Illuminate/Foundation/Console/Kernel.php(310): Illuminate\\Foundation\\Application->bootstrapWith()
#32 /home/ibrohim/Backend/php/Laravel/oryx/vendor/laravel/framework/src/Illuminate/Foundation/Console/Kernel.php(127): Illuminate\\Foundation\\Console\\Kernel->bootstrap()
#33 /home/ibrohim/Backend/php/Laravel/oryx/artisan(35): Illuminate\\Foundation\\Console\\Kernel->handle()
#34 {main}
"} 
[2024-08-27 12:00:41] production.ERROR: SQLSTATE[42S02]: Base table or view not found: 1146 Table 'oryx.settings' doesn't exist (SQL: select * from `settings` where (`active` = 1 and `type` = 0 and `code` = registration) limit 1) {"exception":"[object] (Illuminate\\Database\\QueryException(code: 42S02): SQLSTATE[42S02]: Base table or view not found: 1146 Table 'oryx.settings' doesn't exist (SQL: select * from `settings` where (`active` = 1 and `type` = 0 and `code` = registration) limit 1) at /home/ibrohim/Backend/php/Laravel/oryx/vendor/laravel/framework/src/Illuminate/Database/Connection.php:712)
[stacktrace]
#0 /home/ibrohim/Backend/php/Laravel/oryx/vendor/laravel/framework/src/Illuminate/Database/Connection.php(672): Illuminate\\Database\\Connection->runQueryCallback()
#1 /home/ibrohim/Backend/php/Laravel/oryx/vendor/laravel/framework/src/Illuminate/Database/Connection.php(359): Illuminate\\Database\\Connection->run()
#2 /home/ibrohim/Backend/php/Laravel/oryx/vendor/laravel/framework/src/Illuminate/Database/Query/Builder.php(2413): Illuminate\\Database\\Connection->select()
#3 /home/ibrohim/Backend/php/Laravel/oryx/vendor/laravel/framework/src/Illuminate/Database/Query/Builder.php(2402): Illuminate\\Database\\Query\\Builder->runSelect()
#4 /home/ibrohim/Backend/php/Laravel/oryx/vendor/laravel/framework/src/Illuminate/Database/Query/Builder.php(2936): Illuminate\\Database\\Query\\Builder->Illuminate\\Database\\Query\\{closure}()
#5 /home/ibrohim/Backend/php/Laravel/oryx/vendor/laravel/framework/src/Illuminate/Database/Query/Builder.php(2401): Illuminate\\Database\\Query\\Builder->onceWithColumns()
#6 /home/ibrohim/Backend/php/Laravel/oryx/vendor/laravel/framework/src/Illuminate/Database/Eloquent/Builder.php(625): Illuminate\\Database\\Query\\Builder->get()
#7 /home/ibrohim/Backend/php/Laravel/oryx/vendor/laravel/framework/src/Illuminate/Database/Eloquent/Builder.php(609): Illuminate\\Database\\Eloquent\\Builder->getModels()
#8 /home/ibrohim/Backend/php/Laravel/oryx/vendor/laravel/framework/src/Illuminate/Database/Concerns/BuildsQueries.php(294): Illuminate\\Database\\Eloquent\\Builder->get()
#9 /home/ibrohim/Backend/php/Laravel/oryx/app/Providers/AuthServiceProvider.php(33): Illuminate\\Database\\Eloquent\\Builder->first()
#10 /home/ibrohim/Backend/php/Laravel/oryx/vendor/laravel/framework/src/Illuminate/Container/BoundMethod.php(36): App\\Providers\\AuthServiceProvider->boot()
#11 /home/ibrohim/Backend/php/Laravel/oryx/vendor/laravel/framework/src/Illuminate/Container/Util.php(40): Illuminate\\Container\\BoundMethod::Illuminate\\Container\\{closure}()
#12 /home/ibrohim/Backend/php/Laravel/oryx/vendor/laravel/framework/src/Illuminate/Container/BoundMethod.php(93): Illuminate\\Container\\Util::unwrapIfClosure()
#13 /home/ibrohim/Backend/php/Laravel/oryx/vendor/laravel/framework/src/Illuminate/Container/BoundMethod.php(35): Illuminate\\Container\\BoundMethod::callBoundMethod()
#14 /home/ibrohim/Backend/php/Laravel/oryx/vendor/laravel/framework/src/Illuminate/Container/Container.php(653): Illuminate\\Container\\BoundMethod::call()
#15 /home/ibrohim/Backend/php/Laravel/oryx/vendor/laravel/framework/src/Illuminate/Foundation/Application.php(924): Illuminate\\Container\\Container->call()
#16 /home/ibrohim/Backend/php/Laravel/oryx/vendor/laravel/framework/src/Illuminate/Foundation/Application.php(905): Illuminate\\Foundation\\Application->bootProvider()
#17 [internal function]: Illuminate\\Foundation\\Application->Illuminate\\Foundation\\{closure}()
#18 /home/ibrohim/Backend/php/Laravel/oryx/vendor/laravel/framework/src/Illuminate/Foundation/Application.php(904): array_walk()
#19 /home/ibrohim/Backend/php/Laravel/oryx/vendor/laravel/framework/src/Illuminate/Foundation/Bootstrap/BootProviders.php(17): Illuminate\\Foundation\\Application->boot()
#20 /home/ibrohim/Backend/php/Laravel/oryx/vendor/laravel/framework/src/Illuminate/Foundation/Application.php(237): Illuminate\\Foundation\\Bootstrap\\BootProviders->bootstrap()
#21 /home/ibrohim/Backend/php/Laravel/oryx/vendor/laravel/framework/src/Illuminate/Foundation/Console/Kernel.php(310): Illuminate\\Foundation\\Application->bootstrapWith()
#22 /home/ibrohim/Backend/php/Laravel/oryx/vendor/laravel/framework/src/Illuminate/Foundation/Console/Kernel.php(127): Illuminate\\Foundation\\Console\\Kernel->bootstrap()
#23 /home/ibrohim/Backend/php/Laravel/oryx/artisan(35): Illuminate\\Foundation\\Console\\Kernel->handle()
#24 {main}

[previous exception] [object] (PDOException(code: 42S02): SQLSTATE[42S02]: Base table or view not found: 1146 Table 'oryx.settings' doesn't exist at /home/ibrohim/Backend/php/Laravel/oryx/vendor/laravel/framework/src/Illuminate/Database/Connection.php:368)
[stacktrace]
#0 /home/ibrohim/Backend/php/Laravel/oryx/vendor/laravel/framework/src/Illuminate/Database/Connection.php(368): PDO->prepare()
#1 /home/ibrohim/Backend/php/Laravel/oryx/vendor/laravel/framework/src/Illuminate/Database/Connection.php(705): Illuminate\\Database\\Connection->Illuminate\\Database\\{closure}()
#2 /home/ibrohim/Backend/php/Laravel/oryx/vendor/laravel/framework/src/Illuminate/Database/Connection.php(672): Illuminate\\Database\\Connection->runQueryCallback()
#3 /home/ibrohim/Backend/php/Laravel/oryx/vendor/laravel/framework/src/Illuminate/Database/Connection.php(359): Illuminate\\Database\\Connection->run()
#4 /home/ibrohim/Backend/php/Laravel/oryx/vendor/laravel/framework/src/Illuminate/Database/Query/Builder.php(2413): Illuminate\\Database\\Connection->select()
#5 /home/ibrohim/Backend/php/Laravel/oryx/vendor/laravel/framework/src/Illuminate/Database/Query/Builder.php(2402): Illuminate\\Database\\Query\\Builder->runSelect()
#6 /home/ibrohim/Backend/php/Laravel/oryx/vendor/laravel/framework/src/Illuminate/Database/Query/Builder.php(2936): Illuminate\\Database\\Query\\Builder->Illuminate\\Database\\Query\\{closure}()
#7 /home/ibrohim/Backend/php/Laravel/oryx/vendor/laravel/framework/src/Illuminate/Database/Query/Builder.php(2401): Illuminate\\Database\\Query\\Builder->onceWithColumns()
#8 /home/ibrohim/Backend/php/Laravel/oryx/vendor/laravel/framework/src/Illuminate/Database/Eloquent/Builder.php(625): Illuminate\\Database\\Query\\Builder->get()
#9 /home/ibrohim/Backend/php/Laravel/oryx/vendor/laravel/framework/src/Illuminate/Database/Eloquent/Builder.php(609): Illuminate\\Database\\Eloquent\\Builder->getModels()
#10 /home/ibrohim/Backend/php/Laravel/oryx/vendor/laravel/framework/src/Illuminate/Database/Concerns/BuildsQueries.php(294): Illuminate\\Database\\Eloquent\\Builder->get()
#11 /home/ibrohim/Backend/php/Laravel/oryx/app/Providers/AuthServiceProvider.php(33): Illuminate\\Database\\Eloquent\\Builder->first()
#12 /home/ibrohim/Backend/php/Laravel/oryx/vendor/laravel/framework/src/Illuminate/Container/BoundMethod.php(36): App\\Providers\\AuthServiceProvider->boot()
#13 /home/ibrohim/Backend/php/Laravel/oryx/vendor/laravel/framework/src/Illuminate/Container/Util.php(40): Illuminate\\Container\\BoundMethod::Illuminate\\Container\\{closure}()
#14 /home/ibrohim/Backend/php/Laravel/oryx/vendor/laravel/framework/src/Illuminate/Container/BoundMethod.php(93): Illuminate\\Container\\Util::unwrapIfClosure()
#15 /home/ibrohim/Backend/php/Laravel/oryx/vendor/laravel/framework/src/Illuminate/Container/BoundMethod.php(35): Illuminate\\Container\\BoundMethod::callBoundMethod()
#16 /home/ibrohim/Backend/php/Laravel/oryx/vendor/laravel/framework/src/Illuminate/Container/Container.php(653): Illuminate\\Container\\BoundMethod::call()
#17 /home/ibrohim/Backend/php/Laravel/oryx/vendor/laravel/framework/src/Illuminate/Foundation/Application.php(924): Illuminate\\Container\\Container->call()
#18 /home/ibrohim/Backend/php/Laravel/oryx/vendor/laravel/framework/src/Illuminate/Foundation/Application.php(905): Illuminate\\Foundation\\Application->bootProvider()
#19 [internal function]: Illuminate\\Foundation\\Application->Illuminate\\Foundation\\{closure}()
#20 /home/ibrohim/Backend/php/Laravel/oryx/vendor/laravel/framework/src/Illuminate/Foundation/Application.php(904): array_walk()
#21 /home/ibrohim/Backend/php/Laravel/oryx/vendor/laravel/framework/src/Illuminate/Foundation/Bootstrap/BootProviders.php(17): Illuminate\\Foundation\\Application->boot()
#22 /home/ibrohim/Backend/php/Laravel/oryx/vendor/laravel/framework/src/Illuminate/Foundation/Application.php(237): Illuminate\\Foundation\\Bootstrap\\BootProviders->bootstrap()
#23 /home/ibrohim/Backend/php/Laravel/oryx/vendor/laravel/framework/src/Illuminate/Foundation/Console/Kernel.php(310): Illuminate\\Foundation\\Application->bootstrapWith()
#24 /home/ibrohim/Backend/php/Laravel/oryx/vendor/laravel/framework/src/Illuminate/Foundation/Console/Kernel.php(127): Illuminate\\Foundation\\Console\\Kernel->bootstrap()
#25 /home/ibrohim/Backend/php/Laravel/oryx/artisan(35): Illuminate\\Foundation\\Console\\Kernel->handle()
#26 {main}
"} 
[2024-08-27 12:00:52] production.ERROR: SQLSTATE[42S02]: Base table or view not found: 1146 Table 'oryx.settings' doesn't exist (SQL: select * from `settings` where (`active` = 1 and `type` = 0 and `code` = registration) limit 1) {"exception":"[object] (Illuminate\\Database\\QueryException(code: 42S02): SQLSTATE[42S02]: Base table or view not found: 1146 Table 'oryx.settings' doesn't exist (SQL: select * from `settings` where (`active` = 1 and `type` = 0 and `code` = registration) limit 1) at /home/ibrohim/Backend/php/Laravel/oryx/vendor/laravel/framework/src/Illuminate/Database/Connection.php:712)
[stacktrace]
#0 /home/ibrohim/Backend/php/Laravel/oryx/vendor/laravel/framework/src/Illuminate/Database/Connection.php(672): Illuminate\\Database\\Connection->runQueryCallback()
#1 /home/ibrohim/Backend/php/Laravel/oryx/vendor/laravel/framework/src/Illuminate/Database/Connection.php(359): Illuminate\\Database\\Connection->run()
#2 /home/ibrohim/Backend/php/Laravel/oryx/vendor/laravel/framework/src/Illuminate/Database/Query/Builder.php(2413): Illuminate\\Database\\Connection->select()
#3 /home/ibrohim/Backend/php/Laravel/oryx/vendor/laravel/framework/src/Illuminate/Database/Query/Builder.php(2402): Illuminate\\Database\\Query\\Builder->runSelect()
#4 /home/ibrohim/Backend/php/Laravel/oryx/vendor/laravel/framework/src/Illuminate/Database/Query/Builder.php(2936): Illuminate\\Database\\Query\\Builder->Illuminate\\Database\\Query\\{closure}()
#5 /home/ibrohim/Backend/php/Laravel/oryx/vendor/laravel/framework/src/Illuminate/Database/Query/Builder.php(2401): Illuminate\\Database\\Query\\Builder->onceWithColumns()
#6 /home/ibrohim/Backend/php/Laravel/oryx/vendor/laravel/framework/src/Illuminate/Database/Eloquent/Builder.php(625): Illuminate\\Database\\Query\\Builder->get()
#7 /home/ibrohim/Backend/php/Laravel/oryx/vendor/laravel/framework/src/Illuminate/Database/Eloquent/Builder.php(609): Illuminate\\Database\\Eloquent\\Builder->getModels()
#8 /home/ibrohim/Backend/php/Laravel/oryx/vendor/laravel/framework/src/Illuminate/Database/Concerns/BuildsQueries.php(294): Illuminate\\Database\\Eloquent\\Builder->get()
#9 /home/ibrohim/Backend/php/Laravel/oryx/app/Providers/AuthServiceProvider.php(33): Illuminate\\Database\\Eloquent\\Builder->first()
#10 /home/ibrohim/Backend/php/Laravel/oryx/vendor/laravel/framework/src/Illuminate/Container/BoundMethod.php(36): App\\Providers\\AuthServiceProvider->boot()
#11 /home/ibrohim/Backend/php/Laravel/oryx/vendor/laravel/framework/src/Illuminate/Container/Util.php(40): Illuminate\\Container\\BoundMethod::Illuminate\\Container\\{closure}()
#12 /home/ibrohim/Backend/php/Laravel/oryx/vendor/laravel/framework/src/Illuminate/Container/BoundMethod.php(93): Illuminate\\Container\\Util::unwrapIfClosure()
#13 /home/ibrohim/Backend/php/Laravel/oryx/vendor/laravel/framework/src/Illuminate/Container/BoundMethod.php(35): Illuminate\\Container\\BoundMethod::callBoundMethod()
#14 /home/ibrohim/Backend/php/Laravel/oryx/vendor/laravel/framework/src/Illuminate/Container/Container.php(653): Illuminate\\Container\\BoundMethod::call()
#15 /home/ibrohim/Backend/php/Laravel/oryx/vendor/laravel/framework/src/Illuminate/Foundation/Application.php(924): Illuminate\\Container\\Container->call()
#16 /home/ibrohim/Backend/php/Laravel/oryx/vendor/laravel/framework/src/Illuminate/Foundation/Application.php(905): Illuminate\\Foundation\\Application->bootProvider()
#17 [internal function]: Illuminate\\Foundation\\Application->Illuminate\\Foundation\\{closure}()
#18 /home/ibrohim/Backend/php/Laravel/oryx/vendor/laravel/framework/src/Illuminate/Foundation/Application.php(904): array_walk()
#19 /home/ibrohim/Backend/php/Laravel/oryx/vendor/laravel/framework/src/Illuminate/Foundation/Bootstrap/BootProviders.php(17): Illuminate\\Foundation\\Application->boot()
#20 /home/ibrohim/Backend/php/Laravel/oryx/vendor/laravel/framework/src/Illuminate/Foundation/Application.php(237): Illuminate\\Foundation\\Bootstrap\\BootProviders->bootstrap()
#21 /home/ibrohim/Backend/php/Laravel/oryx/vendor/laravel/framework/src/Illuminate/Foundation/Console/Kernel.php(310): Illuminate\\Foundation\\Application->bootstrapWith()
#22 /home/ibrohim/Backend/php/Laravel/oryx/vendor/laravel/framework/src/Illuminate/Foundation/Console/Kernel.php(127): Illuminate\\Foundation\\Console\\Kernel->bootstrap()
#23 /home/ibrohim/Backend/php/Laravel/oryx/artisan(35): Illuminate\\Foundation\\Console\\Kernel->handle()
#24 {main}

[previous exception] [object] (PDOException(code: 42S02): SQLSTATE[42S02]: Base table or view not found: 1146 Table 'oryx.settings' doesn't exist at /home/ibrohim/Backend/php/Laravel/oryx/vendor/laravel/framework/src/Illuminate/Database/Connection.php:368)
[stacktrace]
#0 /home/ibrohim/Backend/php/Laravel/oryx/vendor/laravel/framework/src/Illuminate/Database/Connection.php(368): PDO->prepare()
#1 /home/ibrohim/Backend/php/Laravel/oryx/vendor/laravel/framework/src/Illuminate/Database/Connection.php(705): Illuminate\\Database\\Connection->Illuminate\\Database\\{closure}()
#2 /home/ibrohim/Backend/php/Laravel/oryx/vendor/laravel/framework/src/Illuminate/Database/Connection.php(672): Illuminate\\Database\\Connection->runQueryCallback()
#3 /home/ibrohim/Backend/php/Laravel/oryx/vendor/laravel/framework/src/Illuminate/Database/Connection.php(359): Illuminate\\Database\\Connection->run()
#4 /home/ibrohim/Backend/php/Laravel/oryx/vendor/laravel/framework/src/Illuminate/Database/Query/Builder.php(2413): Illuminate\\Database\\Connection->select()
#5 /home/ibrohim/Backend/php/Laravel/oryx/vendor/laravel/framework/src/Illuminate/Database/Query/Builder.php(2402): Illuminate\\Database\\Query\\Builder->runSelect()
#6 /home/ibrohim/Backend/php/Laravel/oryx/vendor/laravel/framework/src/Illuminate/Database/Query/Builder.php(2936): Illuminate\\Database\\Query\\Builder->Illuminate\\Database\\Query\\{closure}()
#7 /home/ibrohim/Backend/php/Laravel/oryx/vendor/laravel/framework/src/Illuminate/Database/Query/Builder.php(2401): Illuminate\\Database\\Query\\Builder->onceWithColumns()
#8 /home/ibrohim/Backend/php/Laravel/oryx/vendor/laravel/framework/src/Illuminate/Database/Eloquent/Builder.php(625): Illuminate\\Database\\Query\\Builder->get()
#9 /home/ibrohim/Backend/php/Laravel/oryx/vendor/laravel/framework/src/Illuminate/Database/Eloquent/Builder.php(609): Illuminate\\Database\\Eloquent\\Builder->getModels()
#10 /home/ibrohim/Backend/php/Laravel/oryx/vendor/laravel/framework/src/Illuminate/Database/Concerns/BuildsQueries.php(294): Illuminate\\Database\\Eloquent\\Builder->get()
#11 /home/ibrohim/Backend/php/Laravel/oryx/app/Providers/AuthServiceProvider.php(33): Illuminate\\Database\\Eloquent\\Builder->first()
#12 /home/ibrohim/Backend/php/Laravel/oryx/vendor/laravel/framework/src/Illuminate/Container/BoundMethod.php(36): App\\Providers\\AuthServiceProvider->boot()
#13 /home/ibrohim/Backend/php/Laravel/oryx/vendor/laravel/framework/src/Illuminate/Container/Util.php(40): Illuminate\\Container\\BoundMethod::Illuminate\\Container\\{closure}()
#14 /home/ibrohim/Backend/php/Laravel/oryx/vendor/laravel/framework/src/Illuminate/Container/BoundMethod.php(93): Illuminate\\Container\\Util::unwrapIfClosure()
#15 /home/ibrohim/Backend/php/Laravel/oryx/vendor/laravel/framework/src/Illuminate/Container/BoundMethod.php(35): Illuminate\\Container\\BoundMethod::callBoundMethod()
#16 /home/ibrohim/Backend/php/Laravel/oryx/vendor/laravel/framework/src/Illuminate/Container/Container.php(653): Illuminate\\Container\\BoundMethod::call()
#17 /home/ibrohim/Backend/php/Laravel/oryx/vendor/laravel/framework/src/Illuminate/Foundation/Application.php(924): Illuminate\\Container\\Container->call()
#18 /home/ibrohim/Backend/php/Laravel/oryx/vendor/laravel/framework/src/Illuminate/Foundation/Application.php(905): Illuminate\\Foundation\\Application->bootProvider()
#19 [internal function]: Illuminate\\Foundation\\Application->Illuminate\\Foundation\\{closure}()
#20 /home/ibrohim/Backend/php/Laravel/oryx/vendor/laravel/framework/src/Illuminate/Foundation/Application.php(904): array_walk()
#21 /home/ibrohim/Backend/php/Laravel/oryx/vendor/laravel/framework/src/Illuminate/Foundation/Bootstrap/BootProviders.php(17): Illuminate\\Foundation\\Application->boot()
#22 /home/ibrohim/Backend/php/Laravel/oryx/vendor/laravel/framework/src/Illuminate/Foundation/Application.php(237): Illuminate\\Foundation\\Bootstrap\\BootProviders->bootstrap()
#23 /home/ibrohim/Backend/php/Laravel/oryx/vendor/laravel/framework/src/Illuminate/Foundation/Console/Kernel.php(310): Illuminate\\Foundation\\Application->bootstrapWith()
#24 /home/ibrohim/Backend/php/Laravel/oryx/vendor/laravel/framework/src/Illuminate/Foundation/Console/Kernel.php(127): Illuminate\\Foundation\\Console\\Kernel->bootstrap()
#25 /home/ibrohim/Backend/php/Laravel/oryx/artisan(35): Illuminate\\Foundation\\Console\\Kernel->handle()
#26 {main}
"} 
