[2024-09-04 09:01:57] local.ERROR: SQLSTATE[42S01]: Base table or view already exists: 1050 Table 'parcel_additional_function' already exists (SQL: create table `parcel_additional_function` (`id` bigint unsigned not null auto_increment primary key, `parcel_id` bigint unsigned not null, `additional_function_id` bigint unsigned not null, `created_at` timestamp null, `updated_at` timestamp null) default character set utf8mb4 collate 'utf8mb4_unicode_ci') {"exception":"[object] (Illuminate\\Database\\QueryException(code: 42S01): SQLSTATE[42S01]: Base table or view already exists: 1050 Table 'parcel_additional_function' already exists (SQL: create table `parcel_additional_function` (`id` bigint unsigned not null auto_increment primary key, `parcel_id` bigint unsigned not null, `additional_function_id` bigint unsigned not null, `created_at` timestamp null, `updated_at` timestamp null) default character set utf8mb4 collate 'utf8mb4_unicode_ci') at /home/ibrohim/Backend/php/Laravel/oryx/vendor/laravel/framework/src/Illuminate/Database/Connection.php:712)
[stacktrace]
#0 /home/ibrohim/Backend/php/Laravel/oryx/vendor/laravel/framework/src/Illuminate/Database/Connection.php(672): Illuminate\\Database\\Connection->runQueryCallback()
#1 /home/ibrohim/Backend/php/Laravel/oryx/vendor/laravel/framework/src/Illuminate/Database/Connection.php(490): Illuminate\\Database\\Connection->run()
#2 /home/ibrohim/Backend/php/Laravel/oryx/vendor/laravel/framework/src/Illuminate/Database/Schema/Blueprint.php(109): Illuminate\\Database\\Connection->statement()
#3 /home/ibrohim/Backend/php/Laravel/oryx/vendor/laravel/framework/src/Illuminate/Database/Schema/Builder.php(364): Illuminate\\Database\\Schema\\Blueprint->build()
#4 /home/ibrohim/Backend/php/Laravel/oryx/vendor/laravel/framework/src/Illuminate/Database/Schema/Builder.php(223): Illuminate\\Database\\Schema\\Builder->build()
#5 /home/ibrohim/Backend/php/Laravel/oryx/vendor/laravel/framework/src/Illuminate/Support/Facades/Facade.php(261): Illuminate\\Database\\Schema\\Builder->create()
#6 /home/ibrohim/Backend/php/Laravel/oryx/database/migrations/2024_09_03_115611_create_parcel_additional_function_table.php(12): Illuminate\\Support\\Facades\\Facade::__callStatic()
#7 /home/ibrohim/Backend/php/Laravel/oryx/vendor/laravel/framework/src/Illuminate/Database/Migrations/Migrator.php(472): CreateParcelAdditionalFunctionTable->up()
#8 /home/ibrohim/Backend/php/Laravel/oryx/vendor/laravel/framework/src/Illuminate/Database/Migrations/Migrator.php(394): Illuminate\\Database\\Migrations\\Migrator->runMethod()
#9 /home/ibrohim/Backend/php/Laravel/oryx/vendor/laravel/framework/src/Illuminate/Database/Migrations/Migrator.php(403): Illuminate\\Database\\Migrations\\Migrator->Illuminate\\Database\\Migrations\\{closure}()
#10 /home/ibrohim/Backend/php/Laravel/oryx/vendor/laravel/framework/src/Illuminate/Database/Migrations/Migrator.php(202): Illuminate\\Database\\Migrations\\Migrator->runMigration()
#11 /home/ibrohim/Backend/php/Laravel/oryx/vendor/laravel/framework/src/Illuminate/Database/Migrations/Migrator.php(167): Illuminate\\Database\\Migrations\\Migrator->runUp()
#12 /home/ibrohim/Backend/php/Laravel/oryx/vendor/laravel/framework/src/Illuminate/Database/Migrations/Migrator.php(112): Illuminate\\Database\\Migrations\\Migrator->runPending()
#13 /home/ibrohim/Backend/php/Laravel/oryx/vendor/laravel/framework/src/Illuminate/Database/Console/Migrations/MigrateCommand.php(84): Illuminate\\Database\\Migrations\\Migrator->run()
#14 /home/ibrohim/Backend/php/Laravel/oryx/vendor/laravel/framework/src/Illuminate/Database/Migrations/Migrator.php(606): Illuminate\\Database\\Console\\Migrations\\MigrateCommand->Illuminate\\Database\\Console\\Migrations\\{closure}()
#15 /home/ibrohim/Backend/php/Laravel/oryx/vendor/laravel/framework/src/Illuminate/Database/Console/Migrations/MigrateCommand.php(77): Illuminate\\Database\\Migrations\\Migrator->usingConnection()
#16 /home/ibrohim/Backend/php/Laravel/oryx/vendor/laravel/framework/src/Illuminate/Container/BoundMethod.php(36): Illuminate\\Database\\Console\\Migrations\\MigrateCommand->handle()
#17 /home/ibrohim/Backend/php/Laravel/oryx/vendor/laravel/framework/src/Illuminate/Container/Util.php(40): Illuminate\\Container\\BoundMethod::Illuminate\\Container\\{closure}()
#18 /home/ibrohim/Backend/php/Laravel/oryx/vendor/laravel/framework/src/Illuminate/Container/BoundMethod.php(93): Illuminate\\Container\\Util::unwrapIfClosure()
#19 /home/ibrohim/Backend/php/Laravel/oryx/vendor/laravel/framework/src/Illuminate/Container/BoundMethod.php(35): Illuminate\\Container\\BoundMethod::callBoundMethod()
#20 /home/ibrohim/Backend/php/Laravel/oryx/vendor/laravel/framework/src/Illuminate/Container/Container.php(653): Illuminate\\Container\\BoundMethod::call()
#21 /home/ibrohim/Backend/php/Laravel/oryx/vendor/laravel/framework/src/Illuminate/Console/Command.php(136): Illuminate\\Container\\Container->call()
#22 /home/ibrohim/Backend/php/Laravel/oryx/vendor/symfony/console/Command/Command.php(298): Illuminate\\Console\\Command->execute()
#23 /home/ibrohim/Backend/php/Laravel/oryx/vendor/laravel/framework/src/Illuminate/Console/Command.php(120): Symfony\\Component\\Console\\Command\\Command->run()
#24 /home/ibrohim/Backend/php/Laravel/oryx/vendor/symfony/console/Application.php(1040): Illuminate\\Console\\Command->run()
#25 /home/ibrohim/Backend/php/Laravel/oryx/vendor/symfony/console/Application.php(301): Symfony\\Component\\Console\\Application->doRunCommand()
#26 /home/ibrohim/Backend/php/Laravel/oryx/vendor/symfony/console/Application.php(171): Symfony\\Component\\Console\\Application->doRun()
#27 /home/ibrohim/Backend/php/Laravel/oryx/vendor/laravel/framework/src/Illuminate/Console/Application.php(94): Symfony\\Component\\Console\\Application->run()
#28 /home/ibrohim/Backend/php/Laravel/oryx/vendor/laravel/framework/src/Illuminate/Foundation/Console/Kernel.php(129): Illuminate\\Console\\Application->run()
#29 /home/ibrohim/Backend/php/Laravel/oryx/artisan(35): Illuminate\\Foundation\\Console\\Kernel->handle()
#30 {main}

[previous exception] [object] (PDOException(code: 42S01): SQLSTATE[42S01]: Base table or view already exists: 1050 Table 'parcel_additional_function' already exists at /home/ibrohim/Backend/php/Laravel/oryx/vendor/laravel/framework/src/Illuminate/Database/Connection.php:501)
[stacktrace]
#0 /home/ibrohim/Backend/php/Laravel/oryx/vendor/laravel/framework/src/Illuminate/Database/Connection.php(501): PDOStatement->execute()
#1 /home/ibrohim/Backend/php/Laravel/oryx/vendor/laravel/framework/src/Illuminate/Database/Connection.php(705): Illuminate\\Database\\Connection->Illuminate\\Database\\{closure}()
#2 /home/ibrohim/Backend/php/Laravel/oryx/vendor/laravel/framework/src/Illuminate/Database/Connection.php(672): Illuminate\\Database\\Connection->runQueryCallback()
#3 /home/ibrohim/Backend/php/Laravel/oryx/vendor/laravel/framework/src/Illuminate/Database/Connection.php(490): Illuminate\\Database\\Connection->run()
#4 /home/ibrohim/Backend/php/Laravel/oryx/vendor/laravel/framework/src/Illuminate/Database/Schema/Blueprint.php(109): Illuminate\\Database\\Connection->statement()
#5 /home/ibrohim/Backend/php/Laravel/oryx/vendor/laravel/framework/src/Illuminate/Database/Schema/Builder.php(364): Illuminate\\Database\\Schema\\Blueprint->build()
#6 /home/ibrohim/Backend/php/Laravel/oryx/vendor/laravel/framework/src/Illuminate/Database/Schema/Builder.php(223): Illuminate\\Database\\Schema\\Builder->build()
#7 /home/ibrohim/Backend/php/Laravel/oryx/vendor/laravel/framework/src/Illuminate/Support/Facades/Facade.php(261): Illuminate\\Database\\Schema\\Builder->create()
#8 /home/ibrohim/Backend/php/Laravel/oryx/database/migrations/2024_09_03_115611_create_parcel_additional_function_table.php(12): Illuminate\\Support\\Facades\\Facade::__callStatic()
#9 /home/ibrohim/Backend/php/Laravel/oryx/vendor/laravel/framework/src/Illuminate/Database/Migrations/Migrator.php(472): CreateParcelAdditionalFunctionTable->up()
#10 /home/ibrohim/Backend/php/Laravel/oryx/vendor/laravel/framework/src/Illuminate/Database/Migrations/Migrator.php(394): Illuminate\\Database\\Migrations\\Migrator->runMethod()
#11 /home/ibrohim/Backend/php/Laravel/oryx/vendor/laravel/framework/src/Illuminate/Database/Migrations/Migrator.php(403): Illuminate\\Database\\Migrations\\Migrator->Illuminate\\Database\\Migrations\\{closure}()
#12 /home/ibrohim/Backend/php/Laravel/oryx/vendor/laravel/framework/src/Illuminate/Database/Migrations/Migrator.php(202): Illuminate\\Database\\Migrations\\Migrator->runMigration()
#13 /home/ibrohim/Backend/php/Laravel/oryx/vendor/laravel/framework/src/Illuminate/Database/Migrations/Migrator.php(167): Illuminate\\Database\\Migrations\\Migrator->runUp()
#14 /home/ibrohim/Backend/php/Laravel/oryx/vendor/laravel/framework/src/Illuminate/Database/Migrations/Migrator.php(112): Illuminate\\Database\\Migrations\\Migrator->runPending()
#15 /home/ibrohim/Backend/php/Laravel/oryx/vendor/laravel/framework/src/Illuminate/Database/Console/Migrations/MigrateCommand.php(84): Illuminate\\Database\\Migrations\\Migrator->run()
#16 /home/ibrohim/Backend/php/Laravel/oryx/vendor/laravel/framework/src/Illuminate/Database/Migrations/Migrator.php(606): Illuminate\\Database\\Console\\Migrations\\MigrateCommand->Illuminate\\Database\\Console\\Migrations\\{closure}()
#17 /home/ibrohim/Backend/php/Laravel/oryx/vendor/laravel/framework/src/Illuminate/Database/Console/Migrations/MigrateCommand.php(77): Illuminate\\Database\\Migrations\\Migrator->usingConnection()
#18 /home/ibrohim/Backend/php/Laravel/oryx/vendor/laravel/framework/src/Illuminate/Container/BoundMethod.php(36): Illuminate\\Database\\Console\\Migrations\\MigrateCommand->handle()
#19 /home/ibrohim/Backend/php/Laravel/oryx/vendor/laravel/framework/src/Illuminate/Container/Util.php(40): Illuminate\\Container\\BoundMethod::Illuminate\\Container\\{closure}()
#20 /home/ibrohim/Backend/php/Laravel/oryx/vendor/laravel/framework/src/Illuminate/Container/BoundMethod.php(93): Illuminate\\Container\\Util::unwrapIfClosure()
#21 /home/ibrohim/Backend/php/Laravel/oryx/vendor/laravel/framework/src/Illuminate/Container/BoundMethod.php(35): Illuminate\\Container\\BoundMethod::callBoundMethod()
#22 /home/ibrohim/Backend/php/Laravel/oryx/vendor/laravel/framework/src/Illuminate/Container/Container.php(653): Illuminate\\Container\\BoundMethod::call()
#23 /home/ibrohim/Backend/php/Laravel/oryx/vendor/laravel/framework/src/Illuminate/Console/Command.php(136): Illuminate\\Container\\Container->call()
#24 /home/ibrohim/Backend/php/Laravel/oryx/vendor/symfony/console/Command/Command.php(298): Illuminate\\Console\\Command->execute()
#25 /home/ibrohim/Backend/php/Laravel/oryx/vendor/laravel/framework/src/Illuminate/Console/Command.php(120): Symfony\\Component\\Console\\Command\\Command->run()
#26 /home/ibrohim/Backend/php/Laravel/oryx/vendor/symfony/console/Application.php(1040): Illuminate\\Console\\Command->run()
#27 /home/ibrohim/Backend/php/Laravel/oryx/vendor/symfony/console/Application.php(301): Symfony\\Component\\Console\\Application->doRunCommand()
#28 /home/ibrohim/Backend/php/Laravel/oryx/vendor/symfony/console/Application.php(171): Symfony\\Component\\Console\\Application->doRun()
#29 /home/ibrohim/Backend/php/Laravel/oryx/vendor/laravel/framework/src/Illuminate/Console/Application.php(94): Symfony\\Component\\Console\\Application->run()
#30 /home/ibrohim/Backend/php/Laravel/oryx/vendor/laravel/framework/src/Illuminate/Foundation/Console/Kernel.php(129): Illuminate\\Console\\Application->run()
#31 /home/ibrohim/Backend/php/Laravel/oryx/artisan(35): Illuminate\\Foundation\\Console\\Kernel->handle()
#32 {main}
"} 
[2024-09-04 09:04:23] local.ERROR: Call to undefined method App\Models\User::isSuperAdmin() {"userId":15730,"exception":"[object] (BadMethodCallException(code: 0): Call to undefined method App\\Models\\User::isSuperAdmin() at /home/ibrohim/Backend/php/Laravel/oryx/vendor/laravel/framework/src/Illuminate/Support/Traits/ForwardsCalls.php:71)
[stacktrace]
#0 /home/ibrohim/Backend/php/Laravel/oryx/vendor/laravel/framework/src/Illuminate/Support/Traits/ForwardsCalls.php(36): Illuminate\\Database\\Eloquent\\Model::throwBadMethodCallException()
#1 /home/ibrohim/Backend/php/Laravel/oryx/vendor/laravel/framework/src/Illuminate/Database/Eloquent/Model.php(2132): Illuminate\\Database\\Eloquent\\Model->forwardCallTo()
#2 /home/ibrohim/Backend/php/Laravel/oryx/app/Policies/RolePolicy.php(15): Illuminate\\Database\\Eloquent\\Model->__call()
#3 /home/ibrohim/Backend/php/Laravel/oryx/vendor/laravel/framework/src/Illuminate/Auth/Access/Gate.php(799): App\\Policies\\RolePolicy->viewAny()
#4 /home/ibrohim/Backend/php/Laravel/oryx/vendor/laravel/framework/src/Illuminate/Auth/Access/Gate.php(752): Illuminate\\Auth\\Access\\Gate->callPolicyMethod()
#5 /home/ibrohim/Backend/php/Laravel/oryx/vendor/laravel/framework/src/Illuminate/Auth/Access/Gate.php(536): Illuminate\\Auth\\Access\\Gate->Illuminate\\Auth\\Access\\{closure}()
#6 /home/ibrohim/Backend/php/Laravel/oryx/vendor/laravel/framework/src/Illuminate/Auth/Access/Gate.php(431): Illuminate\\Auth\\Access\\Gate->callAuthCallback()
#7 /home/ibrohim/Backend/php/Laravel/oryx/vendor/laravel/framework/src/Illuminate/Auth/Access/Gate.php(396): Illuminate\\Auth\\Access\\Gate->raw()
#8 /home/ibrohim/Backend/php/Laravel/oryx/vendor/laravel/framework/src/Illuminate/Auth/Access/Gate.php(383): Illuminate\\Auth\\Access\\Gate->inspect()
#9 /home/ibrohim/Backend/php/Laravel/oryx/vendor/laravel/framework/src/Illuminate/Foundation/Auth/Access/AuthorizesRequests.php(23): Illuminate\\Auth\\Access\\Gate->authorize()
#10 /home/ibrohim/Backend/php/Laravel/oryx/app/Http/Controllers/Admin/RoleController.php(16): App\\Http\\Controllers\\Controller->authorize()
#11 /home/ibrohim/Backend/php/Laravel/oryx/vendor/laravel/framework/src/Illuminate/Routing/Controller.php(54): App\\Http\\Controllers\\Admin\\RoleController->index()
#12 /home/ibrohim/Backend/php/Laravel/oryx/vendor/laravel/framework/src/Illuminate/Routing/ControllerDispatcher.php(45): Illuminate\\Routing\\Controller->callAction()
#13 /home/ibrohim/Backend/php/Laravel/oryx/vendor/laravel/framework/src/Illuminate/Routing/Route.php(261): Illuminate\\Routing\\ControllerDispatcher->dispatch()
#14 /home/ibrohim/Backend/php/Laravel/oryx/vendor/laravel/framework/src/Illuminate/Routing/Route.php(205): Illuminate\\Routing\\Route->runController()
#15 /home/ibrohim/Backend/php/Laravel/oryx/vendor/laravel/framework/src/Illuminate/Routing/Router.php(721): Illuminate\\Routing\\Route->run()
#16 /home/ibrohim/Backend/php/Laravel/oryx/vendor/laravel/framework/src/Illuminate/Pipeline/Pipeline.php(128): Illuminate\\Routing\\Router->Illuminate\\Routing\\{closure}()
#17 /home/ibrohim/Backend/php/Laravel/oryx/vendor/laravel/framework/src/Illuminate/Routing/Middleware/SubstituteBindings.php(50): Illuminate\\Pipeline\\Pipeline->Illuminate\\Pipeline\\{closure}()
#18 /home/ibrohim/Backend/php/Laravel/oryx/vendor/laravel/framework/src/Illuminate/Pipeline/Pipeline.php(167): Illuminate\\Routing\\Middleware\\SubstituteBindings->handle()
#19 /home/ibrohim/Backend/php/Laravel/oryx/vendor/laravel/framework/src/Illuminate/Auth/Middleware/Authenticate.php(44): Illuminate\\Pipeline\\Pipeline->Illuminate\\Pipeline\\{closure}()
#20 /home/ibrohim/Backend/php/Laravel/oryx/vendor/laravel/framework/src/Illuminate/Pipeline/Pipeline.php(167): Illuminate\\Auth\\Middleware\\Authenticate->handle()
#21 /home/ibrohim/Backend/php/Laravel/oryx/vendor/laravel/framework/src/Illuminate/Foundation/Http/Middleware/VerifyCsrfToken.php(78): Illuminate\\Pipeline\\Pipeline->Illuminate\\Pipeline\\{closure}()
#22 /home/ibrohim/Backend/php/Laravel/oryx/vendor/laravel/framework/src/Illuminate/Pipeline/Pipeline.php(167): Illuminate\\Foundation\\Http\\Middleware\\VerifyCsrfToken->handle()
#23 /home/ibrohim/Backend/php/Laravel/oryx/vendor/laravel/framework/src/Illuminate/View/Middleware/ShareErrorsFromSession.php(49): Illuminate\\Pipeline\\Pipeline->Illuminate\\Pipeline\\{closure}()
#24 /home/ibrohim/Backend/php/Laravel/oryx/vendor/laravel/framework/src/Illuminate/Pipeline/Pipeline.php(167): Illuminate\\View\\Middleware\\ShareErrorsFromSession->handle()
#25 /home/ibrohim/Backend/php/Laravel/oryx/vendor/laravel/framework/src/Illuminate/Session/Middleware/StartSession.php(121): Illuminate\\Pipeline\\Pipeline->Illuminate\\Pipeline\\{closure}()
#26 /home/ibrohim/Backend/php/Laravel/oryx/vendor/laravel/framework/src/Illuminate/Session/Middleware/StartSession.php(64): Illuminate\\Session\\Middleware\\StartSession->handleStatefulRequest()
#27 /home/ibrohim/Backend/php/Laravel/oryx/vendor/laravel/framework/src/Illuminate/Pipeline/Pipeline.php(167): Illuminate\\Session\\Middleware\\StartSession->handle()
#28 /home/ibrohim/Backend/php/Laravel/oryx/vendor/laravel/framework/src/Illuminate/Cookie/Middleware/AddQueuedCookiesToResponse.php(37): Illuminate\\Pipeline\\Pipeline->Illuminate\\Pipeline\\{closure}()
#29 /home/ibrohim/Backend/php/Laravel/oryx/vendor/laravel/framework/src/Illuminate/Pipeline/Pipeline.php(167): Illuminate\\Cookie\\Middleware\\AddQueuedCookiesToResponse->handle()
#30 /home/ibrohim/Backend/php/Laravel/oryx/vendor/laravel/framework/src/Illuminate/Cookie/Middleware/EncryptCookies.php(67): Illuminate\\Pipeline\\Pipeline->Illuminate\\Pipeline\\{closure}()
#31 /home/ibrohim/Backend/php/Laravel/oryx/vendor/laravel/framework/src/Illuminate/Pipeline/Pipeline.php(167): Illuminate\\Cookie\\Middleware\\EncryptCookies->handle()
#32 /home/ibrohim/Backend/php/Laravel/oryx/vendor/laravel/framework/src/Illuminate/Pipeline/Pipeline.php(103): Illuminate\\Pipeline\\Pipeline->Illuminate\\Pipeline\\{closure}()
#33 /home/ibrohim/Backend/php/Laravel/oryx/vendor/laravel/framework/src/Illuminate/Routing/Router.php(719): Illuminate\\Pipeline\\Pipeline->then()
#34 /home/ibrohim/Backend/php/Laravel/oryx/vendor/laravel/framework/src/Illuminate/Routing/Router.php(698): Illuminate\\Routing\\Router->runRouteWithinStack()
#35 /home/ibrohim/Backend/php/Laravel/oryx/vendor/laravel/framework/src/Illuminate/Routing/Router.php(662): Illuminate\\Routing\\Router->runRoute()
#36 /home/ibrohim/Backend/php/Laravel/oryx/vendor/laravel/framework/src/Illuminate/Routing/Router.php(651): Illuminate\\Routing\\Router->dispatchToRoute()
#37 /home/ibrohim/Backend/php/Laravel/oryx/vendor/laravel/framework/src/Illuminate/Foundation/Http/Kernel.php(167): Illuminate\\Routing\\Router->dispatch()
#38 /home/ibrohim/Backend/php/Laravel/oryx/vendor/laravel/framework/src/Illuminate/Pipeline/Pipeline.php(128): Illuminate\\Foundation\\Http\\Kernel->Illuminate\\Foundation\\Http\\{closure}()
#39 /home/ibrohim/Backend/php/Laravel/oryx/vendor/laravel/framework/src/Illuminate/Foundation/Http/Middleware/TransformsRequest.php(21): Illuminate\\Pipeline\\Pipeline->Illuminate\\Pipeline\\{closure}()
#40 /home/ibrohim/Backend/php/Laravel/oryx/vendor/laravel/framework/src/Illuminate/Foundation/Http/Middleware/ConvertEmptyStringsToNull.php(31): Illuminate\\Foundation\\Http\\Middleware\\TransformsRequest->handle()
#41 /home/ibrohim/Backend/php/Laravel/oryx/vendor/laravel/framework/src/Illuminate/Pipeline/Pipeline.php(167): Illuminate\\Foundation\\Http\\Middleware\\ConvertEmptyStringsToNull->handle()
#42 /home/ibrohim/Backend/php/Laravel/oryx/vendor/laravel/framework/src/Illuminate/Foundation/Http/Middleware/TransformsRequest.php(21): Illuminate\\Pipeline\\Pipeline->Illuminate\\Pipeline\\{closure}()
#43 /home/ibrohim/Backend/php/Laravel/oryx/vendor/laravel/framework/src/Illuminate/Foundation/Http/Middleware/TrimStrings.php(40): Illuminate\\Foundation\\Http\\Middleware\\TransformsRequest->handle()
#44 /home/ibrohim/Backend/php/Laravel/oryx/vendor/laravel/framework/src/Illuminate/Pipeline/Pipeline.php(167): Illuminate\\Foundation\\Http\\Middleware\\TrimStrings->handle()
#45 /home/ibrohim/Backend/php/Laravel/oryx/vendor/laravel/framework/src/Illuminate/Foundation/Http/Middleware/ValidatePostSize.php(27): Illuminate\\Pipeline\\Pipeline->Illuminate\\Pipeline\\{closure}()
#46 /home/ibrohim/Backend/php/Laravel/oryx/vendor/laravel/framework/src/Illuminate/Pipeline/Pipeline.php(167): Illuminate\\Foundation\\Http\\Middleware\\ValidatePostSize->handle()
#47 /home/ibrohim/Backend/php/Laravel/oryx/vendor/laravel/framework/src/Illuminate/Foundation/Http/Middleware/PreventRequestsDuringMaintenance.php(86): Illuminate\\Pipeline\\Pipeline->Illuminate\\Pipeline\\{closure}()
#48 /home/ibrohim/Backend/php/Laravel/oryx/vendor/laravel/framework/src/Illuminate/Pipeline/Pipeline.php(167): Illuminate\\Foundation\\Http\\Middleware\\PreventRequestsDuringMaintenance->handle()
#49 /home/ibrohim/Backend/php/Laravel/oryx/app/Http/Middleware/Cors.php(19): Illuminate\\Pipeline\\Pipeline->Illuminate\\Pipeline\\{closure}()
#50 /home/ibrohim/Backend/php/Laravel/oryx/vendor/laravel/framework/src/Illuminate/Pipeline/Pipeline.php(167): App\\Http\\Middleware\\Cors->handle()
#51 /home/ibrohim/Backend/php/Laravel/oryx/vendor/fideloper/proxy/src/TrustProxies.php(57): Illuminate\\Pipeline\\Pipeline->Illuminate\\Pipeline\\{closure}()
#52 /home/ibrohim/Backend/php/Laravel/oryx/vendor/laravel/framework/src/Illuminate/Pipeline/Pipeline.php(167): Fideloper\\Proxy\\TrustProxies->handle()
#53 /home/ibrohim/Backend/php/Laravel/oryx/vendor/laravel/framework/src/Illuminate/Pipeline/Pipeline.php(103): Illuminate\\Pipeline\\Pipeline->Illuminate\\Pipeline\\{closure}()
#54 /home/ibrohim/Backend/php/Laravel/oryx/vendor/laravel/framework/src/Illuminate/Foundation/Http/Kernel.php(142): Illuminate\\Pipeline\\Pipeline->then()
#55 /home/ibrohim/Backend/php/Laravel/oryx/vendor/laravel/framework/src/Illuminate/Foundation/Http/Kernel.php(111): Illuminate\\Foundation\\Http\\Kernel->sendRequestThroughRouter()
#56 /home/ibrohim/Backend/php/Laravel/oryx/public/index.php(51): Illuminate\\Foundation\\Http\\Kernel->handle()
#57 /home/ibrohim/Backend/php/Laravel/oryx/server.php(21): require_once('...')
#58 {main}
"} 
[2024-09-04 09:25:32] local.ERROR: Route [/] not defined. {"userId":17152,"exception":"[object] (Symfony\\Component\\Routing\\Exception\\RouteNotFoundException(code: 0): Route [/] not defined. at /home/ibrohim/Backend/php/Laravel/oryx/vendor/laravel/framework/src/Illuminate/Routing/UrlGenerator.php:444)
[stacktrace]
#0 /home/ibrohim/Backend/php/Laravel/oryx/vendor/laravel/framework/src/Illuminate/Routing/Redirector.php(176): Illuminate\\Routing\\UrlGenerator->route()
#1 /home/ibrohim/Backend/php/Laravel/oryx/app/Http/Middleware/RedirectIfAuthenticated.php(27): Illuminate\\Routing\\Redirector->route()
#2 /home/ibrohim/Backend/php/Laravel/oryx/vendor/laravel/framework/src/Illuminate/Pipeline/Pipeline.php(167): App\\Http\\Middleware\\RedirectIfAuthenticated->handle()
#3 /home/ibrohim/Backend/php/Laravel/oryx/vendor/laravel/framework/src/Illuminate/Routing/Middleware/SubstituteBindings.php(50): Illuminate\\Pipeline\\Pipeline->Illuminate\\Pipeline\\{closure}()
#4 /home/ibrohim/Backend/php/Laravel/oryx/vendor/laravel/framework/src/Illuminate/Pipeline/Pipeline.php(167): Illuminate\\Routing\\Middleware\\SubstituteBindings->handle()
#5 /home/ibrohim/Backend/php/Laravel/oryx/vendor/laravel/framework/src/Illuminate/Foundation/Http/Middleware/VerifyCsrfToken.php(78): Illuminate\\Pipeline\\Pipeline->Illuminate\\Pipeline\\{closure}()
#6 /home/ibrohim/Backend/php/Laravel/oryx/vendor/laravel/framework/src/Illuminate/Pipeline/Pipeline.php(167): Illuminate\\Foundation\\Http\\Middleware\\VerifyCsrfToken->handle()
#7 /home/ibrohim/Backend/php/Laravel/oryx/vendor/laravel/framework/src/Illuminate/View/Middleware/ShareErrorsFromSession.php(49): Illuminate\\Pipeline\\Pipeline->Illuminate\\Pipeline\\{closure}()
#8 /home/ibrohim/Backend/php/Laravel/oryx/vendor/laravel/framework/src/Illuminate/Pipeline/Pipeline.php(167): Illuminate\\View\\Middleware\\ShareErrorsFromSession->handle()
#9 /home/ibrohim/Backend/php/Laravel/oryx/vendor/laravel/framework/src/Illuminate/Session/Middleware/StartSession.php(121): Illuminate\\Pipeline\\Pipeline->Illuminate\\Pipeline\\{closure}()
#10 /home/ibrohim/Backend/php/Laravel/oryx/vendor/laravel/framework/src/Illuminate/Session/Middleware/StartSession.php(64): Illuminate\\Session\\Middleware\\StartSession->handleStatefulRequest()
#11 /home/ibrohim/Backend/php/Laravel/oryx/vendor/laravel/framework/src/Illuminate/Pipeline/Pipeline.php(167): Illuminate\\Session\\Middleware\\StartSession->handle()
#12 /home/ibrohim/Backend/php/Laravel/oryx/vendor/laravel/framework/src/Illuminate/Cookie/Middleware/AddQueuedCookiesToResponse.php(37): Illuminate\\Pipeline\\Pipeline->Illuminate\\Pipeline\\{closure}()
#13 /home/ibrohim/Backend/php/Laravel/oryx/vendor/laravel/framework/src/Illuminate/Pipeline/Pipeline.php(167): Illuminate\\Cookie\\Middleware\\AddQueuedCookiesToResponse->handle()
#14 /home/ibrohim/Backend/php/Laravel/oryx/vendor/laravel/framework/src/Illuminate/Cookie/Middleware/EncryptCookies.php(67): Illuminate\\Pipeline\\Pipeline->Illuminate\\Pipeline\\{closure}()
#15 /home/ibrohim/Backend/php/Laravel/oryx/vendor/laravel/framework/src/Illuminate/Pipeline/Pipeline.php(167): Illuminate\\Cookie\\Middleware\\EncryptCookies->handle()
#16 /home/ibrohim/Backend/php/Laravel/oryx/vendor/laravel/framework/src/Illuminate/Pipeline/Pipeline.php(103): Illuminate\\Pipeline\\Pipeline->Illuminate\\Pipeline\\{closure}()
#17 /home/ibrohim/Backend/php/Laravel/oryx/vendor/laravel/framework/src/Illuminate/Routing/Router.php(719): Illuminate\\Pipeline\\Pipeline->then()
#18 /home/ibrohim/Backend/php/Laravel/oryx/vendor/laravel/framework/src/Illuminate/Routing/Router.php(698): Illuminate\\Routing\\Router->runRouteWithinStack()
#19 /home/ibrohim/Backend/php/Laravel/oryx/vendor/laravel/framework/src/Illuminate/Routing/Router.php(662): Illuminate\\Routing\\Router->runRoute()
#20 /home/ibrohim/Backend/php/Laravel/oryx/vendor/laravel/framework/src/Illuminate/Routing/Router.php(651): Illuminate\\Routing\\Router->dispatchToRoute()
#21 /home/ibrohim/Backend/php/Laravel/oryx/vendor/laravel/framework/src/Illuminate/Foundation/Http/Kernel.php(167): Illuminate\\Routing\\Router->dispatch()
#22 /home/ibrohim/Backend/php/Laravel/oryx/vendor/laravel/framework/src/Illuminate/Pipeline/Pipeline.php(128): Illuminate\\Foundation\\Http\\Kernel->Illuminate\\Foundation\\Http\\{closure}()
#23 /home/ibrohim/Backend/php/Laravel/oryx/vendor/laravel/framework/src/Illuminate/Foundation/Http/Middleware/TransformsRequest.php(21): Illuminate\\Pipeline\\Pipeline->Illuminate\\Pipeline\\{closure}()
#24 /home/ibrohim/Backend/php/Laravel/oryx/vendor/laravel/framework/src/Illuminate/Foundation/Http/Middleware/ConvertEmptyStringsToNull.php(31): Illuminate\\Foundation\\Http\\Middleware\\TransformsRequest->handle()
#25 /home/ibrohim/Backend/php/Laravel/oryx/vendor/laravel/framework/src/Illuminate/Pipeline/Pipeline.php(167): Illuminate\\Foundation\\Http\\Middleware\\ConvertEmptyStringsToNull->handle()
#26 /home/ibrohim/Backend/php/Laravel/oryx/vendor/laravel/framework/src/Illuminate/Foundation/Http/Middleware/TransformsRequest.php(21): Illuminate\\Pipeline\\Pipeline->Illuminate\\Pipeline\\{closure}()
#27 /home/ibrohim/Backend/php/Laravel/oryx/vendor/laravel/framework/src/Illuminate/Foundation/Http/Middleware/TrimStrings.php(40): Illuminate\\Foundation\\Http\\Middleware\\TransformsRequest->handle()
#28 /home/ibrohim/Backend/php/Laravel/oryx/vendor/laravel/framework/src/Illuminate/Pipeline/Pipeline.php(167): Illuminate\\Foundation\\Http\\Middleware\\TrimStrings->handle()
#29 /home/ibrohim/Backend/php/Laravel/oryx/vendor/laravel/framework/src/Illuminate/Foundation/Http/Middleware/ValidatePostSize.php(27): Illuminate\\Pipeline\\Pipeline->Illuminate\\Pipeline\\{closure}()
#30 /home/ibrohim/Backend/php/Laravel/oryx/vendor/laravel/framework/src/Illuminate/Pipeline/Pipeline.php(167): Illuminate\\Foundation\\Http\\Middleware\\ValidatePostSize->handle()
#31 /home/ibrohim/Backend/php/Laravel/oryx/vendor/laravel/framework/src/Illuminate/Foundation/Http/Middleware/PreventRequestsDuringMaintenance.php(86): Illuminate\\Pipeline\\Pipeline->Illuminate\\Pipeline\\{closure}()
#32 /home/ibrohim/Backend/php/Laravel/oryx/vendor/laravel/framework/src/Illuminate/Pipeline/Pipeline.php(167): Illuminate\\Foundation\\Http\\Middleware\\PreventRequestsDuringMaintenance->handle()
#33 /home/ibrohim/Backend/php/Laravel/oryx/app/Http/Middleware/Cors.php(19): Illuminate\\Pipeline\\Pipeline->Illuminate\\Pipeline\\{closure}()
#34 /home/ibrohim/Backend/php/Laravel/oryx/vendor/laravel/framework/src/Illuminate/Pipeline/Pipeline.php(167): App\\Http\\Middleware\\Cors->handle()
#35 /home/ibrohim/Backend/php/Laravel/oryx/vendor/fideloper/proxy/src/TrustProxies.php(57): Illuminate\\Pipeline\\Pipeline->Illuminate\\Pipeline\\{closure}()
#36 /home/ibrohim/Backend/php/Laravel/oryx/vendor/laravel/framework/src/Illuminate/Pipeline/Pipeline.php(167): Fideloper\\Proxy\\TrustProxies->handle()
#37 /home/ibrohim/Backend/php/Laravel/oryx/vendor/laravel/framework/src/Illuminate/Pipeline/Pipeline.php(103): Illuminate\\Pipeline\\Pipeline->Illuminate\\Pipeline\\{closure}()
#38 /home/ibrohim/Backend/php/Laravel/oryx/vendor/laravel/framework/src/Illuminate/Foundation/Http/Kernel.php(142): Illuminate\\Pipeline\\Pipeline->then()
#39 /home/ibrohim/Backend/php/Laravel/oryx/vendor/laravel/framework/src/Illuminate/Foundation/Http/Kernel.php(111): Illuminate\\Foundation\\Http\\Kernel->sendRequestThroughRouter()
#40 /home/ibrohim/Backend/php/Laravel/oryx/public/index.php(51): Illuminate\\Foundation\\Http\\Kernel->handle()
#41 /home/ibrohim/Backend/php/Laravel/oryx/server.php(21): require_once('...')
#42 {main}
"} 
[2024-09-04 09:57:56] local.ERROR: SQLSTATE[HY000]: General error: 1364 Field 'text' doesn't have a default value (SQL: insert into `additional_functions` (`name`, `price`, `updated_at`, `created_at`) values (Услуга, 20$, 2024-09-04 09:57:56, 2024-09-04 09:57:56)) {"userId":15730,"exception":"[object] (Illuminate\\Database\\QueryException(code: HY000): SQLSTATE[HY000]: General error: 1364 Field 'text' doesn't have a default value (SQL: insert into `additional_functions` (`name`, `price`, `updated_at`, `created_at`) values (Услуга, 20$, 2024-09-04 09:57:56, 2024-09-04 09:57:56)) at /home/ibrohim/Backend/php/Laravel/oryx/vendor/laravel/framework/src/Illuminate/Database/Connection.php:712)
[stacktrace]
#0 /home/ibrohim/Backend/php/Laravel/oryx/vendor/laravel/framework/src/Illuminate/Database/Connection.php(672): Illuminate\\Database\\Connection->runQueryCallback()
#1 /home/ibrohim/Backend/php/Laravel/oryx/vendor/laravel/framework/src/Illuminate/Database/Connection.php(490): Illuminate\\Database\\Connection->run()
#2 /home/ibrohim/Backend/php/Laravel/oryx/vendor/laravel/framework/src/Illuminate/Database/Connection.php(454): Illuminate\\Database\\Connection->statement()
#3 /home/ibrohim/Backend/php/Laravel/oryx/vendor/laravel/framework/src/Illuminate/Database/Query/Processors/Processor.php(32): Illuminate\\Database\\Connection->insert()
#4 /home/ibrohim/Backend/php/Laravel/oryx/vendor/laravel/framework/src/Illuminate/Database/Query/Builder.php(3028): Illuminate\\Database\\Query\\Processors\\Processor->processInsertGetId()
#5 /home/ibrohim/Backend/php/Laravel/oryx/vendor/laravel/framework/src/Illuminate/Database/Eloquent/Builder.php(1657): Illuminate\\Database\\Query\\Builder->insertGetId()
#6 /home/ibrohim/Backend/php/Laravel/oryx/vendor/laravel/framework/src/Illuminate/Database/Eloquent/Model.php(1188): Illuminate\\Database\\Eloquent\\Builder->__call()
#7 /home/ibrohim/Backend/php/Laravel/oryx/vendor/laravel/framework/src/Illuminate/Database/Eloquent/Model.php(1153): Illuminate\\Database\\Eloquent\\Model->insertAndSetId()
#8 /home/ibrohim/Backend/php/Laravel/oryx/vendor/laravel/framework/src/Illuminate/Database/Eloquent/Model.php(994): Illuminate\\Database\\Eloquent\\Model->performInsert()
#9 /home/ibrohim/Backend/php/Laravel/oryx/app/Http/Controllers/Admin/AdditionalFunctionsController.php(31): Illuminate\\Database\\Eloquent\\Model->save()
#10 /home/ibrohim/Backend/php/Laravel/oryx/vendor/laravel/framework/src/Illuminate/Routing/Controller.php(54): App\\Http\\Controllers\\Admin\\AdditionalFunctionsController->storeAdditionalFunction()
#11 /home/ibrohim/Backend/php/Laravel/oryx/vendor/laravel/framework/src/Illuminate/Routing/ControllerDispatcher.php(45): Illuminate\\Routing\\Controller->callAction()
#12 /home/ibrohim/Backend/php/Laravel/oryx/vendor/laravel/framework/src/Illuminate/Routing/Route.php(261): Illuminate\\Routing\\ControllerDispatcher->dispatch()
#13 /home/ibrohim/Backend/php/Laravel/oryx/vendor/laravel/framework/src/Illuminate/Routing/Route.php(205): Illuminate\\Routing\\Route->runController()
#14 /home/ibrohim/Backend/php/Laravel/oryx/vendor/laravel/framework/src/Illuminate/Routing/Router.php(721): Illuminate\\Routing\\Route->run()
#15 /home/ibrohim/Backend/php/Laravel/oryx/vendor/laravel/framework/src/Illuminate/Pipeline/Pipeline.php(128): Illuminate\\Routing\\Router->Illuminate\\Routing\\{closure}()
#16 /home/ibrohim/Backend/php/Laravel/oryx/vendor/laravel/framework/src/Illuminate/Routing/Middleware/SubstituteBindings.php(50): Illuminate\\Pipeline\\Pipeline->Illuminate\\Pipeline\\{closure}()
#17 /home/ibrohim/Backend/php/Laravel/oryx/vendor/laravel/framework/src/Illuminate/Pipeline/Pipeline.php(167): Illuminate\\Routing\\Middleware\\SubstituteBindings->handle()
#18 /home/ibrohim/Backend/php/Laravel/oryx/vendor/laravel/framework/src/Illuminate/Auth/Middleware/Authenticate.php(44): Illuminate\\Pipeline\\Pipeline->Illuminate\\Pipeline\\{closure}()
#19 /home/ibrohim/Backend/php/Laravel/oryx/vendor/laravel/framework/src/Illuminate/Pipeline/Pipeline.php(167): Illuminate\\Auth\\Middleware\\Authenticate->handle()
#20 /home/ibrohim/Backend/php/Laravel/oryx/vendor/laravel/framework/src/Illuminate/Foundation/Http/Middleware/VerifyCsrfToken.php(78): Illuminate\\Pipeline\\Pipeline->Illuminate\\Pipeline\\{closure}()
#21 /home/ibrohim/Backend/php/Laravel/oryx/vendor/laravel/framework/src/Illuminate/Pipeline/Pipeline.php(167): Illuminate\\Foundation\\Http\\Middleware\\VerifyCsrfToken->handle()
#22 /home/ibrohim/Backend/php/Laravel/oryx/vendor/laravel/framework/src/Illuminate/View/Middleware/ShareErrorsFromSession.php(49): Illuminate\\Pipeline\\Pipeline->Illuminate\\Pipeline\\{closure}()
#23 /home/ibrohim/Backend/php/Laravel/oryx/vendor/laravel/framework/src/Illuminate/Pipeline/Pipeline.php(167): Illuminate\\View\\Middleware\\ShareErrorsFromSession->handle()
#24 /home/ibrohim/Backend/php/Laravel/oryx/vendor/laravel/framework/src/Illuminate/Session/Middleware/StartSession.php(121): Illuminate\\Pipeline\\Pipeline->Illuminate\\Pipeline\\{closure}()
#25 /home/ibrohim/Backend/php/Laravel/oryx/vendor/laravel/framework/src/Illuminate/Session/Middleware/StartSession.php(64): Illuminate\\Session\\Middleware\\StartSession->handleStatefulRequest()
#26 /home/ibrohim/Backend/php/Laravel/oryx/vendor/laravel/framework/src/Illuminate/Pipeline/Pipeline.php(167): Illuminate\\Session\\Middleware\\StartSession->handle()
#27 /home/ibrohim/Backend/php/Laravel/oryx/vendor/laravel/framework/src/Illuminate/Cookie/Middleware/AddQueuedCookiesToResponse.php(37): Illuminate\\Pipeline\\Pipeline->Illuminate\\Pipeline\\{closure}()
#28 /home/ibrohim/Backend/php/Laravel/oryx/vendor/laravel/framework/src/Illuminate/Pipeline/Pipeline.php(167): Illuminate\\Cookie\\Middleware\\AddQueuedCookiesToResponse->handle()
#29 /home/ibrohim/Backend/php/Laravel/oryx/vendor/laravel/framework/src/Illuminate/Cookie/Middleware/EncryptCookies.php(67): Illuminate\\Pipeline\\Pipeline->Illuminate\\Pipeline\\{closure}()
#30 /home/ibrohim/Backend/php/Laravel/oryx/vendor/laravel/framework/src/Illuminate/Pipeline/Pipeline.php(167): Illuminate\\Cookie\\Middleware\\EncryptCookies->handle()
#31 /home/ibrohim/Backend/php/Laravel/oryx/vendor/laravel/framework/src/Illuminate/Pipeline/Pipeline.php(103): Illuminate\\Pipeline\\Pipeline->Illuminate\\Pipeline\\{closure}()
#32 /home/ibrohim/Backend/php/Laravel/oryx/vendor/laravel/framework/src/Illuminate/Routing/Router.php(719): Illuminate\\Pipeline\\Pipeline->then()
#33 /home/ibrohim/Backend/php/Laravel/oryx/vendor/laravel/framework/src/Illuminate/Routing/Router.php(698): Illuminate\\Routing\\Router->runRouteWithinStack()
#34 /home/ibrohim/Backend/php/Laravel/oryx/vendor/laravel/framework/src/Illuminate/Routing/Router.php(662): Illuminate\\Routing\\Router->runRoute()
#35 /home/ibrohim/Backend/php/Laravel/oryx/vendor/laravel/framework/src/Illuminate/Routing/Router.php(651): Illuminate\\Routing\\Router->dispatchToRoute()
#36 /home/ibrohim/Backend/php/Laravel/oryx/vendor/laravel/framework/src/Illuminate/Foundation/Http/Kernel.php(167): Illuminate\\Routing\\Router->dispatch()
#37 /home/ibrohim/Backend/php/Laravel/oryx/vendor/laravel/framework/src/Illuminate/Pipeline/Pipeline.php(128): Illuminate\\Foundation\\Http\\Kernel->Illuminate\\Foundation\\Http\\{closure}()
#38 /home/ibrohim/Backend/php/Laravel/oryx/vendor/laravel/framework/src/Illuminate/Foundation/Http/Middleware/TransformsRequest.php(21): Illuminate\\Pipeline\\Pipeline->Illuminate\\Pipeline\\{closure}()
#39 /home/ibrohim/Backend/php/Laravel/oryx/vendor/laravel/framework/src/Illuminate/Foundation/Http/Middleware/ConvertEmptyStringsToNull.php(31): Illuminate\\Foundation\\Http\\Middleware\\TransformsRequest->handle()
#40 /home/ibrohim/Backend/php/Laravel/oryx/vendor/laravel/framework/src/Illuminate/Pipeline/Pipeline.php(167): Illuminate\\Foundation\\Http\\Middleware\\ConvertEmptyStringsToNull->handle()
#41 /home/ibrohim/Backend/php/Laravel/oryx/vendor/laravel/framework/src/Illuminate/Foundation/Http/Middleware/TransformsRequest.php(21): Illuminate\\Pipeline\\Pipeline->Illuminate\\Pipeline\\{closure}()
#42 /home/ibrohim/Backend/php/Laravel/oryx/vendor/laravel/framework/src/Illuminate/Foundation/Http/Middleware/TrimStrings.php(40): Illuminate\\Foundation\\Http\\Middleware\\TransformsRequest->handle()
#43 /home/ibrohim/Backend/php/Laravel/oryx/vendor/laravel/framework/src/Illuminate/Pipeline/Pipeline.php(167): Illuminate\\Foundation\\Http\\Middleware\\TrimStrings->handle()
#44 /home/ibrohim/Backend/php/Laravel/oryx/vendor/laravel/framework/src/Illuminate/Foundation/Http/Middleware/ValidatePostSize.php(27): Illuminate\\Pipeline\\Pipeline->Illuminate\\Pipeline\\{closure}()
#45 /home/ibrohim/Backend/php/Laravel/oryx/vendor/laravel/framework/src/Illuminate/Pipeline/Pipeline.php(167): Illuminate\\Foundation\\Http\\Middleware\\ValidatePostSize->handle()
#46 /home/ibrohim/Backend/php/Laravel/oryx/vendor/laravel/framework/src/Illuminate/Foundation/Http/Middleware/PreventRequestsDuringMaintenance.php(86): Illuminate\\Pipeline\\Pipeline->Illuminate\\Pipeline\\{closure}()
#47 /home/ibrohim/Backend/php/Laravel/oryx/vendor/laravel/framework/src/Illuminate/Pipeline/Pipeline.php(167): Illuminate\\Foundation\\Http\\Middleware\\PreventRequestsDuringMaintenance->handle()
#48 /home/ibrohim/Backend/php/Laravel/oryx/app/Http/Middleware/Cors.php(19): Illuminate\\Pipeline\\Pipeline->Illuminate\\Pipeline\\{closure}()
#49 /home/ibrohim/Backend/php/Laravel/oryx/vendor/laravel/framework/src/Illuminate/Pipeline/Pipeline.php(167): App\\Http\\Middleware\\Cors->handle()
#50 /home/ibrohim/Backend/php/Laravel/oryx/vendor/fideloper/proxy/src/TrustProxies.php(57): Illuminate\\Pipeline\\Pipeline->Illuminate\\Pipeline\\{closure}()
#51 /home/ibrohim/Backend/php/Laravel/oryx/vendor/laravel/framework/src/Illuminate/Pipeline/Pipeline.php(167): Fideloper\\Proxy\\TrustProxies->handle()
#52 /home/ibrohim/Backend/php/Laravel/oryx/vendor/laravel/framework/src/Illuminate/Pipeline/Pipeline.php(103): Illuminate\\Pipeline\\Pipeline->Illuminate\\Pipeline\\{closure}()
#53 /home/ibrohim/Backend/php/Laravel/oryx/vendor/laravel/framework/src/Illuminate/Foundation/Http/Kernel.php(142): Illuminate\\Pipeline\\Pipeline->then()
#54 /home/ibrohim/Backend/php/Laravel/oryx/vendor/laravel/framework/src/Illuminate/Foundation/Http/Kernel.php(111): Illuminate\\Foundation\\Http\\Kernel->sendRequestThroughRouter()
#55 /home/ibrohim/Backend/php/Laravel/oryx/public/index.php(51): Illuminate\\Foundation\\Http\\Kernel->handle()
#56 /home/ibrohim/Backend/php/Laravel/oryx/server.php(21): require_once('...')
#57 {main}

[previous exception] [object] (PDOException(code: HY000): SQLSTATE[HY000]: General error: 1364 Field 'text' doesn't have a default value at /home/ibrohim/Backend/php/Laravel/oryx/vendor/laravel/framework/src/Illuminate/Database/Connection.php:501)
[stacktrace]
#0 /home/ibrohim/Backend/php/Laravel/oryx/vendor/laravel/framework/src/Illuminate/Database/Connection.php(501): PDOStatement->execute()
#1 /home/ibrohim/Backend/php/Laravel/oryx/vendor/laravel/framework/src/Illuminate/Database/Connection.php(705): Illuminate\\Database\\Connection->Illuminate\\Database\\{closure}()
#2 /home/ibrohim/Backend/php/Laravel/oryx/vendor/laravel/framework/src/Illuminate/Database/Connection.php(672): Illuminate\\Database\\Connection->runQueryCallback()
#3 /home/ibrohim/Backend/php/Laravel/oryx/vendor/laravel/framework/src/Illuminate/Database/Connection.php(490): Illuminate\\Database\\Connection->run()
#4 /home/ibrohim/Backend/php/Laravel/oryx/vendor/laravel/framework/src/Illuminate/Database/Connection.php(454): Illuminate\\Database\\Connection->statement()
#5 /home/ibrohim/Backend/php/Laravel/oryx/vendor/laravel/framework/src/Illuminate/Database/Query/Processors/Processor.php(32): Illuminate\\Database\\Connection->insert()
#6 /home/ibrohim/Backend/php/Laravel/oryx/vendor/laravel/framework/src/Illuminate/Database/Query/Builder.php(3028): Illuminate\\Database\\Query\\Processors\\Processor->processInsertGetId()
#7 /home/ibrohim/Backend/php/Laravel/oryx/vendor/laravel/framework/src/Illuminate/Database/Eloquent/Builder.php(1657): Illuminate\\Database\\Query\\Builder->insertGetId()
#8 /home/ibrohim/Backend/php/Laravel/oryx/vendor/laravel/framework/src/Illuminate/Database/Eloquent/Model.php(1188): Illuminate\\Database\\Eloquent\\Builder->__call()
#9 /home/ibrohim/Backend/php/Laravel/oryx/vendor/laravel/framework/src/Illuminate/Database/Eloquent/Model.php(1153): Illuminate\\Database\\Eloquent\\Model->insertAndSetId()
#10 /home/ibrohim/Backend/php/Laravel/oryx/vendor/laravel/framework/src/Illuminate/Database/Eloquent/Model.php(994): Illuminate\\Database\\Eloquent\\Model->performInsert()
#11 /home/ibrohim/Backend/php/Laravel/oryx/app/Http/Controllers/Admin/AdditionalFunctionsController.php(31): Illuminate\\Database\\Eloquent\\Model->save()
#12 /home/ibrohim/Backend/php/Laravel/oryx/vendor/laravel/framework/src/Illuminate/Routing/Controller.php(54): App\\Http\\Controllers\\Admin\\AdditionalFunctionsController->storeAdditionalFunction()
#13 /home/ibrohim/Backend/php/Laravel/oryx/vendor/laravel/framework/src/Illuminate/Routing/ControllerDispatcher.php(45): Illuminate\\Routing\\Controller->callAction()
#14 /home/ibrohim/Backend/php/Laravel/oryx/vendor/laravel/framework/src/Illuminate/Routing/Route.php(261): Illuminate\\Routing\\ControllerDispatcher->dispatch()
#15 /home/ibrohim/Backend/php/Laravel/oryx/vendor/laravel/framework/src/Illuminate/Routing/Route.php(205): Illuminate\\Routing\\Route->runController()
#16 /home/ibrohim/Backend/php/Laravel/oryx/vendor/laravel/framework/src/Illuminate/Routing/Router.php(721): Illuminate\\Routing\\Route->run()
#17 /home/ibrohim/Backend/php/Laravel/oryx/vendor/laravel/framework/src/Illuminate/Pipeline/Pipeline.php(128): Illuminate\\Routing\\Router->Illuminate\\Routing\\{closure}()
#18 /home/ibrohim/Backend/php/Laravel/oryx/vendor/laravel/framework/src/Illuminate/Routing/Middleware/SubstituteBindings.php(50): Illuminate\\Pipeline\\Pipeline->Illuminate\\Pipeline\\{closure}()
#19 /home/ibrohim/Backend/php/Laravel/oryx/vendor/laravel/framework/src/Illuminate/Pipeline/Pipeline.php(167): Illuminate\\Routing\\Middleware\\SubstituteBindings->handle()
#20 /home/ibrohim/Backend/php/Laravel/oryx/vendor/laravel/framework/src/Illuminate/Auth/Middleware/Authenticate.php(44): Illuminate\\Pipeline\\Pipeline->Illuminate\\Pipeline\\{closure}()
#21 /home/ibrohim/Backend/php/Laravel/oryx/vendor/laravel/framework/src/Illuminate/Pipeline/Pipeline.php(167): Illuminate\\Auth\\Middleware\\Authenticate->handle()
#22 /home/ibrohim/Backend/php/Laravel/oryx/vendor/laravel/framework/src/Illuminate/Foundation/Http/Middleware/VerifyCsrfToken.php(78): Illuminate\\Pipeline\\Pipeline->Illuminate\\Pipeline\\{closure}()
#23 /home/ibrohim/Backend/php/Laravel/oryx/vendor/laravel/framework/src/Illuminate/Pipeline/Pipeline.php(167): Illuminate\\Foundation\\Http\\Middleware\\VerifyCsrfToken->handle()
#24 /home/ibrohim/Backend/php/Laravel/oryx/vendor/laravel/framework/src/Illuminate/View/Middleware/ShareErrorsFromSession.php(49): Illuminate\\Pipeline\\Pipeline->Illuminate\\Pipeline\\{closure}()
#25 /home/ibrohim/Backend/php/Laravel/oryx/vendor/laravel/framework/src/Illuminate/Pipeline/Pipeline.php(167): Illuminate\\View\\Middleware\\ShareErrorsFromSession->handle()
#26 /home/ibrohim/Backend/php/Laravel/oryx/vendor/laravel/framework/src/Illuminate/Session/Middleware/StartSession.php(121): Illuminate\\Pipeline\\Pipeline->Illuminate\\Pipeline\\{closure}()
#27 /home/ibrohim/Backend/php/Laravel/oryx/vendor/laravel/framework/src/Illuminate/Session/Middleware/StartSession.php(64): Illuminate\\Session\\Middleware\\StartSession->handleStatefulRequest()
#28 /home/ibrohim/Backend/php/Laravel/oryx/vendor/laravel/framework/src/Illuminate/Pipeline/Pipeline.php(167): Illuminate\\Session\\Middleware\\StartSession->handle()
#29 /home/ibrohim/Backend/php/Laravel/oryx/vendor/laravel/framework/src/Illuminate/Cookie/Middleware/AddQueuedCookiesToResponse.php(37): Illuminate\\Pipeline\\Pipeline->Illuminate\\Pipeline\\{closure}()
#30 /home/ibrohim/Backend/php/Laravel/oryx/vendor/laravel/framework/src/Illuminate/Pipeline/Pipeline.php(167): Illuminate\\Cookie\\Middleware\\AddQueuedCookiesToResponse->handle()
#31 /home/ibrohim/Backend/php/Laravel/oryx/vendor/laravel/framework/src/Illuminate/Cookie/Middleware/EncryptCookies.php(67): Illuminate\\Pipeline\\Pipeline->Illuminate\\Pipeline\\{closure}()
#32 /home/ibrohim/Backend/php/Laravel/oryx/vendor/laravel/framework/src/Illuminate/Pipeline/Pipeline.php(167): Illuminate\\Cookie\\Middleware\\EncryptCookies->handle()
#33 /home/ibrohim/Backend/php/Laravel/oryx/vendor/laravel/framework/src/Illuminate/Pipeline/Pipeline.php(103): Illuminate\\Pipeline\\Pipeline->Illuminate\\Pipeline\\{closure}()
#34 /home/ibrohim/Backend/php/Laravel/oryx/vendor/laravel/framework/src/Illuminate/Routing/Router.php(719): Illuminate\\Pipeline\\Pipeline->then()
#35 /home/ibrohim/Backend/php/Laravel/oryx/vendor/laravel/framework/src/Illuminate/Routing/Router.php(698): Illuminate\\Routing\\Router->runRouteWithinStack()
#36 /home/ibrohim/Backend/php/Laravel/oryx/vendor/laravel/framework/src/Illuminate/Routing/Router.php(662): Illuminate\\Routing\\Router->runRoute()
#37 /home/ibrohim/Backend/php/Laravel/oryx/vendor/laravel/framework/src/Illuminate/Routing/Router.php(651): Illuminate\\Routing\\Router->dispatchToRoute()
#38 /home/ibrohim/Backend/php/Laravel/oryx/vendor/laravel/framework/src/Illuminate/Foundation/Http/Kernel.php(167): Illuminate\\Routing\\Router->dispatch()
#39 /home/ibrohim/Backend/php/Laravel/oryx/vendor/laravel/framework/src/Illuminate/Pipeline/Pipeline.php(128): Illuminate\\Foundation\\Http\\Kernel->Illuminate\\Foundation\\Http\\{closure}()
#40 /home/ibrohim/Backend/php/Laravel/oryx/vendor/laravel/framework/src/Illuminate/Foundation/Http/Middleware/TransformsRequest.php(21): Illuminate\\Pipeline\\Pipeline->Illuminate\\Pipeline\\{closure}()
#41 /home/ibrohim/Backend/php/Laravel/oryx/vendor/laravel/framework/src/Illuminate/Foundation/Http/Middleware/ConvertEmptyStringsToNull.php(31): Illuminate\\Foundation\\Http\\Middleware\\TransformsRequest->handle()
#42 /home/ibrohim/Backend/php/Laravel/oryx/vendor/laravel/framework/src/Illuminate/Pipeline/Pipeline.php(167): Illuminate\\Foundation\\Http\\Middleware\\ConvertEmptyStringsToNull->handle()
#43 /home/ibrohim/Backend/php/Laravel/oryx/vendor/laravel/framework/src/Illuminate/Foundation/Http/Middleware/TransformsRequest.php(21): Illuminate\\Pipeline\\Pipeline->Illuminate\\Pipeline\\{closure}()
#44 /home/ibrohim/Backend/php/Laravel/oryx/vendor/laravel/framework/src/Illuminate/Foundation/Http/Middleware/TrimStrings.php(40): Illuminate\\Foundation\\Http\\Middleware\\TransformsRequest->handle()
#45 /home/ibrohim/Backend/php/Laravel/oryx/vendor/laravel/framework/src/Illuminate/Pipeline/Pipeline.php(167): Illuminate\\Foundation\\Http\\Middleware\\TrimStrings->handle()
#46 /home/ibrohim/Backend/php/Laravel/oryx/vendor/laravel/framework/src/Illuminate/Foundation/Http/Middleware/ValidatePostSize.php(27): Illuminate\\Pipeline\\Pipeline->Illuminate\\Pipeline\\{closure}()
#47 /home/ibrohim/Backend/php/Laravel/oryx/vendor/laravel/framework/src/Illuminate/Pipeline/Pipeline.php(167): Illuminate\\Foundation\\Http\\Middleware\\ValidatePostSize->handle()
#48 /home/ibrohim/Backend/php/Laravel/oryx/vendor/laravel/framework/src/Illuminate/Foundation/Http/Middleware/PreventRequestsDuringMaintenance.php(86): Illuminate\\Pipeline\\Pipeline->Illuminate\\Pipeline\\{closure}()
#49 /home/ibrohim/Backend/php/Laravel/oryx/vendor/laravel/framework/src/Illuminate/Pipeline/Pipeline.php(167): Illuminate\\Foundation\\Http\\Middleware\\PreventRequestsDuringMaintenance->handle()
#50 /home/ibrohim/Backend/php/Laravel/oryx/app/Http/Middleware/Cors.php(19): Illuminate\\Pipeline\\Pipeline->Illuminate\\Pipeline\\{closure}()
#51 /home/ibrohim/Backend/php/Laravel/oryx/vendor/laravel/framework/src/Illuminate/Pipeline/Pipeline.php(167): App\\Http\\Middleware\\Cors->handle()
#52 /home/ibrohim/Backend/php/Laravel/oryx/vendor/fideloper/proxy/src/TrustProxies.php(57): Illuminate\\Pipeline\\Pipeline->Illuminate\\Pipeline\\{closure}()
#53 /home/ibrohim/Backend/php/Laravel/oryx/vendor/laravel/framework/src/Illuminate/Pipeline/Pipeline.php(167): Fideloper\\Proxy\\TrustProxies->handle()
#54 /home/ibrohim/Backend/php/Laravel/oryx/vendor/laravel/framework/src/Illuminate/Pipeline/Pipeline.php(103): Illuminate\\Pipeline\\Pipeline->Illuminate\\Pipeline\\{closure}()
#55 /home/ibrohim/Backend/php/Laravel/oryx/vendor/laravel/framework/src/Illuminate/Foundation/Http/Kernel.php(142): Illuminate\\Pipeline\\Pipeline->then()
#56 /home/ibrohim/Backend/php/Laravel/oryx/vendor/laravel/framework/src/Illuminate/Foundation/Http/Kernel.php(111): Illuminate\\Foundation\\Http\\Kernel->sendRequestThroughRouter()
#57 /home/ibrohim/Backend/php/Laravel/oryx/public/index.php(51): Illuminate\\Foundation\\Http\\Kernel->handle()
#58 /home/ibrohim/Backend/php/Laravel/oryx/server.php(21): require_once('...')
#59 {main}
"} 
[2024-09-04 10:24:25] local.ERROR: Undefined array key 2 {"userId":15730,"exception":"[object] (ErrorException(code: 0): Undefined array key 2 at /home/ibrohim/Backend/php/Laravel/oryx/app/Http/Controllers/Admin/ParcelController.php:76)
[stacktrace]
#0 /home/ibrohim/Backend/php/Laravel/oryx/app/Http/Controllers/Admin/ParcelController.php(76): Illuminate\\Foundation\\Bootstrap\\HandleExceptions->handleError()
#1 /home/ibrohim/Backend/php/Laravel/oryx/vendor/laravel/framework/src/Illuminate/Routing/Controller.php(54): App\\Http\\Controllers\\Admin\\ParcelController->index()
#2 /home/ibrohim/Backend/php/Laravel/oryx/vendor/laravel/framework/src/Illuminate/Routing/ControllerDispatcher.php(45): Illuminate\\Routing\\Controller->callAction()
#3 /home/ibrohim/Backend/php/Laravel/oryx/vendor/laravel/framework/src/Illuminate/Routing/Route.php(261): Illuminate\\Routing\\ControllerDispatcher->dispatch()
#4 /home/ibrohim/Backend/php/Laravel/oryx/vendor/laravel/framework/src/Illuminate/Routing/Route.php(205): Illuminate\\Routing\\Route->runController()
#5 /home/ibrohim/Backend/php/Laravel/oryx/vendor/laravel/framework/src/Illuminate/Routing/Router.php(721): Illuminate\\Routing\\Route->run()
#6 /home/ibrohim/Backend/php/Laravel/oryx/vendor/laravel/framework/src/Illuminate/Pipeline/Pipeline.php(128): Illuminate\\Routing\\Router->Illuminate\\Routing\\{closure}()
#7 /home/ibrohim/Backend/php/Laravel/oryx/vendor/laravel/framework/src/Illuminate/Routing/Middleware/SubstituteBindings.php(50): Illuminate\\Pipeline\\Pipeline->Illuminate\\Pipeline\\{closure}()
#8 /home/ibrohim/Backend/php/Laravel/oryx/vendor/laravel/framework/src/Illuminate/Pipeline/Pipeline.php(167): Illuminate\\Routing\\Middleware\\SubstituteBindings->handle()
#9 /home/ibrohim/Backend/php/Laravel/oryx/vendor/laravel/framework/src/Illuminate/Auth/Middleware/Authenticate.php(44): Illuminate\\Pipeline\\Pipeline->Illuminate\\Pipeline\\{closure}()
#10 /home/ibrohim/Backend/php/Laravel/oryx/vendor/laravel/framework/src/Illuminate/Pipeline/Pipeline.php(167): Illuminate\\Auth\\Middleware\\Authenticate->handle()
#11 /home/ibrohim/Backend/php/Laravel/oryx/vendor/laravel/framework/src/Illuminate/Foundation/Http/Middleware/VerifyCsrfToken.php(78): Illuminate\\Pipeline\\Pipeline->Illuminate\\Pipeline\\{closure}()
#12 /home/ibrohim/Backend/php/Laravel/oryx/vendor/laravel/framework/src/Illuminate/Pipeline/Pipeline.php(167): Illuminate\\Foundation\\Http\\Middleware\\VerifyCsrfToken->handle()
#13 /home/ibrohim/Backend/php/Laravel/oryx/vendor/laravel/framework/src/Illuminate/View/Middleware/ShareErrorsFromSession.php(49): Illuminate\\Pipeline\\Pipeline->Illuminate\\Pipeline\\{closure}()
#14 /home/ibrohim/Backend/php/Laravel/oryx/vendor/laravel/framework/src/Illuminate/Pipeline/Pipeline.php(167): Illuminate\\View\\Middleware\\ShareErrorsFromSession->handle()
#15 /home/ibrohim/Backend/php/Laravel/oryx/vendor/laravel/framework/src/Illuminate/Session/Middleware/StartSession.php(121): Illuminate\\Pipeline\\Pipeline->Illuminate\\Pipeline\\{closure}()
#16 /home/ibrohim/Backend/php/Laravel/oryx/vendor/laravel/framework/src/Illuminate/Session/Middleware/StartSession.php(64): Illuminate\\Session\\Middleware\\StartSession->handleStatefulRequest()
#17 /home/ibrohim/Backend/php/Laravel/oryx/vendor/laravel/framework/src/Illuminate/Pipeline/Pipeline.php(167): Illuminate\\Session\\Middleware\\StartSession->handle()
#18 /home/ibrohim/Backend/php/Laravel/oryx/vendor/laravel/framework/src/Illuminate/Cookie/Middleware/AddQueuedCookiesToResponse.php(37): Illuminate\\Pipeline\\Pipeline->Illuminate\\Pipeline\\{closure}()
#19 /home/ibrohim/Backend/php/Laravel/oryx/vendor/laravel/framework/src/Illuminate/Pipeline/Pipeline.php(167): Illuminate\\Cookie\\Middleware\\AddQueuedCookiesToResponse->handle()
#20 /home/ibrohim/Backend/php/Laravel/oryx/vendor/laravel/framework/src/Illuminate/Cookie/Middleware/EncryptCookies.php(67): Illuminate\\Pipeline\\Pipeline->Illuminate\\Pipeline\\{closure}()
#21 /home/ibrohim/Backend/php/Laravel/oryx/vendor/laravel/framework/src/Illuminate/Pipeline/Pipeline.php(167): Illuminate\\Cookie\\Middleware\\EncryptCookies->handle()
#22 /home/ibrohim/Backend/php/Laravel/oryx/vendor/laravel/framework/src/Illuminate/Pipeline/Pipeline.php(103): Illuminate\\Pipeline\\Pipeline->Illuminate\\Pipeline\\{closure}()
#23 /home/ibrohim/Backend/php/Laravel/oryx/vendor/laravel/framework/src/Illuminate/Routing/Router.php(719): Illuminate\\Pipeline\\Pipeline->then()
#24 /home/ibrohim/Backend/php/Laravel/oryx/vendor/laravel/framework/src/Illuminate/Routing/Router.php(698): Illuminate\\Routing\\Router->runRouteWithinStack()
#25 /home/ibrohim/Backend/php/Laravel/oryx/vendor/laravel/framework/src/Illuminate/Routing/Router.php(662): Illuminate\\Routing\\Router->runRoute()
#26 /home/ibrohim/Backend/php/Laravel/oryx/vendor/laravel/framework/src/Illuminate/Routing/Router.php(651): Illuminate\\Routing\\Router->dispatchToRoute()
#27 /home/ibrohim/Backend/php/Laravel/oryx/vendor/laravel/framework/src/Illuminate/Foundation/Http/Kernel.php(167): Illuminate\\Routing\\Router->dispatch()
#28 /home/ibrohim/Backend/php/Laravel/oryx/vendor/laravel/framework/src/Illuminate/Pipeline/Pipeline.php(128): Illuminate\\Foundation\\Http\\Kernel->Illuminate\\Foundation\\Http\\{closure}()
#29 /home/ibrohim/Backend/php/Laravel/oryx/vendor/laravel/framework/src/Illuminate/Foundation/Http/Middleware/TransformsRequest.php(21): Illuminate\\Pipeline\\Pipeline->Illuminate\\Pipeline\\{closure}()
#30 /home/ibrohim/Backend/php/Laravel/oryx/vendor/laravel/framework/src/Illuminate/Foundation/Http/Middleware/ConvertEmptyStringsToNull.php(31): Illuminate\\Foundation\\Http\\Middleware\\TransformsRequest->handle()
#31 /home/ibrohim/Backend/php/Laravel/oryx/vendor/laravel/framework/src/Illuminate/Pipeline/Pipeline.php(167): Illuminate\\Foundation\\Http\\Middleware\\ConvertEmptyStringsToNull->handle()
#32 /home/ibrohim/Backend/php/Laravel/oryx/vendor/laravel/framework/src/Illuminate/Foundation/Http/Middleware/TransformsRequest.php(21): Illuminate\\Pipeline\\Pipeline->Illuminate\\Pipeline\\{closure}()
#33 /home/ibrohim/Backend/php/Laravel/oryx/vendor/laravel/framework/src/Illuminate/Foundation/Http/Middleware/TrimStrings.php(40): Illuminate\\Foundation\\Http\\Middleware\\TransformsRequest->handle()
#34 /home/ibrohim/Backend/php/Laravel/oryx/vendor/laravel/framework/src/Illuminate/Pipeline/Pipeline.php(167): Illuminate\\Foundation\\Http\\Middleware\\TrimStrings->handle()
#35 /home/ibrohim/Backend/php/Laravel/oryx/vendor/laravel/framework/src/Illuminate/Foundation/Http/Middleware/ValidatePostSize.php(27): Illuminate\\Pipeline\\Pipeline->Illuminate\\Pipeline\\{closure}()
#36 /home/ibrohim/Backend/php/Laravel/oryx/vendor/laravel/framework/src/Illuminate/Pipeline/Pipeline.php(167): Illuminate\\Foundation\\Http\\Middleware\\ValidatePostSize->handle()
#37 /home/ibrohim/Backend/php/Laravel/oryx/vendor/laravel/framework/src/Illuminate/Foundation/Http/Middleware/PreventRequestsDuringMaintenance.php(86): Illuminate\\Pipeline\\Pipeline->Illuminate\\Pipeline\\{closure}()
#38 /home/ibrohim/Backend/php/Laravel/oryx/vendor/laravel/framework/src/Illuminate/Pipeline/Pipeline.php(167): Illuminate\\Foundation\\Http\\Middleware\\PreventRequestsDuringMaintenance->handle()
#39 /home/ibrohim/Backend/php/Laravel/oryx/app/Http/Middleware/Cors.php(19): Illuminate\\Pipeline\\Pipeline->Illuminate\\Pipeline\\{closure}()
#40 /home/ibrohim/Backend/php/Laravel/oryx/vendor/laravel/framework/src/Illuminate/Pipeline/Pipeline.php(167): App\\Http\\Middleware\\Cors->handle()
#41 /home/ibrohim/Backend/php/Laravel/oryx/vendor/fideloper/proxy/src/TrustProxies.php(57): Illuminate\\Pipeline\\Pipeline->Illuminate\\Pipeline\\{closure}()
#42 /home/ibrohim/Backend/php/Laravel/oryx/vendor/laravel/framework/src/Illuminate/Pipeline/Pipeline.php(167): Fideloper\\Proxy\\TrustProxies->handle()
#43 /home/ibrohim/Backend/php/Laravel/oryx/vendor/laravel/framework/src/Illuminate/Pipeline/Pipeline.php(103): Illuminate\\Pipeline\\Pipeline->Illuminate\\Pipeline\\{closure}()
#44 /home/ibrohim/Backend/php/Laravel/oryx/vendor/laravel/framework/src/Illuminate/Foundation/Http/Kernel.php(142): Illuminate\\Pipeline\\Pipeline->then()
#45 /home/ibrohim/Backend/php/Laravel/oryx/vendor/laravel/framework/src/Illuminate/Foundation/Http/Kernel.php(111): Illuminate\\Foundation\\Http\\Kernel->sendRequestThroughRouter()
#46 /home/ibrohim/Backend/php/Laravel/oryx/public/index.php(51): Illuminate\\Foundation\\Http\\Kernel->handle()
#47 /home/ibrohim/Backend/php/Laravel/oryx/server.php(21): require_once('...')
#48 {main}
"} 
